<?xml version="1.0" encoding="utf-8"?><testsuites name="pytest tests"><testsuite name="pytest" errors="0" failures="0" skipped="0" tests="13" time="40.001" timestamp="2026-04-08T09:40:21.807870+00:00" hostname="agent-env-89837f4b-0050-4f7e-9f48-7ba475bd6242"><testcase classname="backend.tests.test_2fa_enforcement.TestAuthLogin2FA" name="test_login_returns_force_2fa_for_admin_with_2fa_enabled" time="0.580" /><testcase classname="backend.tests.test_2fa_enforcement.TestAuthLogin2FA" name="test_login_response_contains_totp_skip_count" time="0.355" /><testcase classname="backend.tests.test_2fa_enforcement.TestAuthMe2FA" name="test_get_me_returns_force_2fa_field" time="0.521" /><testcase classname="backend.tests.test_2fa_enforcement.Test2FAEnforcementStatus" name="test_enforcement_status_endpoint_exists" time="0.434" /><testcase classname="backend.tests.test_2fa_enforcement.Test2FASkip" name="test_skip_endpoint_exists" time="0.420" /><testcase classname="backend.tests.test_2fa_enforcement.Test2FAEmailBackupCodes" name="test_email_backup_codes_endpoint_exists" time="9.549" /><testcase classname="backend.tests.test_2fa_enforcement.Test2FAEmailBackupCodes" name="test_email_backup_codes_requires_codes" time="0.478" /><testcase classname="backend.tests.test_2fa_enforcement.TestMainSiteRequire2FA" name="test_get_main_sites_returns_require_2fa" time="0.490" /><testcase classname="backend.tests.test_2fa_enforcement.TestMainSiteRequire2FA" name="test_get_single_main_site_returns_require_2fa" time="0.600" /><testcase classname="backend.tests.test_2fa_enforcement.TestMainSiteRequire2FA" name="test_update_main_site_require_2fa" time="12.675" /><testcase classname="backend.tests.test_2fa_enforcement.TestCheck2FAEnforcementLogic" name="test_network_admin_with_2fa_enabled_not_forced" time="12.772" /><testcase classname="backend.tests.test_2fa_enforcement.TestCheck2FAEnforcementLogic" name="test_enforcement_status_matches_me_endpoint" time="0.556" /><testcase classname="backend.tests.test_2fa_enforcement.Test2FASetupEndpoints" name="test_2fa_status_endpoint" time="0.473" /></testsuite></testsuites>