<?xml version="1.0" encoding="utf-8"?><testsuites name="pytest tests"><testsuite name="pytest" errors="0" failures="0" skipped="0" tests="6" time="1.498" timestamp="2026-03-09T21:52:57.425982+00:00" hostname="agent-env-56286222-1a8b-4ee0-a79c-40f3efe0a5e0"><testcase classname="backend.tests.test_avatar_display.TestAvatarURLResolution" name="test_main_sites_users_returns_avatar_url" time="0.585" /><testcase classname="backend.tests.test_avatar_display.TestAvatarURLResolution" name="test_show_members_returns_avatar_url" time="0.116" /><testcase classname="backend.tests.test_avatar_display.TestAvatarURLResolution" name="test_avatar_endpoint_returns_image" time="0.329" /><testcase classname="backend.tests.test_avatar_display.TestAvatarURLResolution" name="test_team_users_returns_avatar_object" time="0.120" /><testcase classname="backend.tests.test_avatar_display.TestRundownAttribution" name="test_rundown_items_have_attribution_with_avatar" time="0.152" /><testcase classname="backend.tests.test_avatar_display.TestShowPresenters" name="test_show_presenters_have_avatar" time="0.127" /></testsuite></testsuites>