<?xml version="1.0" encoding="utf-8"?><testsuites name="pytest tests"><testsuite name="pytest" errors="0" failures="2" skipped="7" tests="20" time="7.332" timestamp="2026-03-01T22:30:20.562186+00:00" hostname="agent-env-5c6d1763-e6e5-40e3-87d9-15933267ceee"><testcase classname="backend.tests.test_backups.TestBackupAPIs" name="test_list_backups_for_site" time="0.584" /><testcase classname="backend.tests.test_backups.TestBackupAPIs" name="test_list_all_backups" time="0.182" /><testcase classname="backend.tests.test_backups.TestBackupAPIs" name="test_create_manual_backup" time="1.367" /><testcase classname="backend.tests.test_backups.TestBackupAPIs" name="test_create_backup_nonexistent_site" time="0.134" /><testcase classname="backend.tests.test_backups.TestBackupAPIs" name="test_restore_backup_creates_safety_backup" time="2.030" /><testcase classname="backend.tests.test_backups.TestBackupAPIs" name="test_restore_nonexistent_backup" time="0.145" /><testcase classname="backend.tests.test_backups.TestBackupAPIs" name="test_clone_main_site" time="0.152" /><testcase classname="backend.tests.test_backups.TestBackupAPIs" name="test_list_clones" time="0.110" /><testcase classname="backend.tests.test_backups.TestBackupAPIs" name="test_delete_clone" time="0.127" /><testcase classname="backend.tests.test_backups.TestBackupAPIs" name="test_delete_backup" time="1.712" /><testcase classname="backend.tests.test_backups.TestBackupAPIs" name="test_delete_nonexistent_backup" time="0.116" /><testcase classname="backend.tests.test_backups.TestBackupAPIs" name="test_non_admin_list_backups_forbidden" time="0.329"><skipped type="pytest.skip" message="Non-admin login failed: {&quot;detail&quot;:&quot;Invalid credentials&quot;}">/app/backend/tests/test_backups.py:259: Non-admin login failed: {"detail":"Invalid credentials"}</skipped></testcase><testcase classname="backend.tests.test_backups.TestBackupAPIs" name="test_non_admin_create_backup_forbidden" time="0.000"><skipped type="pytest.skip" message="Non-admin login failed: {&quot;detail&quot;:&quot;Invalid credentials&quot;}">/app/backend/tests/test_backups.py:267: Non-admin login failed: {"detail":"Invalid credentials"}</skipped></testcase><testcase classname="backend.tests.test_backups.TestBackupAPIs" name="test_non_admin_restore_forbidden" time="0.000"><skipped type="pytest.skip" message="Non-admin login failed: {&quot;detail&quot;:&quot;Invalid credentials&quot;}">/app/backend/tests/test_backups.py:275: Non-admin login failed: {"detail":"Invalid credentials"}</skipped></testcase><testcase classname="backend.tests.test_backups.TestBackupAPIs" name="test_non_admin_clone_forbidden" time="0.000"><skipped type="pytest.skip" message="Non-admin login failed: {&quot;detail&quot;:&quot;Invalid credentials&quot;}">/app/backend/tests/test_backups.py:284: Non-admin login failed: {"detail":"Invalid credentials"}</skipped></testcase><testcase classname="backend.tests.test_backups.TestBackupAPIs" name="test_non_admin_list_clones_forbidden" time="0.000"><skipped type="pytest.skip" message="Non-admin login failed: {&quot;detail&quot;:&quot;Invalid credentials&quot;}">/app/backend/tests/test_backups.py:293: Non-admin login failed: {"detail":"Invalid credentials"}</skipped></testcase><testcase classname="backend.tests.test_backups.TestBackupAPIs" name="test_non_admin_delete_backup_forbidden" time="0.000"><skipped type="pytest.skip" message="Non-admin login failed: {&quot;detail&quot;:&quot;Invalid credentials&quot;}">/app/backend/tests/test_backups.py:301: Non-admin login failed: {"detail":"Invalid credentials"}</skipped></testcase><testcase classname="backend.tests.test_backups.TestBackupAPIs" name="test_non_admin_delete_clone_forbidden" time="0.000"><skipped type="pytest.skip" message="Non-admin login failed: {&quot;detail&quot;:&quot;Invalid credentials&quot;}">/app/backend/tests/test_backups.py:309: Non-admin login failed: {"detail":"Invalid credentials"}</skipped></testcase><testcase classname="backend.tests.test_backups.TestBackupAPIs" name="test_unauthenticated_list_backups" time="0.118"><failure message="AssertionError: Expected 401, got 403&#10;assert 403 == 401&#10; +  where 403 = &lt;Response [403]&gt;.status_code">backend/tests/test_backups.py:324: in test_unauthenticated_list_backups
    assert response.status_code == 401, f"Expected 401, got {response.status_code}"
E   AssertionError: Expected 401, got 403
E   assert 403 == 401
E    +  where 403 = &lt;Response [403]&gt;.status_code</failure></testcase><testcase classname="backend.tests.test_backups.TestBackupAPIs" name="test_unauthenticated_create_backup" time="0.126"><failure message="AssertionError: Expected 401, got 403&#10;assert 403 == 401&#10; +  where 403 = &lt;Response [403]&gt;.status_code">backend/tests/test_backups.py:329: in test_unauthenticated_create_backup
    assert response.status_code == 401, f"Expected 401, got {response.status_code}"
E   AssertionError: Expected 401, got 403
E   assert 403 == 401
E    +  where 403 = &lt;Response [403]&gt;.status_code</failure></testcase></testsuite></testsuites>