<?xml version="1.0" encoding="utf-8"?><testsuites name="pytest tests"><testsuite name="pytest" errors="0" failures="0" skipped="0" tests="14" time="3.502" timestamp="2026-03-13T22:02:19.881393+00:00" hostname="agent-env-4fae537d-8aad-4f91-afc7-f58c888ac15a"><testcase classname="backend.tests.test_calendar_shows_permission_alias.TestRedactieVerantwoordelijkeShowsAccess" name="test_presenter_can_get_shows" time="0.771" /><testcase classname="backend.tests.test_calendar_shows_permission_alias.TestRedactieVerantwoordelijkeShowsAccess" name="test_presenter_can_post_shows" time="0.135" /><testcase classname="backend.tests.test_calendar_shows_permission_alias.TestRedactieVerantwoordelijkeShowsAccess" name="test_presenter_can_put_show_not_blocked_by_require_admin" time="0.127" /><testcase classname="backend.tests.test_calendar_shows_permission_alias.TestRedactieVerantwoordelijkeShowsAccess" name="test_presenter_can_delete_show_not_blocked_by_require_admin" time="0.158" /><testcase classname="backend.tests.test_calendar_shows_permission_alias.TestViewerOnlyIsBlocked" name="test_viewer_can_get_shows" time="0.510" /><testcase classname="backend.tests.test_calendar_shows_permission_alias.TestViewerOnlyIsBlocked" name="test_viewer_blocked_from_put_show" time="0.125" /><testcase classname="backend.tests.test_calendar_shows_permission_alias.TestViewerOnlyIsBlocked" name="test_viewer_blocked_from_delete_show" time="0.127" /><testcase classname="backend.tests.test_calendar_shows_permission_alias.TestViewerOnlyIsBlocked" name="test_viewer_blocked_from_post_show" time="0.120" /><testcase classname="backend.tests.test_calendar_shows_permission_alias.TestAdminFullAccess" name="test_admin_can_get_shows" time="0.532" /><testcase classname="backend.tests.test_calendar_shows_permission_alias.TestAdminFullAccess" name="test_admin_can_put_show" time="0.120" /><testcase classname="backend.tests.test_calendar_shows_permission_alias.TestAdminFullAccess" name="test_admin_can_delete_show" time="0.147" /><testcase classname="backend.tests.test_calendar_shows_permission_alias.TestMergedAliasPermissions" name="test_presenter_permissions_include_shows_alias" time="0.173" /><testcase classname="backend.tests.test_calendar_shows_permission_alias.TestMergedAliasPermissions" name="test_viewer_permissions_view_only" time="0.127" /><testcase classname="backend.tests.test_calendar_shows_permission_alias.TestPermissionMiddlewareIntegration" name="test_presenter_permission_approved_bypasses_require_admin" time="0.250" /></testsuite></testsuites>