<?xml version="1.0" encoding="utf-8"?><testsuites name="pytest tests"><testsuite name="pytest" errors="0" failures="0" skipped="0" tests="10" time="3.179" timestamp="2026-03-11T19:38:52.166116+00:00" hostname="agent-env-4fae537d-8aad-4f91-afc7-f58c888ac15a"><testcase classname="backend.tests.test_calendar_view_and_task_count.TestTaskCountExcludesDone" name="test_boards_list_returns_correct_task_count" time="0.794" /><testcase classname="backend.tests.test_calendar_view_and_task_count.TestTaskCountExcludesDone" name="test_get_all_tasks_returns_five_tasks" time="0.157" /><testcase classname="backend.tests.test_calendar_view_and_task_count.TestColumnsAPI" name="test_get_columns" time="0.144" /><testcase classname="backend.tests.test_calendar_view_and_task_count.TestColumnsAPI" name="test_done_column_exists" time="0.176" /><testcase classname="backend.tests.test_calendar_view_and_task_count.TestTaskDeadlines" name="test_tasks_have_deadlines" time="0.123" /><testcase classname="backend.tests.test_calendar_view_and_task_count.TestTaskDeadlines" name="test_task_priorities_set" time="0.127" /><testcase classname="backend.tests.test_calendar_view_and_task_count.TestBrandingProxyEndpoint" name="test_branding_endpoint_public" time="0.149" /><testcase classname="backend.tests.test_calendar_view_and_task_count.TestBrandingProxyEndpoint" name="test_branding_has_proxy_urls" time="0.129" /><testcase classname="backend.tests.test_calendar_view_and_task_count.TestBrandingProxyEndpoint" name="test_branding_file_proxy_endpoint_exists" time="1.109" /><testcase classname="backend.tests.test_calendar_view_and_task_count.TestBoardDetails" name="test_get_board" time="0.170" /></testsuite></testsuites>