<?xml version="1.0" encoding="utf-8"?><testsuites name="pytest tests"><testsuite name="pytest" errors="0" failures="4" skipped="0" tests="26" time="17.894" timestamp="2026-03-03T22:58:35.084821+00:00" hostname="agent-env-3f72cb7a-1805-49ec-bd65-d0618c5507ef"><testcase classname="tests.test_calls.TestCallsAuthentication" name="test_login_success" time="1.136" /><testcase classname="tests.test_calls.TestAudioProfiles" name="test_create_audio_profile" time="0.718" /><testcase classname="tests.test_calls.TestAudioProfiles" name="test_create_profile_minimal" time="0.720" /><testcase classname="tests.test_calls.TestAudioProfiles" name="test_list_audio_profiles" time="0.531" /><testcase classname="tests.test_calls.TestAudioProfiles" name="test_update_audio_profile" time="0.889" /><testcase classname="tests.test_calls.TestAudioProfiles" name="test_update_profile_empty_body" time="0.742" /><testcase classname="tests.test_calls.TestAudioProfiles" name="test_delete_audio_profile" time="0.808" /><testcase classname="tests.test_calls.TestAudioProfiles" name="test_delete_nonexistent_profile" time="0.506" /><testcase classname="tests.test_calls.TestCallInvites" name="test_create_invite" time="0.618" /><testcase classname="tests.test_calls.TestCallInvites" name="test_create_invite_no_label" time="0.603" /><testcase classname="tests.test_calls.TestCallInvites" name="test_list_invites" time="0.504" /><testcase classname="tests.test_calls.TestCallInvites" name="test_list_invites_filter_by_status" time="0.485" /><testcase classname="tests.test_calls.TestCallInvites" name="test_delete_invite" time="0.762" /><testcase classname="tests.test_calls.TestCallInvites" name="test_delete_nonexistent_invite" time="0.532" /><testcase classname="tests.test_calls.TestPublicCallJoin" name="test_get_invite_info_public" time="0.869" /><testcase classname="tests.test_calls.TestPublicCallJoin" name="test_get_invite_info_invalid_token" time="0.515" /><testcase classname="tests.test_calls.TestPublicCallJoin" name="test_accept_invite" time="0.875" /><testcase classname="tests.test_calls.TestPublicCallJoin" name="test_accept_invite_guest_name" time="0.830" /><testcase classname="tests.test_calls.TestPublicCallJoin" name="test_caller_end_call" time="1.024" /><testcase classname="tests.test_calls.TestCallLifecycle" name="test_host_ends_active_call" time="1.054" /><testcase classname="tests.test_calls.TestCallLifecycle" name="test_accept_already_ended_call" time="1.014" /><testcase classname="tests.test_calls.TestCallLifecycle" name="test_full_call_lifecycle" time="1.400" /><testcase classname="tests.test_calls.TestUnauthorizedAccess" name="test_profiles_requires_auth" time="0.154"><failure message="assert 403 == 401&#10; +  where 403 = &lt;Response [403]&gt;.status_code">tests/test_calls.py:698: in test_profiles_requires_auth
    assert response.status_code == 401
E   assert 403 == 401
E    +  where 403 = &lt;Response [403]&gt;.status_code</failure></testcase><testcase classname="tests.test_calls.TestUnauthorizedAccess" name="test_create_profile_requires_auth" time="0.124"><failure message="assert 403 == 401&#10; +  where 403 = &lt;Response [403]&gt;.status_code">tests/test_calls.py:706: in test_create_profile_requires_auth
    assert response.status_code == 401
E   assert 403 == 401
E    +  where 403 = &lt;Response [403]&gt;.status_code</failure></testcase><testcase classname="tests.test_calls.TestUnauthorizedAccess" name="test_invites_requires_auth" time="0.130"><failure message="assert 403 == 401&#10; +  where 403 = &lt;Response [403]&gt;.status_code">tests/test_calls.py:711: in test_invites_requires_auth
    assert response.status_code == 401
E   assert 403 == 401
E    +  where 403 = &lt;Response [403]&gt;.status_code</failure></testcase><testcase classname="tests.test_calls.TestUnauthorizedAccess" name="test_create_invite_requires_auth" time="0.114"><failure message="assert 403 == 401&#10; +  where 403 = &lt;Response [403]&gt;.status_code">tests/test_calls.py:719: in test_create_invite_requires_auth
    assert response.status_code == 401
E   assert 403 == 401
E    +  where 403 = &lt;Response [403]&gt;.status_code</failure></testcase></testsuite></testsuites>