<?xml version="1.0" encoding="utf-8"?><testsuites name="pytest tests"><testsuite name="pytest" errors="0" failures="0" skipped="0" tests="8" time="2.500" timestamp="2026-03-19T15:57:00.888348+00:00" hostname="agent-env-fbc964db-76e5-4e92-99b7-2aca92edca6c"><testcase classname="tests.test_canva_director.TestCanvaConfig" name="test_get_config_not_configured" time="0.934" /><testcase classname="tests.test_canva_director.TestCanvaConfig" name="test_put_config_saves_configuration" time="0.150" /><testcase classname="tests.test_canva_director.TestCanvaConfig" name="test_get_config_after_save" time="0.112" /><testcase classname="tests.test_canva_director.TestCanvaAuthStatus" name="test_auth_status_not_connected" time="0.152" /><testcase classname="tests.test_canva_director.TestCanvaAuthUrl" name="test_auth_url_requires_config" time="0.349" /><testcase classname="tests.test_canva_director.TestCanvaAuthUrl" name="test_auth_url_returns_url_when_configured" time="0.253" /><testcase classname="tests.test_canva_director.TestCanvaActivity" name="test_get_activity_returns_array" time="0.193" /><testcase classname="tests.test_canva_director.TestCanvaRequiresMainSite" name="test_config_requires_main_site" time="0.278" /></testsuite></testsuites>