<?xml version="1.0" encoding="utf-8"?><testsuites name="pytest tests"><testsuite name="pytest" errors="0" failures="1" skipped="0" tests="14" time="2.971" timestamp="2026-01-16T01:45:19.659876+00:00" hostname="agent-env-6b083362-72db-4f33-9910-63add10f3bf4"><testcase classname="tests.test_chat_functionality.TestChatAuthentication" name="test_login_success" time="0.293" /><testcase classname="tests.test_chat_functionality.TestChatThreads" name="test_get_team_members" time="0.311" /><testcase classname="tests.test_chat_functionality.TestChatThreads" name="test_get_chat_threads" time="0.056" /><testcase classname="tests.test_chat_functionality.TestChatThreads" name="test_get_or_create_team_thread" time="0.042" /><testcase classname="tests.test_chat_functionality.TestChatThreads" name="test_thread_has_last_message_preview" time="0.044" /><testcase classname="tests.test_chat_functionality.TestChatMessages" name="test_get_thread_messages" time="0.394" /><testcase classname="tests.test_chat_functionality.TestChatMessages" name="test_send_message" time="0.084" /><testcase classname="tests.test_chat_functionality.TestChatMessages" name="test_message_appears_in_thread_list" time="0.084" /><testcase classname="tests.test_chat_functionality.TestRealTimePolling" name="test_polling_with_after_parameter" time="0.387"><failure message="AssertionError: Polling returned message older than 'after' timestamp&#10;assert '2026-01-16T01:45:21.112941+00:00' &gt; '2026-01-16T01:45:21.112941+00:00'">tests/test_chat_functionality.py:246: in test_polling_with_after_parameter
    assert msg["created_at"] &gt; last_timestamp, "Polling returned message older than 'after' timestamp"
E   AssertionError: Polling returned message older than 'after' timestamp
E   assert '2026-01-16T01:45:21.112941+00:00' &gt; '2026-01-16T01:45:21.112941+00:00'</failure></testcase><testcase classname="tests.test_chat_functionality.TestRealTimePolling" name="test_new_message_appears_in_poll" time="0.129" /><testcase classname="tests.test_chat_functionality.TestPrivateAndGroupChats" name="test_create_private_chat" time="0.381" /><testcase classname="tests.test_chat_functionality.TestPrivateAndGroupChats" name="test_create_group_chat" time="0.038" /><testcase classname="tests.test_chat_functionality.TestMessagePreviewContent" name="test_last_message_is_actual_text" time="0.385" /><testcase classname="tests.test_chat_functionality.TestMessagePreviewContent" name="test_emoji_message_preview" time="0.124" /></testsuite></testsuites>