<?xml version="1.0" encoding="utf-8"?><testsuites name="pytest tests"><testsuite name="pytest" errors="0" failures="0" skipped="0" tests="12" time="4.777" timestamp="2026-01-31T16:32:09.735798+00:00" hostname="agent-env-669640cb-e7a5-48d4-a903-aa77b8695d68"><testcase classname="tests.test_clara_dashboard_features.TestUserPreferences" name="test_get_auth_me_returns_preferences" time="0.387" /><testcase classname="tests.test_clara_dashboard_features.TestUserPreferences" name="test_update_preferences_grouped_menu_true" time="0.352" /><testcase classname="tests.test_clara_dashboard_features.TestUserPreferences" name="test_update_preferences_grouped_menu_false" time="0.314" /><testcase classname="tests.test_clara_dashboard_features.TestUserPreferences" name="test_preferences_persist_after_update" time="0.402" /><testcase classname="tests.test_clara_dashboard_features.TestUserPreferences" name="test_invalid_preference_key_rejected" time="0.318" /><testcase classname="tests.test_clara_dashboard_features.TestUserPreferences" name="test_get_user_preferences_endpoint" time="0.344" /><testcase classname="tests.test_clara_dashboard_features.TestAdminUserSwitching" name="test_switch_user_returns_new_token" time="0.347" /><testcase classname="tests.test_clara_dashboard_features.TestAdminUserSwitching" name="test_switched_token_authenticates_as_target_user" time="0.384" /><testcase classname="tests.test_clara_dashboard_features.TestAdminUserSwitching" name="test_exit_impersonation_returns_admin_token" time="0.385" /><testcase classname="tests.test_clara_dashboard_features.TestAdminUserSwitching" name="test_switch_to_nonexistent_user_returns_404" time="0.379" /><testcase classname="tests.test_clara_dashboard_features.TestAdminUserSwitching" name="test_non_admin_cannot_switch_user" time="0.653" /><testcase classname="tests.test_clara_dashboard_features.TestTeamUsersEndpoint" name="test_get_team_users" time="0.336" /></testsuite></testsuites>