<?xml version="1.0" encoding="utf-8"?><testsuites name="pytest tests"><testsuite name="pytest" errors="0" failures="0" skipped="0" tests="19" time="3.034" timestamp="2026-03-21T11:50:49.062329+00:00" hostname="agent-env-a4cf30b6-511a-40db-8035-e8dea39dab36"><testcase classname="backend.tests.test_cloudflare_integration.TestCloudflareConfigEndpoints" name="test_get_cloudflare_config_unauthenticated" time="0.155" /><testcase classname="backend.tests.test_cloudflare_integration.TestCloudflareConfigEndpoints" name="test_get_cloudflare_config_authenticated" time="0.614" /><testcase classname="backend.tests.test_cloudflare_integration.TestCloudflareConfigEndpoints" name="test_put_cloudflare_config_unauthenticated" time="0.103" /><testcase classname="backend.tests.test_cloudflare_integration.TestCloudflareConfigEndpoints" name="test_put_cloudflare_config_save_dummy_token" time="0.119" /><testcase classname="backend.tests.test_cloudflare_integration.TestCloudflareConfigEndpoints" name="test_get_cloudflare_config_after_save" time="0.108" /><testcase classname="backend.tests.test_cloudflare_integration.TestCloudflareVerifyToken" name="test_verify_token_unauthenticated" time="0.092" /><testcase classname="backend.tests.test_cloudflare_integration.TestCloudflareVerifyToken" name="test_verify_token_with_dummy_token" time="0.273" /><testcase classname="backend.tests.test_cloudflare_integration.TestCloudflareSync" name="test_sync_unauthenticated" time="0.100" /><testcase classname="backend.tests.test_cloudflare_integration.TestCloudflareSync" name="test_sync_with_dummy_token" time="0.174" /><testcase classname="backend.tests.test_cloudflare_integration.TestCloudflareDnsRecords" name="test_dns_records_unauthenticated" time="0.104" /><testcase classname="backend.tests.test_cloudflare_integration.TestCloudflareDnsRecords" name="test_dns_records_with_dummy_token" time="0.186" /><testcase classname="backend.tests.test_cloudflare_integration.TestCloudflareDeleteRecord" name="test_delete_record_unauthenticated" time="0.114" /><testcase classname="backend.tests.test_cloudflare_integration.TestCloudflareDeleteRecord" name="test_delete_record_with_dummy_token" time="0.169" /><testcase classname="backend.tests.test_cloudflare_integration.TestCloudflareNotConfiguredScenarios" name="test_clear_cloudflare_config" time="0.115" /><testcase classname="backend.tests.test_cloudflare_integration.TestCloudflareNotConfiguredScenarios" name="test_verify_config_is_cleared" time="0.108" /><testcase classname="backend.tests.test_cloudflare_integration.TestCloudflareNotConfiguredScenarios" name="test_verify_token_not_configured" time="0.098" /><testcase classname="backend.tests.test_cloudflare_integration.TestCloudflareNotConfiguredScenarios" name="test_sync_not_configured" time="0.098" /><testcase classname="backend.tests.test_cloudflare_integration.TestCloudflareNotConfiguredScenarios" name="test_dns_records_not_configured" time="0.104" /><testcase classname="backend.tests.test_cloudflare_integration.TestDomainsOverview" name="test_domains_overview" time="0.118" /></testsuite></testsuites>