<?xml version="1.0" encoding="utf-8"?><testsuites name="pytest tests"><testsuite name="pytest" errors="0" failures="0" skipped="0" tests="8" time="1.956" timestamp="2026-03-24T22:19:36.834269+00:00" hostname="agent-env-a5507495-8db1-429a-b6e7-66bdf0f0c16c"><testcase classname="backend.tests.test_connection_suggestions.TestRadioplayerTestConnection" name="test_radioplayer_test_connection_returns_suggestion_format" time="0.677" /><testcase classname="backend.tests.test_connection_suggestions.TestCanvaTestConnection" name="test_canva_test_connection_returns_suggestion_format" time="0.136" /><testcase classname="backend.tests.test_connection_suggestions.TestVmixTestConnection" name="test_vmix_test_connection_returns_suggestion_format" time="0.133" /><testcase classname="backend.tests.test_connection_suggestions.TestCloudflareTestConnection" name="test_cloudflare_test_connection_returns_suggestion_format" time="0.122" /><testcase classname="backend.tests.test_connection_suggestions.TestSuggestionContentQuality" name="test_radioplayer_suggestions_are_english" time="0.492" /><testcase classname="backend.tests.test_connection_suggestions.TestSuggestionContentQuality" name="test_canva_suggestions_are_english" time="0.116" /><testcase classname="backend.tests.test_connection_suggestions.TestSuggestionContentQuality" name="test_vmix_suggestions_are_english" time="0.110" /><testcase classname="backend.tests.test_connection_suggestions.TestSuggestionContentQuality" name="test_cloudflare_suggestions_are_english" time="0.114" /></testsuite></testsuites>