<?xml version="1.0" encoding="utf-8"?><testsuites name="pytest tests"><testsuite name="pytest" errors="0" failures="0" skipped="0" tests="29" time="8.280" timestamp="2026-03-10T01:45:27.725648+00:00" hostname="agent-env-4fae537d-8aad-4f91-afc7-f58c888ac15a"><testcase classname="tests.test_email_branding.TestBuildInviteEmailNoFooter" name="test_invite_email_no_footer_default" time="0.245" /><testcase classname="tests.test_email_branding.TestBuildInviteEmailNoFooter" name="test_invite_email_no_footer_with_custom_brand" time="0.000" /><testcase classname="tests.test_email_branding.TestOtherEmailsWithFooter" name="test_notification_html_has_footer" time="0.000" /><testcase classname="tests.test_email_branding.TestOtherEmailsWithFooter" name="test_ticket_notification_has_footer" time="0.000" /><testcase classname="tests.test_email_branding.TestOtherEmailsWithFooter" name="test_temp_password_html_has_footer" time="0.000" /><testcase classname="tests.test_email_branding.TestOtherEmailsWithFooter" name="test_password_changed_html_has_footer" time="0.000" /><testcase classname="tests.test_email_branding.TestOtherEmailsWithFooter" name="test_approval_result_html_has_footer" time="0.000" /><testcase classname="tests.test_email_branding.TestOtherEmailsWithFooter" name="test_approval_request_html_has_footer" time="0.000" /><testcase classname="tests.test_email_branding.TestOtherEmailsWithFooter" name="test_daily_summary_html_has_footer" time="0.000" /><testcase classname="tests.test_email_branding.TestOtherEmailsWithFooter" name="test_task_status_html_has_footer" time="0.000" /><testcase classname="tests.test_email_branding.TestDynamicHeaderGeneration" name="test_header_with_brand_logo_url" time="0.000" /><testcase classname="tests.test_email_branding.TestDynamicHeaderGeneration" name="test_header_with_brand_name_only" time="0.000" /><testcase classname="tests.test_email_branding.TestDynamicHeaderGeneration" name="test_header_empty_logo_url_treated_as_none" time="0.000" /><testcase classname="tests.test_email_branding.TestDynamicHeaderGeneration" name="test_header_custom_gradient" time="0.000" /><testcase classname="tests.test_email_branding.TestGetBrandingInfo" name="test_get_branding_info_function_signature" time="0.000" /><testcase classname="tests.test_email_branding.TestGetBrandingInfo" name="test_get_branding_info_via_api" time="0.883" /><testcase classname="tests.test_email_branding.TestBuildFunctionsAcceptBrandingParams" name="test_build_notification_html_accepts_branding" time="0.000" /><testcase classname="tests.test_email_branding.TestBuildFunctionsAcceptBrandingParams" name="test_build_daily_summary_html_accepts_branding" time="0.000" /><testcase classname="tests.test_email_branding.TestBuildFunctionsAcceptBrandingParams" name="test_build_ticket_notification_html_accepts_branding" time="0.000" /><testcase classname="tests.test_email_branding.TestBuildFunctionsAcceptBrandingParams" name="test_build_temp_password_html_accepts_branding" time="0.000" /><testcase classname="tests.test_email_branding.TestBuildFunctionsAcceptBrandingParams" name="test_build_password_changed_html_accepts_branding" time="0.000" /><testcase classname="tests.test_email_branding.TestBuildFunctionsAcceptBrandingParams" name="test_build_approval_result_html_accepts_branding" time="0.000" /><testcase classname="tests.test_email_branding.TestBuildFunctionsAcceptBrandingParams" name="test_build_approval_request_html_accepts_branding" time="0.000" /><testcase classname="tests.test_email_branding.TestBuildFunctionsAcceptBrandingParams" name="test_build_task_status_html_accepts_branding" time="0.000" /><testcase classname="tests.test_email_branding.TestBuildFunctionsAcceptBrandingParams" name="test_build_invite_email_html_accepts_branding" time="0.000" /><testcase classname="tests.test_email_branding.TestInvitationEmailSubjectUsesBrandName" name="test_send_invite_email_subject_uses_brand_name" time="0.001" /><testcase classname="tests.test_email_branding.TestSendTestEmailEndpoint" name="test_send_test_email_endpoint_exists" time="6.639" /><testcase classname="tests.test_email_branding.TestSendTestEmailEndpoint" name="test_send_test_email_requires_auth" time="0.311" /><testcase classname="tests.test_email_branding.TestGetBrandingEndpoint" name="test_get_branding_public" time="0.125" /></testsuite></testsuites>