<?xml version="1.0" encoding="utf-8"?><testsuites name="pytest tests"><testsuite name="pytest" errors="0" failures="0" skipped="0" tests="21" time="10.823" timestamp="2026-03-03T22:26:42.382700+00:00" hostname="agent-env-3f72cb7a-1805-49ec-bd65-d0618c5507ef"><testcase classname="backend.tests.test_endpoint_protection.TestGetEndpointGroups" name="test_get_endpoints_returns_all_groups" time="4.150" /><testcase classname="backend.tests.test_endpoint_protection.TestGetEndpointGroups" name="test_get_endpoints_returns_public_groups_list" time="0.071" /><testcase classname="backend.tests.test_endpoint_protection.TestGetEndpointGroups" name="test_endpoint_group_structure" time="0.064" /><testcase classname="backend.tests.test_endpoint_protection.TestGetEndpointGroups" name="test_all_expected_groups_present" time="0.063" /><testcase classname="backend.tests.test_endpoint_protection.TestUpdateEndpointProtection" name="test_update_make_group_public" time="0.821" /><testcase classname="backend.tests.test_endpoint_protection.TestUpdateEndpointProtection" name="test_update_make_group_private" time="0.144" /><testcase classname="backend.tests.test_endpoint_protection.TestUpdateEndpointProtection" name="test_update_invalid_group_rejected" time="0.066" /><testcase classname="backend.tests.test_endpoint_protection.TestUpdateEndpointProtection" name="test_update_empty_public_groups_allowed" time="0.066" /><testcase classname="backend.tests.test_endpoint_protection.TestEndpointConnections" name="test_get_connections_returns_list" time="0.535" /><testcase classname="backend.tests.test_endpoint_protection.TestEndpointConnections" name="test_connections_structure_when_present" time="1.335" /><testcase classname="backend.tests.test_endpoint_protection.TestEndpointProtectionRequiresAuth" name="test_get_endpoints_requires_auth" time="0.148" /><testcase classname="backend.tests.test_endpoint_protection.TestEndpointProtectionRequiresAuth" name="test_put_endpoints_requires_auth" time="0.125" /><testcase classname="backend.tests.test_endpoint_protection.TestEndpointProtectionRequiresAuth" name="test_get_connections_requires_auth" time="0.118" /><testcase classname="backend.tests.test_endpoint_protection.TestAlwaysPublicEndpoints" name="test_health_endpoint_always_public" time="0.229" /><testcase classname="backend.tests.test_endpoint_protection.TestAlwaysPublicEndpoints" name="test_config_endpoint_always_public" time="0.111" /><testcase classname="backend.tests.test_endpoint_protection.TestAlwaysPrivateEndpoints" name="test_firewall_endpoint_always_private" time="0.123" /><testcase classname="backend.tests.test_endpoint_protection.TestAlwaysPrivateEndpoints" name="test_auth_endpoints_always_private" time="0.137" /><testcase classname="backend.tests.test_endpoint_protection.TestAlwaysPrivateEndpoints" name="test_admin_endpoint_always_private" time="0.136" /><testcase classname="backend.tests.test_endpoint_protection.TestMiddlewareEndpointEnforcement" name="test_private_endpoint_rejected_without_auth" time="0.825" /><testcase classname="backend.tests.test_endpoint_protection.TestMiddlewareEndpointEnforcement" name="test_public_endpoint_accessible_without_auth" time="0.775" /><testcase classname="backend.tests.test_endpoint_protection.TestEndpointTogglePersistence" name="test_settings_persist_after_update" time="0.591" /></testsuite></testsuites>