<?xml version="1.0" encoding="utf-8"?><testsuites name="pytest tests"><testsuite name="pytest" errors="0" failures="0" skipped="0" tests="7" time="2.888" timestamp="2026-02-06T18:25:24.572933+00:00" hostname="agent-env-53b37fde-5312-4700-9013-07840bc955a7"><testcase classname="tests.test_content_featured_image_display.TestContentFeaturedImageDisplay" name="test_get_content_endpoint_returns_200" time="0.431" /><testcase classname="tests.test_content_featured_image_display.TestContentFeaturedImageDisplay" name="test_featured_image_has_s3_url_field" time="0.395" /><testcase classname="tests.test_content_featured_image_display.TestContentFeaturedImageDisplay" name="test_s3_url_is_valid_url_when_present" time="0.391" /><testcase classname="tests.test_content_featured_image_display.TestContentFeaturedImageDisplay" name="test_external_featured_image_present_for_imported_content" time="0.388" /><testcase classname="tests.test_content_featured_image_display.TestContentFeaturedImageDisplay" name="test_featured_image_response_model_fields" time="0.376" /><testcase classname="tests.test_content_featured_image_display.TestContentFeaturedImageDisplay" name="test_content_item_model_includes_featured_image_or_external" time="0.391" /><testcase classname="tests.test_content_featured_image_display.TestGetSingleContentItem" name="test_single_content_item_has_featured_image_fields" time="0.433" /></testsuite></testsuites>