<?xml version="1.0" encoding="utf-8"?><testsuites name="pytest tests"><testsuite name="pytest" errors="0" failures="1" skipped="0" tests="21" time="4.772" timestamp="2026-01-09T21:38:36.696805+00:00" hostname="agent-env-110f2574-6717-47f8-b412-000ccda2e584"><testcase classname="tests.test_featured_images.TestFeaturedImageSetup" name="test_create_test_content" time="0.355" /><testcase classname="tests.test_featured_images.TestFeaturedImageSetup" name="test_create_test_wordpress_site" time="0.044" /><testcase classname="tests.test_featured_images.TestFeaturedImageSetup" name="test_create_second_wordpress_site" time="0.046" /><testcase classname="tests.test_featured_images.TestFeaturedImageUpload" name="test_upload_featured_image" time="0.312" /><testcase classname="tests.test_featured_images.TestFeaturedImageUpload" name="test_upload_featured_image_second_site" time="0.050" /><testcase classname="tests.test_featured_images.TestFeaturedImageUpload" name="test_upload_replaces_existing_image" time="0.044" /><testcase classname="tests.test_featured_images.TestFeaturedImageUpload" name="test_upload_invalid_file_type" time="0.042" /><testcase classname="tests.test_featured_images.TestFeaturedImageUpload" name="test_upload_to_nonexistent_content" time="0.046" /><testcase classname="tests.test_featured_images.TestFeaturedImageUpload" name="test_upload_to_nonexistent_site" time="0.042" /><testcase classname="tests.test_featured_images.TestFeaturedImageGet" name="test_get_featured_images_list" time="0.320" /><testcase classname="tests.test_featured_images.TestFeaturedImageGet" name="test_get_featured_images_nonexistent_content" time="0.039" /><testcase classname="tests.test_featured_images.TestFeaturedImageServe" name="test_serve_featured_image_file" time="0.337" /><testcase classname="tests.test_featured_images.TestFeaturedImageServe" name="test_serve_nonexistent_file" time="0.044" /><testcase classname="tests.test_featured_images.TestFeaturedImageDelete" name="test_delete_featured_image" time="0.354" /><testcase classname="tests.test_featured_images.TestFeaturedImageDelete" name="test_delete_nonexistent_featured_image" time="0.040" /><testcase classname="tests.test_featured_images.TestFeaturedImageInPublishStatus" name="test_content_detail_includes_featured_images" time="1.033"><failure message="AssertionError: assert 'featured_image' in {'content_item_id': 'f3f2fd08-8bb1-48ac-a771-914121b03504', 'created_at': '2026-01-09T21:38:39.912787+00:00', 'id': 'e0d2372e-2754-4716-9b67-1ccd38218b99', 'last_synced_at': '2026-01-09T21:38:39.912787+00:00', ...}">tests/test_featured_images.py:430: in test_content_detail_includes_featured_images
    assert "featured_image" in site_status
E   AssertionError: assert 'featured_image' in {'content_item_id': 'f3f2fd08-8bb1-48ac-a771-914121b03504', 'created_at': '2026-01-09T21:38:39.912787+00:00', 'id': 'e0d2372e-2754-4716-9b67-1ccd38218b99', 'last_synced_at': '2026-01-09T21:38:39.912787+00:00', ...}</failure></testcase><testcase classname="tests.test_featured_images.TestExistingFunctionality" name="test_content_crud_still_works" time="0.424" /><testcase classname="tests.test_featured_images.TestExistingFunctionality" name="test_wordpress_sites_crud_still_works" time="0.205" /><testcase classname="tests.test_featured_images.TestExistingFunctionality" name="test_multi_site_publishing_still_works" time="0.258" /><testcase classname="tests.test_featured_images.TestCleanup" name="test_cleanup_test_content" time="0.347" /><testcase classname="tests.test_featured_images.TestCleanup" name="test_cleanup_test_wordpress_sites" time="0.114" /></testsuite></testsuites>