<?xml version="1.0" encoding="utf-8"?><testsuites name="pytest tests"><testsuite name="pytest" errors="0" failures="0" skipped="0" tests="25" time="15.357" timestamp="2026-03-02T00:35:52.510059+00:00" hostname="agent-env-dce4e80a-6fd6-4c8d-a9bc-91b7030a03b4"><testcase classname="backend.tests.test_firewall.TestFirewallAuth" name="test_firewall_endpoints_require_auth" time="0.692" /><testcase classname="backend.tests.test_firewall.TestFirewallSettings" name="test_get_default_settings" time="0.448" /><testcase classname="backend.tests.test_firewall.TestFirewallSettings" name="test_update_brute_force_settings" time="0.492" /><testcase classname="backend.tests.test_firewall.TestFirewallSettings" name="test_update_rate_limiting_settings" time="0.461" /><testcase classname="backend.tests.test_firewall.TestFirewallSettings" name="test_update_geo_blocking_settings" time="0.461" /><testcase classname="backend.tests.test_firewall.TestFirewallRules" name="test_create_blacklist_rule" time="0.459" /><testcase classname="backend.tests.test_firewall.TestFirewallRules" name="test_create_whitelist_rule" time="0.469" /><testcase classname="backend.tests.test_firewall.TestFirewallRules" name="test_list_rules" time="0.568" /><testcase classname="backend.tests.test_firewall.TestFirewallRules" name="test_toggle_rule_active" time="0.670" /><testcase classname="backend.tests.test_firewall.TestFirewallRules" name="test_delete_rule" time="0.473" /><testcase classname="backend.tests.test_firewall.TestFirewallRules" name="test_delete_nonexistent_rule_returns_404" time="0.415" /><testcase classname="backend.tests.test_firewall.TestFirewallBlocks" name="test_manual_block_ip_permanent" time="0.563" /><testcase classname="backend.tests.test_firewall.TestFirewallBlocks" name="test_manual_block_ip_with_duration" time="1.828" /><testcase classname="backend.tests.test_firewall.TestFirewallBlocks" name="test_list_blocks_with_geo_info" time="0.644" /><testcase classname="backend.tests.test_firewall.TestFirewallBlocks" name="test_unblock_ip" time="0.699" /><testcase classname="backend.tests.test_firewall.TestFirewallBlocks" name="test_unblock_nonexistent_returns_404" time="0.424" /><testcase classname="backend.tests.test_firewall.TestSecurityLogs" name="test_get_security_logs" time="0.439" /><testcase classname="backend.tests.test_firewall.TestSecurityLogs" name="test_get_logs_filtered_by_event_type" time="0.429" /><testcase classname="backend.tests.test_firewall.TestSecurityLogs" name="test_get_logs_with_pagination" time="0.469" /><testcase classname="backend.tests.test_firewall.TestSecurityLogs" name="test_get_logs_stats" time="0.454" /><testcase classname="backend.tests.test_firewall.TestGeoLookup" name="test_geo_lookup_public_ip" time="0.506" /><testcase classname="backend.tests.test_firewall.TestGeoLookup" name="test_geo_lookup_private_ip" time="0.527" /><testcase classname="backend.tests.test_firewall.TestBruteForceIntegration" name="test_failed_login_creates_security_log" time="1.044" /><testcase classname="backend.tests.test_firewall.TestBruteForceIntegration" name="test_successful_login_creates_security_log" time="1.323" /><testcase classname="backend.tests.test_firewall.TestNonAdminAccess" name="test_non_admin_gets_403" time="0.298" /></testsuite></testsuites>