<?xml version="1.0" encoding="utf-8"?><testsuites name="pytest tests"><testsuite name="pytest" errors="0" failures="0" skipped="0" tests="11" time="1.943" timestamp="2026-04-10T21:53:58.344619+00:00" hostname="agent-env-89837f4b-0050-4f7e-9f48-7ba475bd6242"><testcase classname="tests.test_firewall_rds_features.TestFirewallStatusBulk" name="test_firewall_status_bulk_returns_200" time="0.524" /><testcase classname="tests.test_firewall_rds_features.TestFirewallStatusBulk" name="test_firewall_status_bulk_structure" time="0.145" /><testcase classname="tests.test_firewall_rds_features.TestFirewallStatusBulk" name="test_radio_bala_firewall_enabled" time="0.122" /><testcase classname="tests.test_firewall_rds_features.TestFirewallStatusBulk" name="test_mfy_grk_firewall_enabled" time="0.130" /><testcase classname="tests.test_firewall_rds_features.TestFirewallStatusBulk" name="test_dbnt_studio_firewall_disabled" time="0.116" /><testcase classname="tests.test_firewall_rds_features.TestFirewallStatusBulk" name="test_firewall_status_requires_auth" time="0.203" /><testcase classname="tests.test_firewall_rds_features.TestRDSFeatureConsolidation" name="test_radio_bala_has_single_rds_feature" time="0.134" /><testcase classname="tests.test_firewall_rds_features.TestRDSFeatureConsolidation" name="test_mfy_grk_has_single_rds_feature" time="0.119" /><testcase classname="tests.test_firewall_rds_features.TestRDSEndpoints" name="test_rds_endpoints_returns_200" time="0.122" /><testcase classname="tests.test_firewall_rds_features.TestRDSEndpoints" name="test_rds_endpoints_returns_station_data" time="0.157" /><testcase classname="tests.test_firewall_rds_features.TestCLIFeatureConfig" name="test_cli_disconnect_configuration" time="0.113" /></testsuite></testsuites>