<?xml version="1.0" encoding="utf-8"?><testsuites name="pytest tests"><testsuite name="pytest" errors="0" failures="2" skipped="8" tests="10" time="602.762" timestamp="2026-04-10T22:17:30.151957+00:00" hostname="agent-env-89837f4b-0050-4f7e-9f48-7ba475bd6242"><testcase classname="backend.tests.test_firewall_enable_rack.TestFirewallEnableRack" name="test_enable_rack_requires_auth" time="60.289"><failure message="AssertionError: Expected 401/403, got 502&#10;assert 502 in [401, 403]&#10; +  where 502 = &lt;Response [502]&gt;.status_code">backend/tests/test_firewall_enable_rack.py:64: in test_enable_rack_requires_auth
    assert response.status_code in [401, 403], f"Expected 401/403, got {response.status_code}"
E   AssertionError: Expected 401/403, got 502
E   assert 502 in [401, 403]
E    +  where 502 = &lt;Response [502]&gt;.status_code</failure></testcase><testcase classname="backend.tests.test_firewall_enable_rack.TestFirewallEnableRack" name="test_enable_rack_requires_network_admin" time="60.262"><skipped type="pytest.skip" message="Could not get network admin token">/app/backend/tests/test_firewall_enable_rack.py:73: Could not get network admin token</skipped></testcase><testcase classname="backend.tests.test_firewall_enable_rack.TestFirewallEnableRack" name="test_enable_rack_returns_400_if_no_site_ids" time="60.275"><skipped type="pytest.skip" message="Could not get network admin token">/app/backend/tests/test_firewall_enable_rack.py:94: Could not get network admin token</skipped></testcase><testcase classname="backend.tests.test_firewall_enable_rack.TestFirewallEnableRack" name="test_enable_rack_returns_422_if_missing_site_ids" time="60.289"><skipped type="pytest.skip" message="Could not get network admin token">/app/backend/tests/test_firewall_enable_rack.py:108: Could not get network admin token</skipped></testcase><testcase classname="backend.tests.test_firewall_enable_rack.TestFirewallEnableRack" name="test_enable_rack_bulk_enable" time="60.256"><skipped type="pytest.skip" message="Could not get network admin token">/app/backend/tests/test_firewall_enable_rack.py:124: Could not get network admin token</skipped></testcase><testcase classname="backend.tests.test_firewall_enable_rack.TestFirewallEnableRack" name="test_enable_rack_bulk_disable" time="60.261"><skipped type="pytest.skip" message="Could not get network admin token">/app/backend/tests/test_firewall_enable_rack.py:155: Could not get network admin token</skipped></testcase><testcase classname="backend.tests.test_firewall_enable_rack.TestFirewallEnableRack" name="test_enable_rack_reflects_in_bulk_status" time="60.233"><skipped type="pytest.skip" message="Could not get network admin token">/app/backend/tests/test_firewall_enable_rack.py:183: Could not get network admin token</skipped></testcase><testcase classname="backend.tests.test_firewall_enable_rack.TestFirewallEnableRack" name="test_enable_rack_with_system_admin" time="60.315"><skipped type="pytest.skip" message="Could not get system admin token">/app/backend/tests/test_firewall_enable_rack.py:237: Could not get system admin token</skipped></testcase><testcase classname="backend.tests.test_firewall_enable_rack.TestFirewallStatusBulk" name="test_bulk_status_requires_auth" time="60.229"><failure message="AssertionError: Expected 401/403, got 502&#10;assert 502 in [401, 403]&#10; +  where 502 = &lt;Response [502]&gt;.status_code">backend/tests/test_firewall_enable_rack.py:276: in test_bulk_status_requires_auth
    assert response.status_code in [401, 403], f"Expected 401/403, got {response.status_code}"
E   AssertionError: Expected 401/403, got 502
E   assert 502 in [401, 403]
E    +  where 502 = &lt;Response [502]&gt;.status_code</failure></testcase><testcase classname="backend.tests.test_firewall_enable_rack.TestFirewallStatusBulk" name="test_bulk_status_returns_correct_structure" time="60.252"><skipped type="pytest.skip" message="Could not get network admin token">/app/backend/tests/test_firewall_enable_rack.py:283: Could not get network admin token</skipped></testcase></testsuite></testsuites>