<?xml version="1.0" encoding="utf-8"?><testsuites name="pytest tests"><testsuite name="pytest" errors="0" failures="0" skipped="0" tests="121" time="74.018" timestamp="2026-07-06T21:54:00.427923+00:00" hostname="agent-env-cb5296ae-7662-4024-b155-dfe7d20a86ef"><testcase classname="tests.test_rds_default_show_text.TestPutDefaultText" name="test_put_sets_and_persists" time="0.711" /><testcase classname="tests.test_rds_default_show_text.TestPutDefaultText" name="test_put_trims_whitespace" time="0.113" /><testcase classname="tests.test_rds_default_show_text.TestLiveEndpointDefaultText" name="test_live_returns_db_default_text" time="0.234" /><testcase classname="tests.test_rds_default_show_text.TestLiveEndpointDefaultText" name="test_empty_default_falls_back_to_legacy" time="0.405" /><testcase classname="tests.test_rds_default_show_text.TestLiveEndpointDefaultText" name="test_mfy_legacy_fallback_when_empty" time="0.230" /><testcase classname="tests.test_rds_default_show_text.TestUnknownStation" name="test_unknown_station_returns_empty" time="0.123" /><testcase classname="tests.test_rds_default_show_text.TestPutDoesNotDestroyOtherFields" name="test_other_fields_preserved_when_updating_default_text" time="0.334" /><testcase classname="tests.test_rds_default_text_propagation.TestMonitorPropagation" name="test_put_propagates_to_monitor" time="0.664" /><testcase classname="tests.test_rds_default_text_propagation.TestMonitorPropagation" name="test_live_endpoint_matches_new_value" time="0.209" /><testcase classname="tests.test_rds_default_text_propagation.TestMonitorPropagation" name="test_monitor_cache_invalidated_on_put" time="0.465" /><testcase classname="tests.test_rds_default_text_propagation.TestLiveShowPrecedence" name="test_live_show_wins_over_default_text_put" time="0.611" /><testcase classname="tests.test_rds_default_text_propagation.TestWhitespaceFallback" name="test_whitespace_falls_back_to_legacy_on_next_tick" time="0.344" /><testcase classname="tests.test_rds_default_text_propagation.TestSequenceRefreshRegression" name="test_scheduler_tick_uses_new_default_text" time="0.245" /><testcase classname="tests.test_rds_default_text_propagation.TestClearedFieldImmediateLegacyFallback" name="test_empty_put_yields_legacy_immediately" time="0.458" /><testcase classname="tests.test_rds_default_text_propagation.TestPresenterNameProtection" name="test_presenter_name_not_overwritten_by_put" time="0.111" /><testcase classname="tests.test_rds_default_text_propagation.TestPresenterNameProtection" name="test_now_playing_not_overwritten_by_put" time="0.319" /><testcase classname="tests.test_rds_now_playing_case.TestFormatNowPlayingUnit" name="test_mixed_legacy_default" time="0.483" /><testcase classname="tests.test_rds_now_playing_case.TestFormatNowPlayingUnit" name="test_mixed_is_default_when_kwarg_omitted" time="0.000" /><testcase classname="tests.test_rds_now_playing_case.TestFormatNowPlayingUnit" name="test_upper_full_uppercase" time="0.000" /><testcase classname="tests.test_rds_now_playing_case.TestFormatNowPlayingUnit" name="test_lower_full_lowercase" time="0.000" /><testcase classname="tests.test_rds_now_playing_case.TestFormatNowPlayingUnit" name="test_sentence_title_case_both_parts" time="0.000" /><testcase classname="tests.test_rds_now_playing_case.TestFormatNowPlayingUnit" name="test_sentence_no_separator_title_cases_whole_string" time="0.000" /><testcase classname="tests.test_rds_now_playing_case.TestFormatNowPlayingUnit" name="test_empty_string_upper" time="0.000" /><testcase classname="tests.test_rds_now_playing_case.TestFormatNowPlayingUnit" name="test_empty_string_lower" time="0.000" /><testcase classname="tests.test_rds_now_playing_case.TestFormatNowPlayingUnit" name="test_empty_string_sentence" time="0.000" /><testcase classname="tests.test_rds_now_playing_case.TestFormatNowPlayingUnit" name="test_empty_string_mixed" time="0.000" /><testcase classname="tests.test_rds_now_playing_case.TestFormatNowPlayingUnit" name="test_unknown_case_falls_back_to_mixed" time="0.000" /><testcase classname="tests.test_rds_now_playing_case.TestFormatNowPlayingUnit" name="test_none_case_falls_back_to_mixed" time="0.000" /><testcase classname="tests.test_rds_now_playing_case.TestFormatNowPlayingUnit" name="test_upper_preserves_no_separator" time="0.000" /><testcase classname="tests.test_rds_now_playing_case.TestFormatNowPlayingUnit" name="test_lower_preserves_no_separator" time="0.000" /><testcase classname="tests.test_rds_now_playing_case.TestNowPlayingCasePutPersistence" name="test_put_upper_persists" time="0.607" /><testcase classname="tests.test_rds_now_playing_case.TestNowPlayingCasePutPersistence" name="test_put_lower_persists" time="0.472" /><testcase classname="tests.test_rds_now_playing_case.TestNowPlayingCasePutPersistence" name="test_put_sentence_persists" time="0.477" /><testcase classname="tests.test_rds_now_playing_case.TestNowPlayingCasePutPersistence" name="test_put_mixed_persists" time="0.474" /><testcase classname="tests.test_rds_now_playing_case.TestNowPlayingCasePutPersistence" name="test_put_invalid_sanitized_to_mixed" time="0.465" /><testcase classname="tests.test_rds_now_playing_case.TestNowPlayingCasePutPersistence" name="test_put_case_insensitive" time="0.487" /><testcase classname="tests.test_rds_now_playing_case.TestNowPlayingCasePutPersistence" name="test_put_whitespace_sanitized" time="0.468" /><testcase classname="tests.test_rds_now_playing_case.TestNowPlayingCasePutPersistence" name="test_put_case_does_not_touch_other_fields" time="0.489" /><testcase classname="tests.test_rds_now_playing_case.TestNowPlayingCaseFastPathRecache" name="test_upper_reformats_cached_song_title" time="1.963" /><testcase classname="tests.test_rds_now_playing_case.TestNowPlayingCaseFastPathRecache" name="test_lower_reformats_cached_song_title" time="1.979" /><testcase classname="tests.test_rds_now_playing_case.TestGetItemTextNowPlayingCase" name="test_mixed_unformatted_returns_empty" time="0.006" /><testcase classname="tests.test_rds_now_playing_case.TestGetItemTextNowPlayingCase" name="test_lower_returns_lowercased_title" time="0.005" /><testcase classname="tests.test_rds_now_playing_case.TestGetItemTextNowPlayingCase" name="test_upper_returns_uppercased_title" time="0.005" /><testcase classname="tests.test_rds_now_playing_case.TestGetItemTextNowPlayingCase" name="test_sentence_returns_title_cased" time="0.004" /><testcase classname="tests.test_rds_now_playing_case.TestGetItemTextNowPlayingCase" name="test_mixed_properly_formatted_returned" time="0.004" /><testcase classname="tests.test_rds_now_playing_case.TestNowPlayingEndpointCase" name="test_endpoint_returns_cached_song_title" time="1.016" /><testcase classname="tests.test_rds_now_playing_two_lines.TestFormatNowPlayingTwoLinesUnit" name="test_mixed_two_lines_true" time="0.441" /><testcase classname="tests.test_rds_now_playing_two_lines.TestFormatNowPlayingTwoLinesUnit" name="test_upper_two_lines_true" time="0.000" /><testcase classname="tests.test_rds_now_playing_two_lines.TestFormatNowPlayingTwoLinesUnit" name="test_lower_two_lines_true" time="0.000" /><testcase classname="tests.test_rds_now_playing_two_lines.TestFormatNowPlayingTwoLinesUnit" name="test_sentence_two_lines_true" time="0.000" /><testcase classname="tests.test_rds_now_playing_two_lines.TestFormatNowPlayingTwoLinesUnit" name="test_no_separator_mixed_two_lines_true" time="0.000" /><testcase classname="tests.test_rds_now_playing_two_lines.TestFormatNowPlayingTwoLinesUnit" name="test_no_separator_upper_two_lines_true" time="0.000" /><testcase classname="tests.test_rds_now_playing_two_lines.TestFormatNowPlayingTwoLinesUnit" name="test_no_separator_lower_two_lines_true" time="0.000" /><testcase classname="tests.test_rds_now_playing_two_lines.TestFormatNowPlayingTwoLinesUnit" name="test_no_separator_sentence_two_lines_true" time="0.000" /><testcase classname="tests.test_rds_now_playing_two_lines.TestFormatNowPlayingTwoLinesUnit" name="test_empty_string_two_lines_true" time="0.000" /><testcase classname="tests.test_rds_now_playing_two_lines.TestFormatNowPlayingTwoLinesUnit" name="test_backwards_compat_default_false_mixed" time="0.000" /><testcase classname="tests.test_rds_now_playing_two_lines.TestFormatNowPlayingTwoLinesUnit" name="test_backwards_compat_default_false_all_cases" time="0.000" /><testcase classname="tests.test_rds_now_playing_two_lines.TestFormatNowPlayingTwoLinesUnit" name="test_two_lines_false_explicit_matches_default" time="0.000" /><testcase classname="tests.test_rds_now_playing_two_lines" name="test_format_matrix[mixed-False]" time="0.000" /><testcase classname="tests.test_rds_now_playing_two_lines" name="test_format_matrix[mixed-True]" time="0.000" /><testcase classname="tests.test_rds_now_playing_two_lines" name="test_format_matrix[upper-False]" time="0.000" /><testcase classname="tests.test_rds_now_playing_two_lines" name="test_format_matrix[upper-True]" time="0.000" /><testcase classname="tests.test_rds_now_playing_two_lines" name="test_format_matrix[lower-False]" time="0.000" /><testcase classname="tests.test_rds_now_playing_two_lines" name="test_format_matrix[lower-True]" time="0.000" /><testcase classname="tests.test_rds_now_playing_two_lines" name="test_format_matrix[sentence-False]" time="0.000" /><testcase classname="tests.test_rds_now_playing_two_lines" name="test_format_matrix[sentence-True]" time="0.000" /><testcase classname="tests.test_rds_now_playing_two_lines.TestNowPlayingTwoLinesPutPersistence" name="test_put_two_lines_true_persists" time="0.596" /><testcase classname="tests.test_rds_now_playing_two_lines.TestNowPlayingTwoLinesPutPersistence" name="test_put_two_lines_false_persists" time="1.042" /><testcase classname="tests.test_rds_now_playing_two_lines.TestNowPlayingTwoLinesPutPersistence" name="test_put_omit_two_lines_preserves_prior_value" time="0.920" /><testcase classname="tests.test_rds_now_playing_two_lines.TestNowPlayingTwoLinesPutPersistence" name="test_put_two_lines_does_not_touch_case" time="0.908" /><testcase classname="tests.test_rds_now_playing_two_lines.TestNowPlayingTwoLinesPutPersistence" name="test_put_two_lines_does_not_touch_other_fields" time="0.465" /><testcase classname="tests.test_rds_now_playing_two_lines.TestNowPlayingTwoLinesFastPathRecache" name="test_two_lines_true_reformats_cached_song_title" time="2.449" /><testcase classname="tests.test_rds_now_playing_two_lines.TestNowPlayingTwoLinesFastPathRecache" name="test_seeded_fixture_upper_two_lines" time="2.467" /><testcase classname="tests.test_rds_now_playing_two_lines.TestNowPlayingTwoLinesFastPathRecache" name="test_monitor_cache_invalidated_on_two_lines_put" time="1.159" /><testcase classname="tests.test_rds_now_playing_two_lines.TestNowPlayingEndpointCarriesNewline" name="test_json_endpoint_returns_raw_newline" time="0.108" /><testcase classname="tests.test_rds_now_playing_two_lines.TestNowPlayingEndpointCarriesNewline" name="test_txt_endpoint_returns_raw_newline" time="1.041" /><testcase classname="tests.test_rds_two_lines_padding.TestApplyTwoLinesPadding" name="test_pad_first_part_to_width" time="0.442" /><testcase classname="tests.test_rds_two_lines_padding.TestApplyTwoLinesPadding" name="test_line_width_zero_disables" time="0.000" /><testcase classname="tests.test_rds_two_lines_padding.TestApplyTwoLinesPadding" name="test_line_width_negative_disables" time="0.000" /><testcase classname="tests.test_rds_two_lines_padding.TestApplyTwoLinesPadding" name="test_line_width_smaller_than_first_part_no_truncation" time="0.000" /><testcase classname="tests.test_rds_two_lines_padding.TestApplyTwoLinesPadding" name="test_no_separator_returns_unchanged" time="0.000" /><testcase classname="tests.test_rds_two_lines_padding.TestApplyTwoLinesPadding" name="test_empty_string_returns_empty" time="0.000" /><testcase classname="tests.test_rds_two_lines_padding.TestApplyTwoLinesPadding" name="test_whitespace_only_returns_unchanged" time="0.000" /><testcase classname="tests.test_rds_two_lines_padding.TestApplyTwoLinesPadding" name="test_already_newline_input_is_repadded" time="0.000" /><testcase classname="tests.test_rds_two_lines_padding.TestApplyTwoLinesPadding" name="test_en_dash_separator" time="0.000" /><testcase classname="tests.test_rds_two_lines_padding.TestApplyTwoLinesPadding" name="test_em_dash_separator" time="0.000" /><testcase classname="tests.test_rds_two_lines_padding.TestApplyTwoLinesPadding" name="test_exact_fit_no_padding_added" time="0.000" /><testcase classname="tests.test_rds_two_lines_padding.TestApplyTwoLinesPadding" name="test_first_separator_only" time="0.000" /><testcase classname="tests.test_rds_two_lines_padding.TestApplyTwoLinesPadding" name="test_idempotent_when_already_padded" time="0.000" /><testcase classname="tests.test_rds_two_lines_padding.TestFormatNowPlayingWithLineWidth" name="test_mixed_two_lines_exact_width" time="0.000" /><testcase classname="tests.test_rds_two_lines_padding.TestFormatNowPlayingWithLineWidth" name="test_mixed_two_lines_pads_short_artist" time="0.000" /><testcase classname="tests.test_rds_two_lines_padding.TestFormatNowPlayingWithLineWidth" name="test_padding_requires_two_lines_true" time="0.000" /><testcase classname="tests.test_rds_two_lines_padding.TestFormatNowPlayingWithLineWidth" name="test_upper_two_lines_with_padding" time="0.000" /><testcase classname="tests.test_rds_two_lines_padding.TestFormatNowPlayingWithLineWidth" name="test_lower_two_lines_with_padding" time="0.000" /><testcase classname="tests.test_rds_two_lines_padding.TestFormatNowPlayingWithLineWidth" name="test_no_separator_no_padding_two_lines_true" time="0.000" /><testcase classname="tests.test_rds_two_lines_padding.TestFormatNowPlayingWithLineWidth" name="test_sentence_two_lines_with_padding" time="0.000" /><testcase classname="tests.test_rds_two_lines_padding.TestFormatNowPlayingWithLineWidth" name="test_line_width_zero_same_as_no_padding" time="0.000" /><testcase classname="tests.test_rds_two_lines_padding.TestFormatNowPlayingWithLineWidth" name="test_regression_no_new_kwargs" time="0.000" /><testcase classname="tests.test_rds_two_lines_padding.TestFormatNowPlayingWithLineWidth" name="test_regression_all_cases_default" time="0.000" /><testcase classname="tests.test_rds_two_lines_padding.TestPutSanitisation" name="test_persist_both_fields" time="0.609" /><testcase classname="tests.test_rds_two_lines_padding.TestPutSanitisation" name="test_negative_line_width_clamps_to_zero" time="0.463" /><testcase classname="tests.test_rds_two_lines_padding.TestPutSanitisation" name="test_line_width_over_64_clamps_to_64" time="0.474" /><testcase classname="tests.test_rds_two_lines_padding.TestPutSanitisation" name="test_line_width_at_boundary_64" time="0.435" /><testcase classname="tests.test_rds_two_lines_padding.TestPutSanitisation" name="test_unknown_two_lines_types_dropped" time="0.458" /><testcase classname="tests.test_rds_two_lines_padding.TestPutSanitisation" name="test_duplicates_deduped" time="30.496" /><testcase classname="tests.test_rds_two_lines_padding.TestPutSanitisation" name="test_empty_list_persists_empty" time="0.983" /><testcase classname="tests.test_rds_two_lines_padding.TestPutSanitisation" name="test_only_two_lines_types_persists_and_keeps_legacy_flag_separate" time="1.019" /><testcase classname="tests.test_rds_two_lines_padding.TestPutSanitisation" name="test_all_five_allowed_types" time="0.441" /><testcase classname="tests.test_rds_two_lines_padding.TestApplyTypePaddingGating" name="test_type_opted_in_pads" time="0.468" /><testcase classname="tests.test_rds_two_lines_padding.TestApplyTypePaddingGating" name="test_type_not_opted_in_returns_unchanged" time="0.436" /><testcase classname="tests.test_rds_two_lines_padding.TestApplyTypePaddingGating" name="test_line_width_zero_no_padding_even_if_opted_in" time="0.457" /><testcase classname="tests.test_rds_two_lines_padding.TestApplyTypePaddingGating" name="test_no_separator_returns_unchanged" time="0.454" /><testcase classname="tests.test_rds_two_lines_padding.TestApplyTypePaddingGating" name="test_presenter_name_ampersand_not_a_separator" time="0.446" /><testcase classname="tests.test_rds_two_lines_padding.TestApplyTypePaddingGating" name="test_empty_text_returns_empty" time="0.447" /><testcase classname="tests.test_rds_two_lines_padding.TestGetItemTextWithPadding" name="test_show_name_fallback_pads_default_text" time="0.493" /><testcase classname="tests.test_rds_two_lines_padding.TestGetItemTextWithPadding" name="test_show_name_fallback_not_padded_when_only_show_name_opted_in" time="0.456" /><testcase classname="tests.test_rds_two_lines_padding.TestGetItemTextWithPadding" name="test_now_playing_padded_when_opted_in" time="0.476" /><testcase classname="tests.test_rds_two_lines_padding.TestGetItemTextWithPadding" name="test_now_playing_not_padded_when_not_opted_in" time="0.508" /><testcase classname="tests.test_rds_two_lines_padding.TestFastPathRecacheOnLineWidth" name="test_seeded_cranberries_width_15_repads" time="2.424" /><testcase classname="tests.test_rds_two_lines_padding.TestFastPathRecacheOnLineWidth" name="test_monitor_endpoint_still_responds_after_fast_path" time="0.691" /><testcase classname="tests.test_rds_two_lines_padding.TestFastPathRecacheOnLineWidth" name="test_fast_path_fires_on_two_lines_types_change" time="3.427" /></testsuite></testsuites>