<?xml version="1.0" encoding="utf-8"?><testsuites name="pytest tests"><testsuite name="pytest" errors="0" failures="0" skipped="0" tests="19" time="194.020" timestamp="2026-07-07T11:52:20.080050+00:00" hostname="agent-env-cb5296ae-7662-4024-b155-dfe7d20a86ef"><testcase classname="backend.tests.test_room_bookings.TestRoomCRUD" name="test_admin_creates_room" time="0.757" /><testcase classname="backend.tests.test_room_bookings.TestRoomCRUD" name="test_non_admin_cannot_create_room" time="91.979" /><testcase classname="backend.tests.test_room_bookings.TestRoomCRUD" name="test_list_rooms_returns_seeded_room" time="0.137" /><testcase classname="backend.tests.test_room_bookings.TestBookingCreateAndConflict" name="test_editor_creates_booking" time="0.146" /><testcase classname="backend.tests.test_room_bookings.TestBookingCreateAndConflict" name="test_overlap_blocking_booking_conflicts" time="0.143" /><testcase classname="backend.tests.test_room_bookings.TestBookingCreateAndConflict" name="test_non_blocking_booking_bypasses_conflict" time="0.105" /><testcase classname="backend.tests.test_room_bookings.TestRecurrence" name="test_weekly_recurrence_creates_siblings" time="0.259" /><testcase classname="backend.tests.test_room_bookings.TestRecurrence" name="test_recurrence_conflict_precheck_is_atomic" time="0.366" /><testcase classname="backend.tests.test_room_bookings.TestBookingUpdate" name="test_creator_can_update" time="0.107" /><testcase classname="backend.tests.test_room_bookings.TestBookingUpdate" name="test_other_non_admin_cannot_update" time="82.720" /><testcase classname="backend.tests.test_room_bookings.TestBookingUpdate" name="test_admin_can_update" time="0.175" /><testcase classname="backend.tests.test_room_bookings.TestBookingUpdate" name="test_series_update_propagates_metadata_not_times" time="0.347" /><testcase classname="backend.tests.test_room_bookings.TestBookingDelete" name="test_delete_single_of_series" time="0.222" /><testcase classname="backend.tests.test_room_bookings.TestBookingDelete" name="test_delete_series_wipes_all" time="0.225" /><testcase classname="backend.tests.test_room_bookings.TestShowsBlocksRoom" name="test_show_create_conflicts_with_booking" time="0.104" /><testcase classname="backend.tests.test_room_bookings.TestShowsBlocksRoom" name="test_show_create_non_blocking_succeeds" time="0.127" /><testcase classname="backend.tests.test_room_bookings.TestShowsBlocksRoom" name="test_show_update_with_conflict_still_409" time="15.215" /><testcase classname="backend.tests.test_room_bookings.TestRoomDeletion" name="test_delete_room_with_booking_refuses" time="0.165" /><testcase classname="backend.tests.test_room_bookings.TestRoomDeletion" name="test_delete_room_after_cleanup" time="0.586" /></testsuite></testsuites>