<?xml version="1.0" encoding="utf-8"?><testsuites name="pytest tests"><testsuite name="pytest" errors="0" failures="0" skipped="0" tests="16" time="7.743" timestamp="2026-07-01T21:16:34.267616+00:00" hostname="agent-env-cb5296ae-7662-4024-b155-dfe7d20a86ef"><testcase classname="backend.tests.test_rds_default_show_text.TestPutDefaultText" name="test_put_sets_and_persists" time="1.317" /><testcase classname="backend.tests.test_rds_default_show_text.TestPutDefaultText" name="test_put_trims_whitespace" time="0.162" /><testcase classname="backend.tests.test_rds_default_show_text.TestLiveEndpointDefaultText" name="test_live_returns_db_default_text" time="0.295" /><testcase classname="backend.tests.test_rds_default_show_text.TestLiveEndpointDefaultText" name="test_empty_default_falls_back_to_legacy" time="0.297" /><testcase classname="backend.tests.test_rds_default_show_text.TestLiveEndpointDefaultText" name="test_mfy_legacy_fallback_when_empty" time="0.330" /><testcase classname="backend.tests.test_rds_default_show_text.TestUnknownStation" name="test_unknown_station_returns_empty" time="0.172" /><testcase classname="backend.tests.test_rds_default_show_text.TestPutDoesNotDestroyOtherFields" name="test_other_fields_preserved_when_updating_default_text" time="0.436" /><testcase classname="backend.tests.test_rds_default_text_propagation.TestMonitorPropagation" name="test_put_propagates_to_monitor" time="0.815" /><testcase classname="backend.tests.test_rds_default_text_propagation.TestMonitorPropagation" name="test_live_endpoint_matches_new_value" time="0.279" /><testcase classname="backend.tests.test_rds_default_text_propagation.TestMonitorPropagation" name="test_monitor_cache_invalidated_on_put" time="0.612" /><testcase classname="backend.tests.test_rds_default_text_propagation.TestLiveShowPrecedence" name="test_live_show_wins_over_default_text_put" time="0.657" /><testcase classname="backend.tests.test_rds_default_text_propagation.TestWhitespaceFallback" name="test_whitespace_falls_back_to_legacy_on_next_tick" time="0.531" /><testcase classname="backend.tests.test_rds_default_text_propagation.TestSequenceRefreshRegression" name="test_scheduler_tick_uses_new_default_text" time="0.335" /><testcase classname="backend.tests.test_rds_default_text_propagation.TestClearedFieldImmediateLegacyFallback" name="test_empty_put_yields_legacy_immediately" time="0.759" /><testcase classname="backend.tests.test_rds_default_text_propagation.TestPresenterNameProtection" name="test_presenter_name_not_overwritten_by_put" time="0.153" /><testcase classname="backend.tests.test_rds_default_text_propagation.TestPresenterNameProtection" name="test_now_playing_not_overwritten_by_put" time="0.435" /></testsuite></testsuites>