<?xml version="1.0" encoding="utf-8"?><testsuites name="pytest tests"><testsuite name="pytest" errors="0" failures="0" skipped="0" tests="6" time="3.225" timestamp="2026-09-16T20:56:18.524859+00:00" hostname="agent-env-cb5296ae-7662-4024-b155-dfe7d20a86ef"><testcase classname="backend.tests.test_show_image_fallback_and_duplicate_titles.TestDuplicateShowTitleCreation" name="test_create_two_titles_same_name_succeeds" time="1.041" /><testcase classname="backend.tests.test_show_image_fallback_and_duplicate_titles.TestPlaceholderFallback" name="test_no_live_show_returns_packaged_placeholder" time="0.206" /><testcase classname="backend.tests.test_show_image_fallback_and_duplicate_titles.TestPresenterCompositeFallback" name="test_composite_endpoint_returns_png_scaled_by_presenter_count" time="0.485" /><testcase classname="backend.tests.test_show_image_fallback_and_duplicate_titles.TestPresenterCompositeFallback" name="test_imagejpg_redirects_to_composite_when_only_presenters" time="0.595" /><testcase classname="backend.tests.test_show_image_fallback_and_duplicate_titles.TestShowTitleImageWinsOverComposite" name="test_title_image_overrides_composite" time="0.591" /><testcase classname="backend.tests.test_show_image_fallback_and_duplicate_titles.TestShowImageBeatsTitleImage" name="test_show_image_wins" time="0.160" /></testsuite></testsuites>