<?xml version="1.0" encoding="utf-8"?><testsuites name="pytest tests"><testsuite name="pytest" errors="0" failures="0" skipped="0" tests="30" time="12.537" timestamp="2026-07-02T18:52:50.687835+00:00" hostname="agent-env-cb5296ae-7662-4024-b155-dfe7d20a86ef"><testcase classname="tests.test_rds_now_playing_two_lines.TestFormatNowPlayingTwoLinesUnit" name="test_mixed_two_lines_true" time="0.912" /><testcase classname="tests.test_rds_now_playing_two_lines.TestFormatNowPlayingTwoLinesUnit" name="test_upper_two_lines_true" time="0.000" /><testcase classname="tests.test_rds_now_playing_two_lines.TestFormatNowPlayingTwoLinesUnit" name="test_lower_two_lines_true" time="0.000" /><testcase classname="tests.test_rds_now_playing_two_lines.TestFormatNowPlayingTwoLinesUnit" name="test_sentence_two_lines_true" time="0.000" /><testcase classname="tests.test_rds_now_playing_two_lines.TestFormatNowPlayingTwoLinesUnit" name="test_no_separator_mixed_two_lines_true" time="0.000" /><testcase classname="tests.test_rds_now_playing_two_lines.TestFormatNowPlayingTwoLinesUnit" name="test_no_separator_upper_two_lines_true" time="0.000" /><testcase classname="tests.test_rds_now_playing_two_lines.TestFormatNowPlayingTwoLinesUnit" name="test_no_separator_lower_two_lines_true" time="0.000" /><testcase classname="tests.test_rds_now_playing_two_lines.TestFormatNowPlayingTwoLinesUnit" name="test_no_separator_sentence_two_lines_true" time="0.000" /><testcase classname="tests.test_rds_now_playing_two_lines.TestFormatNowPlayingTwoLinesUnit" name="test_empty_string_two_lines_true" time="0.000" /><testcase classname="tests.test_rds_now_playing_two_lines.TestFormatNowPlayingTwoLinesUnit" name="test_backwards_compat_default_false_mixed" time="0.000" /><testcase classname="tests.test_rds_now_playing_two_lines.TestFormatNowPlayingTwoLinesUnit" name="test_backwards_compat_default_false_all_cases" time="0.000" /><testcase classname="tests.test_rds_now_playing_two_lines.TestFormatNowPlayingTwoLinesUnit" name="test_two_lines_false_explicit_matches_default" time="0.000" /><testcase classname="tests.test_rds_now_playing_two_lines" name="test_format_matrix[mixed-False]" time="0.000" /><testcase classname="tests.test_rds_now_playing_two_lines" name="test_format_matrix[mixed-True]" time="0.000" /><testcase classname="tests.test_rds_now_playing_two_lines" name="test_format_matrix[upper-False]" time="0.000" /><testcase classname="tests.test_rds_now_playing_two_lines" name="test_format_matrix[upper-True]" time="0.000" /><testcase classname="tests.test_rds_now_playing_two_lines" name="test_format_matrix[lower-False]" time="0.000" /><testcase classname="tests.test_rds_now_playing_two_lines" name="test_format_matrix[lower-True]" time="0.000" /><testcase classname="tests.test_rds_now_playing_two_lines" name="test_format_matrix[sentence-False]" time="0.000" /><testcase classname="tests.test_rds_now_playing_two_lines" name="test_format_matrix[sentence-True]" time="0.000" /><testcase classname="tests.test_rds_now_playing_two_lines.TestNowPlayingTwoLinesPutPersistence" name="test_put_two_lines_true_persists" time="0.688" /><testcase classname="tests.test_rds_now_playing_two_lines.TestNowPlayingTwoLinesPutPersistence" name="test_put_two_lines_false_persists" time="1.050" /><testcase classname="tests.test_rds_now_playing_two_lines.TestNowPlayingTwoLinesPutPersistence" name="test_put_omit_two_lines_preserves_prior_value" time="0.891" /><testcase classname="tests.test_rds_now_playing_two_lines.TestNowPlayingTwoLinesPutPersistence" name="test_put_two_lines_does_not_touch_case" time="0.963" /><testcase classname="tests.test_rds_now_playing_two_lines.TestNowPlayingTwoLinesPutPersistence" name="test_put_two_lines_does_not_touch_other_fields" time="0.499" /><testcase classname="tests.test_rds_now_playing_two_lines.TestNowPlayingTwoLinesFastPathRecache" name="test_two_lines_true_reformats_cached_song_title" time="2.421" /><testcase classname="tests.test_rds_now_playing_two_lines.TestNowPlayingTwoLinesFastPathRecache" name="test_seeded_fixture_upper_two_lines" time="2.440" /><testcase classname="tests.test_rds_now_playing_two_lines.TestNowPlayingTwoLinesFastPathRecache" name="test_monitor_cache_invalidated_on_two_lines_put" time="1.175" /><testcase classname="tests.test_rds_now_playing_two_lines.TestNowPlayingEndpointCarriesNewline" name="test_json_endpoint_returns_raw_newline" time="0.110" /><testcase classname="tests.test_rds_now_playing_two_lines.TestNowPlayingEndpointCarriesNewline" name="test_txt_endpoint_returns_raw_newline" time="1.006" /></testsuite></testsuites>