<?xml version="1.0" encoding="utf-8"?><testsuites name="pytest tests"><testsuite name="pytest" errors="0" failures="0" skipped="0" tests="7" time="2.996" timestamp="2026-07-01T20:45:58.024985+00:00" hostname="agent-env-cb5296ae-7662-4024-b155-dfe7d20a86ef"><testcase classname="backend.tests.test_rds_default_show_text.TestPutDefaultText" name="test_put_sets_and_persists" time="1.093" /><testcase classname="backend.tests.test_rds_default_show_text.TestPutDefaultText" name="test_put_trims_whitespace" time="0.280" /><testcase classname="backend.tests.test_rds_default_show_text.TestLiveEndpointDefaultText" name="test_live_returns_db_default_text" time="0.368" /><testcase classname="backend.tests.test_rds_default_show_text.TestLiveEndpointDefaultText" name="test_empty_default_falls_back_to_legacy" time="0.289" /><testcase classname="backend.tests.test_rds_default_show_text.TestLiveEndpointDefaultText" name="test_mfy_legacy_fallback_when_empty" time="0.290" /><testcase classname="backend.tests.test_rds_default_show_text.TestUnknownStation" name="test_unknown_station_returns_empty" time="0.151" /><testcase classname="backend.tests.test_rds_default_show_text.TestPutDoesNotDestroyOtherFields" name="test_other_fields_preserved_when_updating_default_text" time="0.459" /></testsuite></testsuites>