<?xml version="1.0" encoding="utf-8"?><testsuites name="pytest tests"><testsuite name="pytest" errors="0" failures="0" skipped="0" tests="7" time="3.125" timestamp="2026-09-16T20:59:49.145154+00:00" hostname="agent-env-cb5296ae-7662-4024-b155-dfe7d20a86ef"><testcase classname="tests.test_iteration170_avatar_subdoc_and_absolute_redirect.TestAbsoluteRedirectTarget" name="test_image_jpg_redirect_to_absolute_path" time="0.373" /><testcase classname="tests.test_iteration170_avatar_subdoc_and_absolute_redirect.TestAvatarFileKeyFromDisk" name="test_composite_from_avatar_subdoc_file_key" time="0.321" /><testcase classname="tests.test_iteration170_avatar_subdoc_and_absolute_redirect.TestAvatarFileKeyFromDisk" name="test_composite_width_scales_with_presenter_count" time="0.271" /><testcase classname="tests.test_iteration170_avatar_subdoc_and_absolute_redirect.TestMixedAvatarPopulations" name="test_mixed_legacy_and_modern_avatars_composite_ok" time="0.374" /><testcase classname="tests.test_iteration170_avatar_subdoc_and_absolute_redirect.TestImageJpgFollowsToComposite" name="test_full_follow_returns_rgba_png" time="0.361" /><testcase classname="tests.test_iteration170_avatar_subdoc_and_absolute_redirect.TestNoAvatarsPlaceholder" name="test_show_with_presenters_no_avatars_returns_placeholder" time="0.164" /><testcase classname="tests.test_iteration170_avatar_subdoc_and_absolute_redirect.TestDuplicateShowTitleCreation" name="test_duplicate_names_both_succeed" time="0.995" /></testsuite></testsuites>