<?xml version="1.0" encoding="utf-8"?><testsuites name="pytest tests"><testsuite name="pytest" errors="0" failures="0" skipped="0" tests="14" time="8.317" timestamp="2026-03-21T01:06:57.937792+00:00" hostname="agent-env-5cc4587b-bbab-49a3-ac4b-a9723b81d42a"><testcase classname="backend.tests.test_license_cli_fix.TestLicenseCLIFix" name="test_cli_license_packages_lists_3_packages" time="0.710" /><testcase classname="backend.tests.test_license_cli_fix.TestLicenseCLIFix" name="test_cli_license_info_shows_license_or_no_license" time="0.501" /><testcase classname="backend.tests.test_license_cli_fix.TestLicenseCLIFix" name="test_cli_license_assign_creates_with_correct_fields" time="0.748" /><testcase classname="backend.tests.test_license_cli_fix.TestLicenseCLIFix" name="test_cli_license_assign_yearly" time="0.614" /><testcase classname="backend.tests.test_license_cli_fix.TestLicenseCLIFix" name="test_cli_license_assign_lifetime" time="0.666" /><testcase classname="backend.tests.test_license_cli_fix.TestLicenseCLIFix" name="test_cli_license_remove_works" time="0.605" /><testcase classname="backend.tests.test_license_cli_fix.TestLicenseCLIFix" name="test_rest_api_licenses_overview" time="0.483" /><testcase classname="backend.tests.test_license_cli_fix.TestLicenseCLIFix" name="test_rest_api_licenses_assignments" time="0.470" /><testcase classname="backend.tests.test_license_cli_fix.TestLicenseCLIFix" name="test_rest_api_create_assignment_visible_to_cli" time="0.674" /><testcase classname="backend.tests.test_license_cli_fix.TestLicenseCLIFix" name="test_cross_compatibility_cli_to_rest" time="0.648" /><testcase classname="backend.tests.test_license_cli_fix.TestLicenseCLIFix" name="test_cross_compatibility_rest_to_cli" time="0.687" /><testcase classname="backend.tests.test_license_cli_fix.TestLicenseCLIFix" name="test_site_info_shows_license_status" time="0.570" /><testcase classname="backend.tests.test_license_cli_fix.TestLicensePackages" name="test_packages_endpoint_returns_3_defaults" time="0.381" /><testcase classname="backend.tests.test_license_cli_fix.TestLicensePackages" name="test_packages_have_required_fields" time="0.456" /></testsuite></testsuites>