<?xml version="1.0" encoding="utf-8"?><testsuites name="pytest tests"><testsuite name="pytest" errors="0" failures="0" skipped="0" tests="6" time="85.967" timestamp="2026-03-19T13:23:57.212080+00:00" hostname="agent-env-fbc964db-76e5-4e92-99b7-2aca92edca6c"><testcase classname="tests.test_license_requests.TestLicenseRequests" name="test_01_get_license_requests_endpoint" time="1.092" /><testcase classname="tests.test_license_requests.TestLicenseRequests" name="test_02_create_site_creates_license_request" time="12.558" /><testcase classname="tests.test_license_requests.TestLicenseRequests" name="test_03_approve_license_request" time="18.829" /><testcase classname="tests.test_license_requests.TestLicenseRequests" name="test_04_deny_license_request" time="28.313" /><testcase classname="tests.test_license_requests.TestLicenseRequests" name="test_05_invalid_status_rejected" time="19.144" /><testcase classname="tests.test_license_requests.TestLicenseRequests" name="test_06_nonexistent_request_returns_404" time="5.970" /></testsuite></testsuites>