<?xml version="1.0" encoding="utf-8"?><testsuites name="pytest tests"><testsuite name="pytest" errors="0" failures="0" skipped="0" tests="8" time="15.801" timestamp="2026-06-27T13:13:00.013615+00:00" hostname="agent-env-cb5296ae-7662-4024-b155-dfe7d20a86ef"><testcase classname="tests.test_liveblog_publish_flow.TestCreateEntryAutoPublish" name="test_default_publish_true" time="15.523" /><testcase classname="tests.test_liveblog_publish_flow.TestCreateEntryAutoPublish" name="test_explicit_draft_publish_false" time="0.012" /><testcase classname="tests.test_liveblog_publish_flow.TestCreateEntryAutoPublish" name="test_image_rights_missing_forces_draft" time="0.011" /><testcase classname="tests.test_liveblog_publish_flow.TestCreateEntryAutoPublish" name="test_image_with_credit_auto_publishes" time="0.008" /><testcase classname="tests.test_liveblog_publish_flow.TestPublishAllDrafts" name="test_bulk_publish" time="0.034" /><testcase classname="tests.test_liveblog_publish_flow.TestPublicNewsLiveblog" name="test_auto_published_entry_visible_on_public_detail" time="0.028" /><testcase classname="tests.test_liveblog_publish_flow.TestPublicNewsLiveblog" name="test_draft_not_visible_publicly_but_visible_to_admin" time="0.033" /><testcase classname="tests.test_liveblog_publish_flow.TestPublishEntryRightsGate" name="test_publish_endpoint_blocks_missing_credit" time="0.018" /></testsuite></testsuites>