<?xml version="1.0" encoding="utf-8"?><testsuites name="pytest tests"><testsuite name="pytest" errors="0" failures="0" skipped="0" tests="11" time="43.208" timestamp="2026-03-17T19:30:02.083988+00:00" hostname="agent-env-659839f8-ee95-46d9-9019-bbfaf62f383a"><testcase classname="backend.tests.test_media_upload_video.TestMediaUploadAudioVideo" name="test_auth_works" time="0.618" /><testcase classname="backend.tests.test_media_upload_video.TestMediaUploadAudioVideo" name="test_get_media_assets" time="0.558" /><testcase classname="backend.tests.test_media_upload_video.TestMediaUploadAudioVideo" name="test_get_media_filter_audio" time="0.559" /><testcase classname="backend.tests.test_media_upload_video.TestMediaUploadAudioVideo" name="test_get_media_filter_video" time="0.522" /><testcase classname="backend.tests.test_media_upload_video.TestMediaUploadAudioVideo" name="test_upload_small_audio_mp3" time="7.856" /><testcase classname="backend.tests.test_media_upload_video.TestMediaUploadAudioVideo" name="test_upload_small_video_mp4" time="7.565" /><testcase classname="backend.tests.test_media_upload_video.TestMediaUploadAudioVideo" name="test_upload_video_mov" time="1.282" /><testcase classname="backend.tests.test_media_upload_video.TestMediaUploadAudioVideo" name="test_upload_video_webm" time="7.123" /><testcase classname="backend.tests.test_media_upload_video.TestMediaUploadAudioVideo" name="test_upload_10mb_audio_file" time="10.163" /><testcase classname="backend.tests.test_media_upload_video.TestMediaUploadAudioVideo" name="test_backend_accepts_video_types" time="6.150" /><testcase classname="backend.tests.test_media_upload_video.TestMediaUploadAudioVideo" name="test_media_serve_endpoint" time="0.741" /></testsuite></testsuites>