<?xml version="1.0" encoding="utf-8"?><testsuites name="pytest tests"><testsuite name="pytest" errors="0" failures="0" skipped="0" tests="18" time="2.039" timestamp="2026-02-01T13:14:16.196957+00:00" hostname="agent-env-5d9044e7-b110-464d-bbbc-bc3dff4833b0"><testcase classname="tests.test_media_share.TestMediaShareEndpoints" name="test_get_share_link_no_existing_link" time="0.444" /><testcase classname="tests.test_media_share.TestMediaShareEndpoints" name="test_create_share_link" time="0.085" /><testcase classname="tests.test_media_share.TestMediaShareEndpoints" name="test_create_share_link_returns_existing" time="0.088" /><testcase classname="tests.test_media_share.TestMediaShareEndpoints" name="test_create_share_link_nonexistent_asset" time="0.035" /><testcase classname="tests.test_media_share.TestMediaShareEndpoints" name="test_get_share_link_with_existing_link" time="0.085" /><testcase classname="tests.test_media_share.TestMediaShareEndpoints" name="test_public_share_access" time="0.074" /><testcase classname="tests.test_media_share.TestMediaShareEndpoints" name="test_public_share_invalid_token" time="0.036" /><testcase classname="tests.test_media_share.TestMediaShareEndpoints" name="test_revoke_share_link" time="0.074" /><testcase classname="tests.test_media_share.TestMediaShareEndpoints" name="test_revoke_share_link_makes_public_access_fail" time="0.235" /><testcase classname="tests.test_media_share.TestMediaShareEndpoints" name="test_revoke_nonexistent_share_link" time="0.078" /><testcase classname="tests.test_media_share.TestMediaShareEndpoints" name="test_revoke_share_link_nonexistent_asset" time="0.036" /><testcase classname="tests.test_media_share.TestMediaLibraryCRUD" name="test_get_media_assets" time="0.040" /><testcase classname="tests.test_media_share.TestMediaLibraryCRUD" name="test_get_media_assets_with_kind_filter" time="0.037" /><testcase classname="tests.test_media_share.TestMediaLibraryCRUD" name="test_upload_media_asset" time="0.078" /><testcase classname="tests.test_media_share.TestMediaLibraryCRUD" name="test_get_single_media_asset" time="0.077" /><testcase classname="tests.test_media_share.TestMediaLibraryCRUD" name="test_update_media_asset_title" time="0.074" /><testcase classname="tests.test_media_share.TestMediaShareEdgeCases" name="test_share_link_persists_after_asset_rename" time="0.148" /><testcase classname="tests.test_media_share.TestMediaShareEdgeCases" name="test_delete_asset_removes_share_link" time="0.192" /></testsuite></testsuites>