<?xml version="1.0" encoding="utf-8"?><testsuites name="pytest tests"><testsuite name="pytest" errors="0" failures="0" skipped="1" tests="11" time="2.557" timestamp="2026-03-18T02:13:10.767939+00:00" hostname="agent-env-052fe66d-800a-4c59-9b6d-9d950627fd11"><testcase classname="backend.tests.test_multi_environment.TestAuthMe" name="test_auth_me_returns_is_system_admin" time="0.741" /><testcase classname="backend.tests.test_multi_environment.TestEnvironmentsList" name="test_list_environments" time="0.095" /><testcase classname="backend.tests.test_multi_environment.TestEnvironmentCRUD" name="test_create_environment_requires_system_admin" time="0.182" /><testcase classname="backend.tests.test_multi_environment.TestEnvironmentCRUD" name="test_update_environment" time="0.273" /><testcase classname="backend.tests.test_multi_environment.TestEnvironmentCRUD" name="test_cannot_delete_default_environment" time="0.189" /><testcase classname="backend.tests.test_multi_environment.TestEnvironmentAdmins" name="test_list_environment_admins" time="0.167" /><testcase classname="backend.tests.test_multi_environment.TestEnvironmentAdmins" name="test_cannot_remove_system_admin" time="0.186"><skipped type="pytest.skip" message="No system admin in staging environment">/app/backend/tests/test_multi_environment.py:224: No system admin in staging environment</skipped></testcase><testcase classname="backend.tests.test_multi_environment.TestMainSitesMyAccess" name="test_my_access_returns_environment_fields" time="0.086" /><testcase classname="backend.tests.test_multi_environment.TestCopySiteToEnvironment" name="test_copy_site_structure" time="0.261" /><testcase classname="backend.tests.test_multi_environment.TestMainSiteBySlug" name="test_get_site_by_slug_returns_environment_info" time="0.082" /><testcase classname="backend.tests.test_multi_environment.TestEnvironmentIntegration" name="test_full_environment_workflow" time="0.162" /></testsuite></testsuites>