<?xml version="1.0" encoding="utf-8"?><testsuites name="pytest tests"><testsuite name="pytest" errors="0" failures="0" skipped="0" tests="11" time="3.245" timestamp="2026-02-16T00:24:43.446034+00:00" hostname="agent-env-a759541e-928e-4c15-ab81-57149cd132ce"><testcase classname="backend.tests.test_multisite_navigation.TestShowsEndpointsWithMultisite" name="test_login_success" time="0.408" /><testcase classname="backend.tests.test_multisite_navigation.TestShowsEndpointsWithMultisite" name="test_get_shows_with_main_site_header" time="0.567" /><testcase classname="backend.tests.test_multisite_navigation.TestShowsEndpointsWithMultisite" name="test_get_single_show_with_main_site_header" time="0.137" /><testcase classname="backend.tests.test_multisite_navigation.TestShowsEndpointsWithMultisite" name="test_get_show_without_main_site_header_fails_for_wrong_site" time="0.201" /><testcase classname="backend.tests.test_multisite_navigation.TestShowsEndpointsWithMultisite" name="test_get_rundown_with_main_site_header" time="0.133" /><testcase classname="backend.tests.test_multisite_navigation.TestShowsEndpointsWithMultisite" name="test_wrong_main_site_id_returns_404" time="0.143" /><testcase classname="backend.tests.test_multisite_navigation.TestRundownEndpointsWithMultisite" name="test_create_rundown_item_with_main_site_header" time="0.338" /><testcase classname="backend.tests.test_multisite_navigation.TestDataIsolation" name="test_shows_isolated_by_main_site" time="0.383" /><testcase classname="backend.tests.test_multisite_navigation.TestShowTitlesMultisite" name="test_get_show_titles_with_main_site_header" time="0.182" /><testcase classname="backend.tests.test_multisite_navigation.TestShowTitlesMultisite" name="test_get_studios_with_main_site_header" time="0.285" /><testcase classname="backend.tests.test_multisite_navigation.TestContentEndpointsMultisite" name="test_get_content_with_main_site_header" time="0.402" /></testsuite></testsuites>