<?xml version="1.0" encoding="utf-8"?><testsuites name="pytest tests"><testsuite name="pytest" errors="0" failures="0" skipped="0" tests="27" time="3.522" timestamp="2026-01-09T21:11:08.994279+00:00" hostname="agent-env-110f2574-6717-47f8-b412-000ccda2e584"><testcase classname="tests.test_mvp3_content_wordpress.TestContentLibraryCRUD" name="test_create_content_item_text" time="0.378" /><testcase classname="tests.test_mvp3_content_wordpress.TestContentLibraryCRUD" name="test_create_content_item_link" time="0.043" /><testcase classname="tests.test_mvp3_content_wordpress.TestContentLibraryCRUD" name="test_create_content_item_reference" time="0.048" /><testcase classname="tests.test_mvp3_content_wordpress.TestContentLibraryCRUD" name="test_list_content_items" time="0.045" /><testcase classname="tests.test_mvp3_content_wordpress.TestContentLibraryCRUD" name="test_filter_content_by_type" time="0.048" /><testcase classname="tests.test_mvp3_content_wordpress.TestContentLibraryCRUD" name="test_filter_content_by_status" time="0.046" /><testcase classname="tests.test_mvp3_content_wordpress.TestContentLibraryCRUD" name="test_filter_content_by_tag" time="0.067" /><testcase classname="tests.test_mvp3_content_wordpress.TestContentLibraryCRUD" name="test_search_content" time="0.042" /><testcase classname="tests.test_mvp3_content_wordpress.TestContentLibraryCRUD" name="test_get_content_detail" time="0.040" /><testcase classname="tests.test_mvp3_content_wordpress.TestContentLibraryCRUD" name="test_update_content_item" time="0.127" /><testcase classname="tests.test_mvp3_content_wordpress.TestContentLibraryCRUD" name="test_get_nonexistent_content" time="0.039" /><testcase classname="tests.test_mvp3_content_wordpress.TestWordPressSitesCRUD" name="test_list_wordpress_sites_empty" time="0.340" /><testcase classname="tests.test_mvp3_content_wordpress.TestWordPressSitesCRUD" name="test_create_wordpress_site" time="0.078" /><testcase classname="tests.test_mvp3_content_wordpress.TestWordPressSitesCRUD" name="test_create_second_wordpress_site" time="0.039" /><testcase classname="tests.test_mvp3_content_wordpress.TestWordPressSitesCRUD" name="test_list_wordpress_sites_after_create" time="0.080" /><testcase classname="tests.test_mvp3_content_wordpress.TestWordPressSitesCRUD" name="test_get_wordpress_site_detail" time="0.039" /><testcase classname="tests.test_mvp3_content_wordpress.TestWordPressSitesCRUD" name="test_update_wordpress_site" time="0.080" /><testcase classname="tests.test_mvp3_content_wordpress.TestWordPressSitesCRUD" name="test_get_nonexistent_wordpress_site" time="0.039" /><testcase classname="tests.test_mvp3_content_wordpress.TestMultiSitePublishing" name="test_publish_to_wordpress_no_sites_selected" time="0.341" /><testcase classname="tests.test_mvp3_content_wordpress.TestMultiSitePublishing" name="test_publish_to_nonexistent_site" time="0.079" /><testcase classname="tests.test_mvp3_content_wordpress.TestMultiSitePublishing" name="test_publish_to_inactive_site" time="0.041" /><testcase classname="tests.test_mvp3_content_wordpress.TestMultiSitePublishing" name="test_publish_to_multiple_sites" time="0.242" /><testcase classname="tests.test_mvp3_content_wordpress.TestMultiSitePublishing" name="test_content_publish_statuses_updated" time="0.040" /><testcase classname="tests.test_mvp3_content_wordpress.TestCleanup" name="test_delete_content_items" time="0.459" /><testcase classname="tests.test_mvp3_content_wordpress.TestCleanup" name="test_delete_wordpress_sites" time="0.132" /><testcase classname="tests.test_mvp3_content_wordpress.TestNavigationLinks" name="test_content_endpoint_exists" time="0.313" /><testcase classname="tests.test_mvp3_content_wordpress.TestNavigationLinks" name="test_wordpress_sites_endpoint_exists" time="0.042" /></testsuite></testsuites>