<?xml version="1.0" encoding="utf-8"?><testsuites name="pytest tests"><testsuite name="pytest" errors="0" failures="1" skipped="0" tests="26" time="4.929" timestamp="2026-01-09T22:06:45.245526+00:00" hostname="agent-env-680b9612-5d9d-420b-95ae-e409aa2ba105"><testcase classname="tests.test_mvp4_features.TestSetup" name="test_health_check" time="0.097" /><testcase classname="tests.test_mvp4_features.TestSetup" name="test_login" time="0.266" /><testcase classname="tests.test_mvp4_features.TestTeamChat" name="test_get_chat_threads" time="0.312" /><testcase classname="tests.test_mvp4_features.TestTeamChat" name="test_get_team_chat_thread" time="0.044" /><testcase classname="tests.test_mvp4_features.TestTeamChat" name="test_post_chat_message" time="0.107" /><testcase classname="tests.test_mvp4_features.TestTeamChat" name="test_get_chat_messages" time="0.089" /><testcase classname="tests.test_mvp4_features.TestMediaLibrary" name="test_get_media_assets" time="0.310" /><testcase classname="tests.test_mvp4_features.TestMediaLibrary" name="test_upload_media_document" time="0.070" /><testcase classname="tests.test_mvp4_features.TestMediaLibrary" name="test_delete_media_asset" time="0.084" /><testcase classname="tests.test_mvp4_features.TestShowSeries" name="test_get_series_list" time="0.348" /><testcase classname="tests.test_mvp4_features.TestShowSeries" name="test_create_series" time="0.059" /><testcase classname="tests.test_mvp4_features.TestShowSeries" name="test_get_series_by_id" time="0.079" /><testcase classname="tests.test_mvp4_features.TestShowSeries" name="test_generate_occurrences" time="0.132"><failure message="AssertionError: assert 'occurrences_created' in [{'created_at': '2026-01-09T22:06:47.414192+00:00', 'date': '2026-01-12', 'end_time': '15:00', 'id': 'ef0319e7-1051-46fc-8276-4c72a0070b20', ...}, {'created_at': '2026-01-09T22:06:47.414192+00:00', 'date': '2026-01-19', 'end_time': '15:00', 'id': '383fd001-31a7-4c62-8bbd-0cba2f074578', ...}, {'created_at': '2026-01-09T22:06:47.414192+00:00', 'date': '2026-01-26', 'end_time': '15:00', 'id': '89ce9de3-2b2f-4c65-8438-ef3859687e2c', ...}, {'created_at': '2026-01-09T22:06:47.414192+00:00', 'date': '2026-02-02', 'end_time': '15:00', 'id': '39e9de0f-c839-4122-91fd-4db22d20df96', ...}]">tests/test_mvp4_features.py:298: in test_generate_occurrences
    assert "occurrences_created" in data
E   AssertionError: assert 'occurrences_created' in [{'created_at': '2026-01-09T22:06:47.414192+00:00', 'date': '2026-01-12', 'end_time': '15:00', 'id': 'ef0319e7-1051-46fc-8276-4c72a0070b20', ...}, {'created_at': '2026-01-09T22:06:47.414192+00:00', 'date': '2026-01-19', 'end_time': '15:00', 'id': '383fd001-31a7-4c62-8bbd-0cba2f074578', ...}, {'created_at': '2026-01-09T22:06:47.414192+00:00', 'date': '2026-01-26', 'end_time': '15:00', 'id': '89ce9de3-2b2f-4c65-8438-ef3859687e2c', ...}, {'created_at': '2026-01-09T22:06:47.414192+00:00', 'date': '2026-02-02', 'end_time': '15:00', 'id': '39e9de0f-c839-4122-91fd-4db22d20df96', ...}]</failure></testcase><testcase classname="tests.test_mvp4_features.TestShowSeries" name="test_update_series" time="0.088" /><testcase classname="tests.test_mvp4_features.TestShowSeries" name="test_delete_series" time="0.083" /><testcase classname="tests.test_mvp4_features.TestOccurrences" name="test_get_occurrences_list" time="0.348" /><testcase classname="tests.test_mvp4_features.TestOccurrences" name="test_create_occurrence" time="0.042" /><testcase classname="tests.test_mvp4_features.TestOccurrences" name="test_get_occurrence_by_id" time="0.084" /><testcase classname="tests.test_mvp4_features.TestOccurrences" name="test_get_occurrence_rundown" time="0.124" /><testcase classname="tests.test_mvp4_features.TestOccurrences" name="test_add_rundown_item_to_occurrence" time="0.101" /><testcase classname="tests.test_mvp4_features.TestOccurrences" name="test_update_occurrence" time="0.084" /><testcase classname="tests.test_mvp4_features.TestOccurrences" name="test_delete_occurrence" time="0.078" /><testcase classname="tests.test_mvp4_features.TestPresenterRole" name="test_invite_presenter_role" time="0.578" /><testcase classname="tests.test_mvp4_features.TestPresenterRole" name="test_update_user_to_presenter" time="0.349" /><testcase classname="tests.test_mvp4_features.TestCleanup" name="test_cleanup_test_series" time="0.475" /><testcase classname="tests.test_mvp4_features.TestCleanup" name="test_cleanup_test_occurrences" time="0.242" /></testsuite></testsuites>