<?xml version="1.0" encoding="utf-8"?><testsuites name="pytest tests"><testsuite name="pytest" errors="0" failures="0" skipped="0" tests="8" time="2.564" timestamp="2026-03-21T14:57:45.396467+00:00" hostname="agent-env-a5507495-8db1-429a-b6e7-66bdf0f0c16c"><testcase classname="backend.tests.test_network_card_styling.TestNetworkAdminAccess" name="test_system_admin_login" time="0.475" /><testcase classname="backend.tests.test_network_card_styling.TestNetworkAdminAccess" name="test_network_admin_login" time="0.362" /><testcase classname="backend.tests.test_network_card_styling.TestNetworkAdminAccess" name="test_network_admin_my_access_returns_all_sites" time="0.351" /><testcase classname="backend.tests.test_network_card_styling.TestNetworkAdminAccess" name="test_network_admin_default_role_is_network_admin" time="0.129" /><testcase classname="backend.tests.test_network_card_styling.TestNetworkAdminAccess" name="test_site_type_labels_in_response" time="0.118" /><testcase classname="backend.tests.test_network_card_styling.TestSiteTypeMappings" name="test_main_sites_list_has_site_types" time="0.481" /><testcase classname="backend.tests.test_network_card_styling.TestSiteTypeMappings" name="test_count_sites_by_type" time="0.122" /><testcase classname="backend.tests.test_network_card_styling.TestBackupManagementSiteTypes" name="test_main_sites_for_backup_page" time="0.460" /></testsuite></testsuites>