<?xml version="1.0" encoding="utf-8"?><testsuites name="pytest tests"><testsuite name="pytest" errors="0" failures="0" skipped="0" tests="18" time="10.981" timestamp="2026-03-07T15:39:59.093787+00:00" hostname="agent-env-e378adc9-95e3-4b9a-8715-64cf3c473230"><testcase classname="backend.tests.test_network_admin_features.TestNetworkAdminFeatures" name="test_auth_me_returns_is_primary_network_admin" time="0.582" /><testcase classname="backend.tests.test_network_admin_features.TestNetworkAdminFeatures" name="test_save_network_view_mode_preference" time="1.518" /><testcase classname="backend.tests.test_network_admin_features.TestNetworkAdminFeatures" name="test_get_user_preferences_returns_network_view_mode" time="0.501" /><testcase classname="backend.tests.test_network_admin_features.TestNetworkAdminFeatures" name="test_preferences_rejects_invalid_keys" time="0.403" /><testcase classname="backend.tests.test_network_admin_features.TestNetworkAdminFeatures" name="test_get_network_admins_returns_list" time="0.410" /><testcase classname="backend.tests.test_network_admin_features.TestNetworkAdminFeatures" name="test_get_network_admins_excludes_sensitive_fields" time="0.396" /><testcase classname="backend.tests.test_network_admin_features.TestNetworkAdminFeatures" name="test_create_network_admin" time="0.693" /><testcase classname="backend.tests.test_network_admin_features.TestNetworkAdminFeatures" name="test_create_network_admin_duplicate_email_fails" time="0.393" /><testcase classname="backend.tests.test_network_admin_features.TestNetworkAdminFeatures" name="test_create_network_admin_requires_name_and_email" time="0.452" /><testcase classname="backend.tests.test_network_admin_features.TestNetworkAdminFeatures" name="test_update_network_admin_permissions" time="0.802" /><testcase classname="backend.tests.test_network_admin_features.TestNetworkAdminFeatures" name="test_cannot_modify_primary_admin_permissions" time="0.520" /><testcase classname="backend.tests.test_network_admin_features.TestNetworkAdminFeatures" name="test_delete_network_admin" time="0.778" /><testcase classname="backend.tests.test_network_admin_features.TestNetworkAdminFeatures" name="test_cannot_delete_primary_admin" time="0.526" /><testcase classname="backend.tests.test_network_admin_features.TestNetworkAdminFeatures" name="test_delete_nonexistent_admin_returns_404" time="0.431" /><testcase classname="backend.tests.test_network_admin_features.TestNetworkAdminFeatures" name="test_network_admins_endpoint_requires_auth" time="0.507" /><testcase classname="backend.tests.test_network_admin_features.TestNetworkAdminFeatures" name="test_network_admins_endpoint_requires_network_admin" time="0.414" /><testcase classname="backend.tests.test_network_admin_features.TestNetworkAdminPermissionsGranular" name="test_read_only_permission_toggle" time="0.749" /><testcase classname="backend.tests.test_network_admin_features.TestNetworkAdminPermissionsGranular" name="test_permission_categories_are_stored" time="0.805" /></testsuite></testsuites>