<?xml version="1.0" encoding="utf-8"?><testsuites name="pytest tests"><testsuite name="pytest" errors="0" failures="0" skipped="0" tests="10" time="5.691" timestamp="2026-02-13T15:44:31.442139+00:00" hostname="agent-env-c900e6d6-fdba-4367-9928-ff59934e3234"><testcase classname="backend.tests.test_new_features_v2.TestRDSBuilderPresenter" name="test_rds_sequence_endpoint_exists" time="0.693" /><testcase classname="backend.tests.test_new_features_v2.TestRDSBuilderPresenter" name="test_presenter_name_type_accepted" time="0.501" /><testcase classname="backend.tests.test_new_features_v2.TestRDSBuilderPresenter" name="test_rds_outputs_accept_presenter_name" time="0.654" /><testcase classname="backend.tests.test_new_features_v2.TestContentAPI" name="test_content_list_endpoint" time="0.603" /><testcase classname="backend.tests.test_new_features_v2.TestContentAPI" name="test_content_categories_endpoint" time="0.133" /><testcase classname="backend.tests.test_new_features_v2.TestContentAPI" name="test_content_with_publish_statuses" time="0.247" /><testcase classname="backend.tests.test_new_features_v2.TestShowsWithRundown" name="test_shows_list_endpoint" time="0.531" /><testcase classname="backend.tests.test_new_features_v2.TestShowsWithRundown" name="test_show_has_start_time_field" time="0.199" /><testcase classname="backend.tests.test_new_features_v2.TestShowsWithRundown" name="test_show_rundown_endpoint" time="0.406" /><testcase classname="backend.tests.test_new_features_v2.TestShowDetail" name="test_get_show_detail_with_start_time" time="1.631" /></testsuite></testsuites>