<?xml version="1.0" encoding="utf-8"?><testsuites name="pytest tests"><testsuite name="pytest" errors="0" failures="0" skipped="0" tests="13" time="45.189" timestamp="2026-03-09T20:42:32.625945+00:00" hostname="agent-env-532d1bd0-ba3a-459b-afbb-18ad577169ee"><testcase classname="backend.tests.test_new_task_board_features.TestBoardMembers" name="test_get_board_members_returns_empty_array_for_board_without_members" time="0.566" /><testcase classname="backend.tests.test_new_task_board_features.TestBoardMembers" name="test_get_board_members_returns_404_for_nonexistent_board" time="0.136" /><testcase classname="backend.tests.test_new_task_board_features.TestBoardMembers" name="test_create_board_with_members_sets_members_array" time="0.505" /><testcase classname="backend.tests.test_new_task_board_features.TestBoardMembers" name="test_create_board_without_members_defaults_to_creator" time="0.291" /><testcase classname="backend.tests.test_new_task_board_features.TestBoardMembers" name="test_update_board_members_via_put" time="0.581" /><testcase classname="backend.tests.test_new_task_board_features.TestTaskMoveNotification" name="test_move_task_triggers_status_change_logic" time="0.584" /><testcase classname="backend.tests.test_new_task_board_features.TestUserInviteForcePasswordChange" name="test_invite_user_sets_force_password_change" time="19.553" /><testcase classname="backend.tests.test_new_task_board_features.TestVmixOverlayBackgrounds" name="test_ticker_overlay_returns_html_with_background" time="6.375" /><testcase classname="backend.tests.test_new_task_board_features.TestVmixOverlayBackgrounds" name="test_clock_overlay_returns_html_with_background" time="0.144" /><testcase classname="backend.tests.test_new_task_board_features.TestVmixOverlayBackgrounds" name="test_now_playing_show_overlay_with_background" time="0.110" /><testcase classname="backend.tests.test_new_task_board_features.TestVmixOverlayBackgrounds" name="test_now_playing_track_overlay_with_background" time="0.123" /><testcase classname="backend.tests.test_new_task_board_features.TestVmixOverlayBackgrounds" name="test_vmix_config_has_all_background_fields" time="0.815" /><testcase classname="backend.tests.test_new_task_board_features.TestMainSitesTaskSchedulerLabel" name="test_create_task_scheduler_site_type_label" time="15.347" /></testsuite></testsuites>