<?xml version="1.0" encoding="utf-8"?><testsuites name="pytest tests"><testsuite name="pytest" errors="0" failures="0" skipped="0" tests="8" time="2.263" timestamp="2026-03-17T23:24:30.307871+00:00" hostname="agent-env-052fe66d-800a-4c59-9b6d-9d950627fd11"><testcase classname="tests.test_news_admin_role.TestNewsAdminPermissionsEndpoint" name="test_news_admin_permissions_returns_role_slug" time="0.937" /><testcase classname="tests.test_news_admin_role.TestNewsAdminPermissionsEndpoint" name="test_news_admin_permissions_returns_role_info" time="0.141" /><testcase classname="tests.test_news_admin_role.TestNewsAdminPermissionsEndpoint" name="test_news_admin_permissions_has_shows_view" time="0.207" /><testcase classname="tests.test_news_admin_role.TestNewsAdminPermissionsEndpoint" name="test_news_admin_permissions_has_content_library" time="0.141" /><testcase classname="tests.test_news_admin_role.TestNewsAdminShowsAccess" name="test_news_admin_can_get_shows" time="0.157" /><testcase classname="tests.test_news_admin_role.TestNewsAdminContentAccess" name="test_news_admin_can_get_content" time="0.241" /><testcase classname="tests.test_news_admin_role.TestNewsAdminRoleAvailability" name="test_news_admin_in_available_roles" time="0.193" /><testcase classname="tests.test_news_admin_role.TestNetworkAdminPermissions" name="test_network_admin_permissions_is_network_admin_true" time="0.130" /></testsuite></testsuites>