<?xml version="1.0" encoding="utf-8"?><testsuites name="pytest tests"><testsuite name="pytest" errors="0" failures="0" skipped="0" tests="18" time="2.808" timestamp="2026-03-04T20:46:23.926230+00:00" hostname="agent-env-3f72cb7a-1805-49ec-bd65-d0618c5507ef"><testcase classname="backend.tests.test_permissions_enforcement.TestPermissionsEndpoint" name="test_network_admin_gets_full_access" time="0.619" /><testcase classname="backend.tests.test_permissions_enforcement.TestPermissionsEndpoint" name="test_presenter_gets_limited_permissions" time="0.432" /><testcase classname="backend.tests.test_permissions_enforcement.TestMiddlewarePermissionChecks" name="test_presenter_can_get_shows" time="0.150" /><testcase classname="backend.tests.test_permissions_enforcement.TestMiddlewarePermissionChecks" name="test_presenter_cannot_post_shows" time="0.054" /><testcase classname="backend.tests.test_permissions_enforcement.TestMiddlewarePermissionChecks" name="test_presenter_cannot_delete_shows" time="0.059" /><testcase classname="backend.tests.test_permissions_enforcement.TestMiddlewarePermissionChecks" name="test_presenter_cannot_get_users" time="0.070" /><testcase classname="backend.tests.test_permissions_enforcement.TestMiddlewarePermissionChecks" name="test_network_admin_can_get_shows" time="0.112" /><testcase classname="backend.tests.test_permissions_enforcement.TestMiddlewarePermissionChecks" name="test_network_admin_can_get_users" time="0.073" /><testcase classname="backend.tests.test_permissions_enforcement.TestMiddlewarePermissionChecks" name="test_network_admin_can_access_all_endpoints" time="0.441" /><testcase classname="backend.tests.test_permissions_enforcement.TestExemptPaths" name="test_auth_endpoints_exempt" time="0.057" /><testcase classname="backend.tests.test_permissions_enforcement.TestExemptPaths" name="test_main_sites_endpoint_exempt" time="0.069" /><testcase classname="backend.tests.test_permissions_enforcement.TestExemptPaths" name="test_tickets_endpoint_exempt" time="0.094" /><testcase classname="backend.tests.test_permissions_enforcement.TestPresenterSpecificPermissions" name="test_presenter_calendar_access" time="0.060" /><testcase classname="backend.tests.test_permissions_enforcement.TestPresenterSpecificPermissions" name="test_presenter_team_chat_access" time="0.058" /><testcase classname="backend.tests.test_permissions_enforcement.TestPresenterSpecificPermissions" name="test_presenter_content_library_access" time="0.109" /><testcase classname="backend.tests.test_permissions_enforcement.TestPresenterSpecificPermissions" name="test_presenter_media_library_access" time="0.076" /><testcase classname="backend.tests.test_permissions_enforcement.TestSiteAdminBypass" name="test_site_admin_role_has_full_access" time="0.066" /><testcase classname="backend.tests.test_permissions_enforcement.TestPermissionErrorMessages" name="test_permission_denied_returns_403_with_detail" time="0.053" /></testsuite></testsuites>