<?xml version="1.0" encoding="utf-8"?><testsuites name="pytest tests"><testsuite name="pytest" errors="0" failures="0" skipped="0" tests="15" time="38.644" timestamp="2026-03-20T22:31:29.080715+00:00" hostname="agent-env-8b26ccec-f408-449f-bb62-84b46d913cbc"><testcase classname="backend.tests.test_permission_scoping_fix.TestPermissionScopingFix" name="test_login_returns_is_system_admin_true_for_primary_network_admin" time="0.657" /><testcase classname="backend.tests.test_permission_scoping_fix.TestPermissionScopingFix" name="test_auth_me_returns_is_system_admin_true_for_primary_network_admin" time="0.536" /><testcase classname="backend.tests.test_permission_scoping_fix.TestPermissionScopingFix" name="test_system_admin_sees_all_environments" time="0.430" /><testcase classname="backend.tests.test_permission_scoping_fix.TestPermissionScopingFix" name="test_environments_have_required_fields" time="0.477" /><testcase classname="backend.tests.test_permission_scoping_fix.TestPermissionScopingFix" name="test_system_admin_sees_all_main_sites" time="0.428" /><testcase classname="backend.tests.test_permission_scoping_fix.TestPermissionScopingFix" name="test_main_sites_have_environment_info" time="0.437" /><testcase classname="backend.tests.test_permission_scoping_fix.TestPermissionScopingFix" name="test_get_single_main_site_works_for_system_admin" time="0.511" /><testcase classname="backend.tests.test_permission_scoping_fix.TestPermissionScopingFix" name="test_auth_me_has_anti_cache_headers" time="0.513" /><testcase classname="backend.tests.test_permission_scoping_fix.TestPermissionScopingFix" name="test_main_sites_has_anti_cache_headers" time="0.510" /><testcase classname="backend.tests.test_permission_scoping_fix.TestPermissionScopingFix" name="test_environments_has_anti_cache_headers" time="0.450" /><testcase classname="backend.tests.test_permission_scoping_fix.TestPermissionScopingFix" name="test_my_access_returns_is_system_admin" time="0.426" /><testcase classname="backend.tests.test_permission_scoping_fix.TestPermissionScopingFix" name="test_debug_all_user_access_requires_network_admin" time="0.553" /><testcase classname="backend.tests.test_permission_scoping_fix.TestPermissionScopingFix" name="test_exchange_token_redeem_returns_correct_is_system_admin" time="0.576" /><testcase classname="backend.tests.test_permission_scoping_fix.TestEnvironmentAdminScoping" name="test_get_admin_environment_ids_helper_exists" time="31.355" /><testcase classname="backend.tests.test_permission_scoping_fix.TestEnvironmentAdminScoping" name="test_environment_admins_endpoint_exists" time="0.624" /></testsuite></testsuites>