<?xml version="1.0" encoding="utf-8"?><testsuites name="pytest tests"><testsuite name="pytest" errors="0" failures="0" skipped="0" tests="8" time="1.222" timestamp="2026-03-25T00:44:44.387782+00:00" hostname="agent-env-ae99300c-c6ad-4061-aef6-c893e8ffce7d"><testcase classname="backend.tests.test_public_routes_api.TestPublicRoutesAPI" name="test_public_routes_no_auth_required" time="0.174" /><testcase classname="backend.tests.test_public_routes_api.TestPublicRoutesAPI" name="test_public_routes_response_structure" time="0.151" /><testcase classname="backend.tests.test_public_routes_api.TestPublicRoutesAPI" name="test_routes_have_required_fields" time="0.137" /><testcase classname="backend.tests.test_public_routes_api.TestPublicRoutesAPI" name="test_login_route_exists" time="0.158" /><testcase classname="backend.tests.test_public_routes_api.TestPublicRoutesAPI" name="test_clara_route_exists" time="0.116" /><testcase classname="backend.tests.test_public_routes_api.TestPublicRoutesAPI" name="test_base_domain_is_koodh" time="0.116" /><testcase classname="backend.tests.test_public_routes_api.TestPublicRoutesAPI" name="test_cache_ttl_is_reasonable" time="0.125" /><testcase classname="backend.tests.test_public_routes_api.TestAuthenticatedRoutesEndpoint" name="test_authenticated_routes_requires_auth" time="0.162" /></testsuite></testsuites>