<?xml version="1.0" encoding="utf-8"?><testsuites name="pytest tests"><testsuite name="pytest" errors="0" failures="0" skipped="0" tests="10" time="3.939" timestamp="2026-03-20T23:50:38.220020+00:00" hostname="agent-env-8b26ccec-f408-449f-bb62-84b46d913cbc"><testcase classname="tests.test_radioplayer_autosync.TestRadioplayerAutoSync" name="test_health_check" time="0.512" /><testcase classname="tests.test_radioplayer_autosync.TestRadioplayerAutoSync" name="test_radioplayer_config_get" time="0.447" /><testcase classname="tests.test_radioplayer_autosync.TestRadioplayerAutoSync" name="test_radioplayer_config_has_auto_sync_enabled" time="0.460" /><testcase classname="tests.test_radioplayer_autosync.TestRadioplayerAutoSync" name="test_radioplayer_push_log_get" time="0.446" /><testcase classname="tests.test_radioplayer_autosync.TestRadioplayerAutoSync" name="test_radioplayer_config_update" time="0.491" /><testcase classname="tests.test_radioplayer_autosync.TestRadioplayerAutoSync" name="test_radioplayer_push_now_playing_endpoint" time="0.841" /><testcase classname="tests.test_radioplayer_autosync.TestRadioplayerAutoSync" name="test_radioplayer_push_schedule_endpoint" time="0.669" /><testcase classname="tests.test_radioplayer_autosync.TestRadioplayerSchedulerLogs" name="test_scheduler_started_log_exists" time="0.004" /><testcase classname="tests.test_radioplayer_autosync.TestRadioplayerSchedulerLogs" name="test_scheduler_np_loop_running" time="0.003" /><testcase classname="tests.test_radioplayer_autosync.TestRadioplayerSchedulerLogs" name="test_scheduler_schedule_loop_running" time="0.004" /></testsuite></testsuites>