<?xml version="1.0" encoding="utf-8"?><testsuites name="pytest tests"><testsuite name="pytest" errors="0" failures="0" skipped="0" tests="17" time="5.073" timestamp="2026-03-17T18:21:57.033748+00:00" hostname="agent-env-f099f3c9-c283-4dea-9267-9f189d540e7b"><testcase classname="backend.tests.test_radioplayer.TestRadioplayerAuthRequired" name="test_config_get_requires_auth" time="0.238" /><testcase classname="backend.tests.test_radioplayer.TestRadioplayerAuthRequired" name="test_config_put_requires_auth" time="0.167" /><testcase classname="backend.tests.test_radioplayer.TestRadioplayerAuthRequired" name="test_push_np_requires_auth" time="0.122" /><testcase classname="backend.tests.test_radioplayer.TestRadioplayerAuthRequired" name="test_push_schedule_requires_auth" time="0.127" /><testcase classname="backend.tests.test_radioplayer.TestRadioplayerAuthRequired" name="test_push_log_requires_auth" time="0.126" /><testcase classname="backend.tests.test_radioplayer.TestRadioplayerConfig" name="test_get_config_success" time="0.616" /><testcase classname="backend.tests.test_radioplayer.TestRadioplayerConfig" name="test_update_config_success" time="0.219" /><testcase classname="backend.tests.test_radioplayer.TestRadioplayerConfig" name="test_get_config_after_update" time="0.162" /><testcase classname="backend.tests.test_radioplayer.TestRadioplayerConfig" name="test_update_with_masked_password_preserves_password" time="0.339" /><testcase classname="backend.tests.test_radioplayer.TestRadioplayerPushNowPlaying" name="test_push_np_manual" time="0.595" /><testcase classname="backend.tests.test_radioplayer.TestRadioplayerPushSchedule" name="test_push_schedule_manual" time="0.558" /><testcase classname="backend.tests.test_radioplayer.TestRadioplayerPushLog" name="test_get_push_log" time="0.136" /><testcase classname="backend.tests.test_radioplayer.TestRadioplayerPushLog" name="test_push_log_entries_have_correct_structure" time="1.553" /><testcase classname="backend.tests.test_radioplayer.TestRadioplayerAutoHooksCodeReview" name="test_shoutcast_hook_exists" time="0.000" /><testcase classname="backend.tests.test_radioplayer.TestRadioplayerAutoHooksCodeReview" name="test_shows_router_hooks_exist" time="0.000" /><testcase classname="backend.tests.test_radioplayer.TestRadioplayerServiceCodeReview" name="test_service_has_required_functions" time="0.000" /><testcase classname="backend.tests.test_radioplayer.TestRadioplayerServiceCodeReview" name="test_spi_xml_generation" time="0.000" /></testsuite></testsuites>