<?xml version="1.0" encoding="utf-8"?><testsuites name="pytest tests"><testsuite name="pytest" errors="0" failures="0" skipped="0" tests="21" time="9.832" timestamp="2026-02-13T14:24:25.202673+00:00" hostname="agent-env-58e352a1-60f6-4c0d-bd2e-97510e6e4354"><testcase classname="backend.tests.test_rds_scheduled_texts.TestRDSScheduledTextsAuth" name="test_get_scheduled_texts_requires_auth" time="0.620" /><testcase classname="backend.tests.test_rds_scheduled_texts.TestRDSScheduledTextsAuth" name="test_create_scheduled_text_requires_auth" time="0.571" /><testcase classname="backend.tests.test_rds_scheduled_texts.TestRDSScheduledTextsCRUD" name="test_get_scheduled_texts_mfy" time="0.470" /><testcase classname="backend.tests.test_rds_scheduled_texts.TestRDSScheduledTextsCRUD" name="test_get_scheduled_texts_grk" time="0.428" /><testcase classname="backend.tests.test_rds_scheduled_texts.TestRDSScheduledTextsCRUD" name="test_get_scheduled_texts_invalid_station" time="0.441" /><testcase classname="backend.tests.test_rds_scheduled_texts.TestRDSScheduledTextsCRUD" name="test_create_scheduled_text_fixed_duration" time="0.831" /><testcase classname="backend.tests.test_rds_scheduled_texts.TestRDSScheduledTextsCRUD" name="test_create_scheduled_text_until_next" time="0.486" /><testcase classname="backend.tests.test_rds_scheduled_texts.TestRDSScheduledTextsCRUD" name="test_create_scheduled_text_daily_recurrence" time="0.495" /><testcase classname="backend.tests.test_rds_scheduled_texts.TestRDSScheduledTextsCRUD" name="test_create_scheduled_text_weekly_recurrence" time="0.511" /><testcase classname="backend.tests.test_rds_scheduled_texts.TestRDSScheduledTextsCRUD" name="test_create_scheduled_text_monthly_recurrence" time="0.550" /><testcase classname="backend.tests.test_rds_scheduled_texts.TestRDSScheduledTextsCRUD" name="test_update_scheduled_text" time="0.846" /><testcase classname="backend.tests.test_rds_scheduled_texts.TestRDSScheduledTextsCRUD" name="test_update_nonexistent_scheduled_text" time="0.402" /><testcase classname="backend.tests.test_rds_scheduled_texts.TestRDSScheduledTextsCRUD" name="test_delete_scheduled_text" time="0.566" /><testcase classname="backend.tests.test_rds_scheduled_texts.TestRDSScheduledTextsCRUD" name="test_delete_nonexistent_scheduled_text" time="0.388" /><testcase classname="backend.tests.test_rds_scheduled_texts.TestRDSScheduledTextsCalendar" name="test_get_calendar_items" time="0.430" /><testcase classname="backend.tests.test_rds_scheduled_texts.TestRDSScheduledTextsCalendar" name="test_calendar_expands_daily_recurrence" time="0.553" /><testcase classname="backend.tests.test_rds_scheduled_texts.TestRDSScheduledTextsCalendar" name="test_calendar_invalid_date_format" time="0.562" /><testcase classname="backend.tests.test_rds_scheduled_texts.TestRDSScheduledTextsActive" name="test_get_active_scheduled_text_public" time="0.169" /><testcase classname="backend.tests.test_rds_scheduled_texts.TestRDSScheduledTextsActive" name="test_get_active_scheduled_text_mfy" time="0.143" /><testcase classname="backend.tests.test_rds_scheduled_texts.TestRDSScheduledTextsActive" name="test_get_active_scheduled_text_grk" time="0.139" /><testcase classname="backend.tests.test_rds_scheduled_texts.TestRDSScheduledTextsActive" name="test_get_active_scheduled_text_invalid_station" time="0.118" /></testsuite></testsuites>