<?xml version="1.0" encoding="utf-8"?><testsuites name="pytest tests"><testsuite name="pytest" errors="0" failures="0" skipped="0" tests="9" time="0.659" timestamp="2026-02-11T21:52:48.617600+00:00" hostname="agent-env-bc375a7f-a4bd-4760-a221-a912a51c59b1"><testcase classname="tests.test_rds_now_playing_source.TestRDSNowPlayingSourceWithBothStation" name="test_grk_now_playing_returns_mfy_song_when_both" time="0.129" /><testcase classname="tests.test_rds_now_playing_source.TestRDSNowPlayingSourceWithBothStation" name="test_grk_now_playing_txt_returns_mfy_song_when_both" time="0.050" /><testcase classname="tests.test_rds_now_playing_source.TestRDSNowPlayingSourceWithBothStation" name="test_mfy_now_playing_returns_own_data_when_both" time="0.043" /><testcase classname="tests.test_rds_now_playing_source.TestRDSNowPlayingSourceWithGRKOnlyStation" name="test_grk_now_playing_returns_own_data_when_grk_only" time="0.044" /><testcase classname="tests.test_rds_now_playing_source.TestRDSNowPlayingSourceWithGRKOnlyStation" name="test_grk_now_playing_txt_returns_own_data_when_grk_only" time="0.044" /><testcase classname="tests.test_rds_now_playing_source.TestRDSNowPlayingSourceNoActiveShow" name="test_grk_now_playing_returns_own_data_no_active_show" time="0.044" /><testcase classname="tests.test_rds_now_playing_source.TestRDSBuilderSchedulerSourceLogic" name="test_scheduler_logic_with_both_station" time="0.046" /><testcase classname="tests.test_rds_now_playing_source.TestRDSNowPlayingResponseSchema" name="test_grk_response_has_required_fields" time="0.039" /><testcase classname="tests.test_rds_now_playing_source.TestRDSNowPlayingResponseSchema" name="test_mfy_response_schema" time="0.043" /></testsuite></testsuites>