<?xml version="1.0" encoding="utf-8"?><testsuites name="pytest tests"><testsuite name="pytest" errors="0" failures="0" skipped="0" tests="15" time="8.828" timestamp="2026-02-13T18:45:16.276868+00:00" hostname="agent-env-671c9763-e9bb-4e89-9d0b-62cf25a21e7e"><testcase classname="backend.tests.test_rds_infinite_scheduling.TestInfiniteScheduledTexts" name="test_create_infinite_hourly_scheduled_text" time="0.645" /><testcase classname="backend.tests.test_rds_infinite_scheduling.TestInfiniteScheduledTexts" name="test_create_infinite_daily_scheduled_text" time="0.596" /><testcase classname="backend.tests.test_rds_infinite_scheduling.TestInfiniteScheduledTexts" name="test_get_existing_infinite_scheduled_texts" time="0.453" /><testcase classname="backend.tests.test_rds_infinite_scheduling.TestInfiniteScheduledTexts" name="test_active_endpoint_returns_infinite_scheduled_text" time="0.521" /><testcase classname="backend.tests.test_rds_infinite_scheduling.TestInfiniteScheduledTexts" name="test_rds_output_shows_scheduled_text_when_active" time="0.754" /><testcase classname="backend.tests.test_rds_infinite_scheduling.TestInfiniteScheduledTexts" name="test_debug_endpoint_shows_scheduled_text_status" time="0.428" /><testcase classname="backend.tests.test_rds_infinite_scheduling.TestScheduledTextEnableDisable" name="test_toggle_scheduled_text_enable_disable" time="0.903" /><testcase classname="backend.tests.test_rds_infinite_scheduling.TestScheduledTextEnableDisable" name="test_disabled_scheduled_text_not_active" time="0.631" /><testcase classname="backend.tests.test_rds_infinite_scheduling.TestSchedulerLogicForInfinite" name="test_scheduler_handles_no_recurrence_end_date" time="0.184" /><testcase classname="backend.tests.test_rds_infinite_scheduling.TestSchedulerLogicForInfinite" name="test_scheduler_iteration_limit_for_infinite" time="1.589" /><testcase classname="backend.tests.test_rds_infinite_scheduling.TestGRKStation" name="test_get_grk_scheduled_texts" time="0.616" /><testcase classname="backend.tests.test_rds_infinite_scheduling.TestGRKStation" name="test_grk_active_endpoint" time="0.164" /><testcase classname="backend.tests.test_rds_infinite_scheduling.TestGRKStation" name="test_grk_rds_output" time="0.131" /><testcase classname="backend.tests.test_rds_infinite_scheduling.TestBothStationsScheduledTexts" name="test_both_stations_texts_appear_in_mfy" time="0.652" /><testcase classname="backend.tests.test_rds_infinite_scheduling.TestBothStationsScheduledTexts" name="test_both_stations_texts_appear_in_grk" time="0.497" /></testsuite></testsuites>