<?xml version="1.0" encoding="utf-8"?><testsuites name="pytest tests"><testsuite name="pytest" errors="0" failures="0" skipped="0" tests="13" time="1.578" timestamp="2026-02-06T19:15:36.832833+00:00" hostname="agent-env-53b37fde-5312-4700-9013-07840bc955a7"><testcase classname="backend.tests.test_rds_features.TestPublicRDSEndpoints" name="test_rds_live_endpoint_returns_plain_text" time="0.095" /><testcase classname="backend.tests.test_rds_features.TestPublicRDSEndpoints" name="test_rds_live_txt_endpoint_returns_plain_text" time="0.038" /><testcase classname="backend.tests.test_rds_features.TestPublicRDSEndpoints" name="test_rds_cached_rundown_public_access" time="0.035" /><testcase classname="backend.tests.test_rds_features.TestAuthenticatedRDSEndpoints" name="test_rds_settings_returns_correct_structure" time="0.306" /><testcase classname="backend.tests.test_rds_features.TestAuthenticatedRDSEndpoints" name="test_rds_settings_requires_auth" time="0.035" /><testcase classname="backend.tests.test_rds_features.TestAuthenticatedRDSEndpoints" name="test_rds_endpoints_returns_api_list" time="0.306" /><testcase classname="backend.tests.test_rds_features.TestAuthenticatedRDSEndpoints" name="test_rds_endpoints_requires_auth" time="0.038" /><testcase classname="backend.tests.test_rds_features.TestAuthenticatedRDSEndpoints" name="test_rds_logs_returns_list" time="0.306" /><testcase classname="backend.tests.test_rds_features.TestAuthenticatedRDSEndpoints" name="test_rds_logs_requires_auth" time="0.035" /><testcase classname="backend.tests.test_rds_features.TestAuthenticatedRDSEndpoints" name="test_rds_manual_refresh_cache" time="0.302" /><testcase classname="backend.tests.test_rds_features.TestWordPressAudioFormat" name="test_wordpress_code_contains_audio_format" time="0.000" /><testcase classname="backend.tests.test_rds_features.TestRDSScheduler" name="test_scheduler_file_exists" time="0.000" /><testcase classname="backend.tests.test_rds_features.TestRDSScheduler" name="test_scheduler_has_5_minute_interval" time="0.000" /></testsuite></testsuites>