<?xml version="1.0" encoding="utf-8"?><testsuites name="pytest tests"><testsuite name="pytest" errors="0" failures="1" skipped="0" tests="25" time="5.701" timestamp="2026-01-10T00:13:08.217342+00:00" hostname="agent-env-2c0ff817-665d-4dbb-bd13-8fd121b7097c"><testcase classname="tests.test_refactored_backend_regression.TestHealthEndpoint" name="test_health_returns_healthy" time="0.087" /><testcase classname="tests.test_refactored_backend_regression.TestAuthEndpoints" name="test_login_success" time="0.272" /><testcase classname="tests.test_refactored_backend_regression.TestAuthEndpoints" name="test_login_invalid_credentials" time="0.269" /><testcase classname="tests.test_refactored_backend_regression.TestAuthEndpoints" name="test_login_nonexistent_user" time="0.046" /><testcase classname="tests.test_refactored_backend_regression.TestAuthEndpoints" name="test_me_endpoint_with_valid_token" time="0.304" /><testcase classname="tests.test_refactored_backend_regression.TestAuthEndpoints" name="test_me_endpoint_without_token" time="0.037" /><testcase classname="tests.test_refactored_backend_regression.TestShowsEndpoints" name="test_get_shows_list" time="0.308" /><testcase classname="tests.test_refactored_backend_regression.TestShowsEndpoints" name="test_get_shows_without_auth" time="0.076" /><testcase classname="tests.test_refactored_backend_regression.TestShowsEndpoints" name="test_create_and_delete_show" time="0.437" /><testcase classname="tests.test_refactored_backend_regression.TestSeriesEndpoints" name="test_get_series_list" time="0.303" /><testcase classname="tests.test_refactored_backend_regression.TestSeriesEndpoints" name="test_get_series_without_auth" time="0.035" /><testcase classname="tests.test_refactored_backend_regression.TestOccurrencesEndpoints" name="test_get_occurrences_list" time="0.346" /><testcase classname="tests.test_refactored_backend_regression.TestOccurrencesEndpoints" name="test_get_occurrences_without_auth" time="0.038" /><testcase classname="tests.test_refactored_backend_regression.TestOccurrencesEndpoints" name="test_get_occurrences_with_filters" time="0.298" /><testcase classname="tests.test_refactored_backend_regression.TestChatEndpoints" name="test_get_or_create_team_thread" time="0.296" /><testcase classname="tests.test_refactored_backend_regression.TestChatEndpoints" name="test_get_chat_threads" time="0.396" /><testcase classname="tests.test_refactored_backend_regression.TestChatEndpoints" name="test_chat_without_auth" time="0.081" /><testcase classname="tests.test_refactored_backend_regression.TestMediaEndpoints" name="test_get_media_list" time="0.467" /><testcase classname="tests.test_refactored_backend_regression.TestMediaEndpoints" name="test_get_media_with_filters" time="0.311" /><testcase classname="tests.test_refactored_backend_regression.TestMediaEndpoints" name="test_media_without_auth" time="0.039" /><testcase classname="tests.test_refactored_backend_regression.TestContentEndpoints" name="test_get_content_list" time="0.314" /><testcase classname="tests.test_refactored_backend_regression.TestContentEndpoints" name="test_get_content_with_filters" time="0.316" /><testcase classname="tests.test_refactored_backend_regression.TestContentEndpoints" name="test_content_without_auth" time="0.037" /><testcase classname="tests.test_refactored_backend_regression.TestContentEndpoints" name="test_create_and_delete_content" time="0.303"><failure message="assert 422 == 201&#10; +  where 422 = &lt;Response [422]&gt;.status_code">tests/test_refactored_backend_regression.py:317: in test_create_and_delete_content
    assert create_response.status_code == 201
E   assert 422 == 201
E    +  where 422 = &lt;Response [422]&gt;.status_code</failure></testcase><testcase classname="tests.test_refactored_backend_regression.TestRootEndpoint" name="test_root_endpoint" time="0.043" /></testsuite></testsuites>