<?xml version="1.0" encoding="utf-8"?><testsuites name="pytest tests"><testsuite name="pytest" errors="0" failures="0" skipped="0" tests="18" time="9.604" timestamp="2026-03-04T20:30:33.263776+00:00" hostname="agent-env-3f72cb7a-1805-49ec-bd65-d0618c5507ef"><testcase classname="backend.tests.test_roles_permissions.TestRolesPermissions" name="test_get_permission_schema" time="0.651" /><testcase classname="backend.tests.test_roles_permissions.TestRolesPermissions" name="test_schema_all_permission_ids" time="0.425" /><testcase classname="backend.tests.test_roles_permissions.TestRolesPermissions" name="test_list_roles_for_main_site" time="0.459" /><testcase classname="backend.tests.test_roles_permissions.TestRolesPermissions" name="test_admin_role_has_all_permissions" time="0.459" /><testcase classname="backend.tests.test_roles_permissions.TestRolesPermissions" name="test_admin_role_is_system_protected" time="0.406" /><testcase classname="backend.tests.test_roles_permissions.TestRolesPermissions" name="test_roles_have_required_fields" time="0.393" /><testcase classname="backend.tests.test_roles_permissions.TestRolesPermissions" name="test_create_custom_role" time="0.736" /><testcase classname="backend.tests.test_roles_permissions.TestRolesPermissions" name="test_create_role_duplicate_name_rejected" time="0.465" /><testcase classname="backend.tests.test_roles_permissions.TestRolesPermissions" name="test_create_role_empty_name_rejected" time="0.529" /><testcase classname="backend.tests.test_roles_permissions.TestRolesPermissions" name="test_update_custom_role_name_and_color" time="0.626" /><testcase classname="backend.tests.test_roles_permissions.TestRolesPermissions" name="test_update_role_permissions" time="0.617" /><testcase classname="backend.tests.test_roles_permissions.TestRolesPermissions" name="test_cannot_rename_admin_role" time="0.476" /><testcase classname="backend.tests.test_roles_permissions.TestRolesPermissions" name="test_delete_custom_role" time="0.564" /><testcase classname="backend.tests.test_roles_permissions.TestRolesPermissions" name="test_cannot_delete_system_admin_role" time="0.513" /><testcase classname="backend.tests.test_roles_permissions.TestRolesPermissions" name="test_delete_nonexistent_role" time="0.435" /><testcase classname="backend.tests.test_roles_permissions.TestRolesPermissions" name="test_viewer_role_has_limited_permissions" time="0.427" /><testcase classname="backend.tests.test_roles_permissions.TestRolesPermissions" name="test_editor_role_permissions" time="0.509" /><testcase classname="backend.tests.test_roles_permissions.TestRolesPermissions" name="test_presenter_role_permissions" time="0.812" /></testsuite></testsuites>