<?xml version="1.0" encoding="utf-8"?><testsuites name="pytest tests"><testsuite name="pytest" errors="0" failures="0" skipped="0" tests="10" time="2.126" timestamp="2026-03-09T21:16:37.502089+00:00" hostname="agent-env-56286222-1a8b-4ee0-a79c-40f3efe0a5e0"><testcase classname="backend.tests.test_rundown_members.TestShowMembersAPI" name="test_get_show_members_endpoint_exists" time="0.796" /><testcase classname="backend.tests.test_rundown_members.TestShowMembersAPI" name="test_get_show_members_response_structure" time="0.145" /><testcase classname="backend.tests.test_rundown_members.TestShowMembersAPI" name="test_update_show_members" time="0.264" /><testcase classname="backend.tests.test_rundown_members.TestShowMembersAPI" name="test_update_members_returns_avatar_url" time="0.228" /><testcase classname="backend.tests.test_rundown_members.TestMainSiteUsersAPI" name="test_get_main_site_users_endpoint" time="0.138" /><testcase classname="backend.tests.test_rundown_members.TestMainSiteUsersAPI" name="test_main_site_users_has_avatar_url" time="0.187" /><testcase classname="backend.tests.test_rundown_members.TestWebSocketEndpoints" name="test_websocket_show_endpoint_format" time="0.000" /><testcase classname="backend.tests.test_rundown_members.TestWebSocketEndpoints" name="test_websocket_rundown_endpoint_format" time="0.000" /><testcase classname="backend.tests.test_rundown_members.TestAvatarURLResolution" name="test_members_avatar_is_url_not_object" time="0.113" /><testcase classname="backend.tests.test_rundown_members.TestAvatarURLResolution" name="test_site_users_avatar_is_url_not_object" time="0.153" /></testsuite></testsuites>