<?xml version="1.0" encoding="utf-8"?><testsuites name="pytest tests"><testsuite name="pytest" errors="0" failures="0" skipped="0" tests="9" time="0.858" timestamp="2026-01-25T13:58:12.547256+00:00" hostname="agent-env-1598a70a-39ed-4c17-b9d1-c646639cd45e"><testcase classname="tests.test_show_images.TestShowImageUpload" name="test_upload_show_image" time="0.376" /><testcase classname="tests.test_show_images.TestShowImageUpload" name="test_show_image_persists_in_show_detail" time="0.015" /><testcase classname="tests.test_show_images.TestShowImageUpload" name="test_show_image_in_shows_list" time="0.010" /><testcase classname="tests.test_show_images.TestShowImageUpload" name="test_show_image_file_accessible" time="0.062" /><testcase classname="tests.test_show_images.TestShowImageUpload" name="test_replace_show_image" time="0.026" /><testcase classname="tests.test_show_images.TestShowImageUpload" name="test_delete_show_image" time="0.076" /><testcase classname="tests.test_show_images.TestShowImageUpload" name="test_upload_invalid_file_type" time="0.050" /><testcase classname="tests.test_show_images.TestShowImageUpload" name="test_upload_to_nonexistent_show" time="0.011" /><testcase classname="tests.test_show_images.TestShowImageUpload" name="test_delete_from_nonexistent_show" time="0.018" /></testsuite></testsuites>