<?xml version="1.0" encoding="utf-8"?><testsuites name="pytest tests"><testsuite name="pytest" errors="0" failures="0" skipped="0" tests="11" time="5.997" timestamp="2026-03-08T00:17:14.608893+00:00" hostname="agent-env-2aa4b23e-71a4-42d3-bc5d-ece95a497fe9"><testcase classname="backend.tests.test_sidebar_notification_persite.TestPerSiteNotificationSettings" name="test_get_main_sites" time="2.558" /><testcase classname="backend.tests.test_sidebar_notification_persite.TestPerSiteNotificationSettings" name="test_get_site_roles_endpoint" time="0.307" /><testcase classname="backend.tests.test_sidebar_notification_persite.TestPerSiteNotificationSettings" name="test_get_role_settings_global" time="0.117" /><testcase classname="backend.tests.test_sidebar_notification_persite.TestPerSiteNotificationSettings" name="test_get_role_settings_per_site" time="0.282" /><testcase classname="backend.tests.test_sidebar_notification_persite.TestPerSiteNotificationSettings" name="test_save_role_settings_per_site" time="0.378" /><testcase classname="backend.tests.test_sidebar_notification_persite.TestNotificationCategoriesAndProviders" name="test_get_smtp_providers" time="0.463" /><testcase classname="backend.tests.test_sidebar_notification_persite.TestNotificationCategoriesAndProviders" name="test_get_notification_categories" time="0.126" /><testcase classname="backend.tests.test_sidebar_notification_persite.TestNetworkAdminEndpoints" name="test_get_network_admins" time="0.488" /><testcase classname="backend.tests.test_sidebar_notification_persite.TestPermissionAuditEndpoints" name="test_get_audit_stats" time="0.512" /><testcase classname="backend.tests.test_sidebar_notification_persite.TestPermissionAuditEndpoints" name="test_get_audit_logs" time="0.142" /><testcase classname="backend.tests.test_sidebar_notification_persite.TestUserAccessEndpoints" name="test_get_all_user_access" time="0.480" /></testsuite></testsuites>