<?xml version="1.0" encoding="utf-8"?><testsuites name="pytest tests"><testsuite name="pytest" errors="0" failures="0" skipped="0" tests="11" time="17.936" timestamp="2026-03-01T16:50:08.960168+00:00" hostname="agent-env-5322402f-4ede-44f8-b762-1a8484b66834"><testcase classname="tests.test_site_specific_role_approval.TestSiteSpecificRoleApproval" name="test_eddy_login_and_global_role" time="0.392" /><testcase classname="tests.test_site_specific_role_approval.TestSiteSpecificRoleApproval" name="test_pending_approval_without_site_header_returns_403" time="0.397" /><testcase classname="tests.test_site_specific_role_approval.TestSiteSpecificRoleApproval" name="test_pending_approval_with_site_header_returns_200" time="0.397" /><testcase classname="tests.test_site_specific_role_approval.TestSiteSpecificRoleApproval" name="test_approval_without_site_header_returns_403" time="1.106" /><testcase classname="tests.test_site_specific_role_approval.TestSiteSpecificRoleApproval" name="test_approval_with_site_header_returns_200" time="4.622" /><testcase classname="tests.test_site_specific_role_approval.TestSiteSpecificRoleApproval" name="test_network_admin_can_approve_any_site" time="4.219" /><testcase classname="tests.test_site_specific_role_approval.TestSiteSpecificRoleApproval" name="test_network_admin_approve_without_header" time="0.410" /><testcase classname="tests.test_site_specific_role_approval.TestSiteSpecificRoleApproval" name="test_rejection_with_site_header" time="5.080" /><testcase classname="tests.test_site_specific_role_approval.TestSiteSpecificRoleApproval" name="test_effective_role_returns_higher_privilege" time="0.461" /><testcase classname="tests.test_site_specific_role_approval.TestSiteRoleEdgeCases" name="test_invalid_site_id_header" time="0.383" /><testcase classname="tests.test_site_specific_role_approval.TestSiteRoleEdgeCases" name="test_user_without_site_access" time="0.409" /></testsuite></testsuites>