<?xml version="1.0" encoding="utf-8"?><testsuites name="pytest tests"><testsuite name="pytest" errors="0" failures="4" skipped="0" tests="11" time="4.531" timestamp="2026-03-01T16:49:29.927083+00:00" hostname="agent-env-5322402f-4ede-44f8-b762-1a8484b66834"><testcase classname="tests.test_site_specific_role_approval.TestSiteSpecificRoleApproval" name="test_eddy_login_and_global_role" time="0.469" /><testcase classname="tests.test_site_specific_role_approval.TestSiteSpecificRoleApproval" name="test_pending_approval_without_site_header_returns_403" time="0.388" /><testcase classname="tests.test_site_specific_role_approval.TestSiteSpecificRoleApproval" name="test_pending_approval_with_site_header_returns_200" time="0.390" /><testcase classname="tests.test_site_specific_role_approval.TestSiteSpecificRoleApproval" name="test_approval_without_site_header_returns_403" time="0.379"><failure message="AssertionError: Failed to create test content&#10;assert None">tests/test_site_specific_role_approval.py:147: in test_approval_without_site_header_returns_403
    assert content_id, "Failed to create test content"
E   AssertionError: Failed to create test content
E   assert None</failure></testcase><testcase classname="tests.test_site_specific_role_approval.TestSiteSpecificRoleApproval" name="test_approval_with_site_header_returns_200" time="0.386"><failure message="AssertionError: Failed to create test content&#10;assert None">tests/test_site_specific_role_approval.py:167: in test_approval_with_site_header_returns_200
    assert content_id, "Failed to create test content"
E   AssertionError: Failed to create test content
E   assert None</failure></testcase><testcase classname="tests.test_site_specific_role_approval.TestSiteSpecificRoleApproval" name="test_network_admin_can_approve_any_site" time="0.371"><failure message="AssertionError: Failed to create test content&#10;assert None">tests/test_site_specific_role_approval.py:193: in test_network_admin_can_approve_any_site
    assert content_id, "Failed to create test content"
E   AssertionError: Failed to create test content
E   assert None</failure></testcase><testcase classname="tests.test_site_specific_role_approval.TestSiteSpecificRoleApproval" name="test_network_admin_approve_without_header" time="0.385" /><testcase classname="tests.test_site_specific_role_approval.TestSiteSpecificRoleApproval" name="test_rejection_with_site_header" time="0.386"><failure message="AssertionError: Failed to create test content&#10;assert None">tests/test_site_specific_role_approval.py:226: in test_rejection_with_site_header
    assert content_id, "Failed to create test content"
E   AssertionError: Failed to create test content
E   assert None</failure></testcase><testcase classname="tests.test_site_specific_role_approval.TestSiteSpecificRoleApproval" name="test_effective_role_returns_higher_privilege" time="0.470" /><testcase classname="tests.test_site_specific_role_approval.TestSiteRoleEdgeCases" name="test_invalid_site_id_header" time="0.369" /><testcase classname="tests.test_site_specific_role_approval.TestSiteRoleEdgeCases" name="test_user_without_site_access" time="0.432" /></testsuite></testsuites>