<?xml version="1.0" encoding="utf-8"?><testsuites name="pytest tests"><testsuite name="pytest" errors="0" failures="0" skipped="0" tests="16" time="3.234" timestamp="2026-02-14T04:27:08.143141+00:00" hostname="agent-env-46640e41-dc0f-4d42-bb57-e9f593908393"><testcase classname="backend.tests.test_sites_new_features.TestLogoScaleFeature" name="test_logo_scale_field_exists_in_site_response" time="0.482" /><testcase classname="backend.tests.test_sites_new_features.TestLogoScaleFeature" name="test_update_logo_scale" time="0.212" /><testcase classname="backend.tests.test_sites_new_features.TestLogoScaleFeature" name="test_logo_scale_in_public_response" time="0.108" /><testcase classname="backend.tests.test_sites_new_features.TestButtonColorFeature" name="test_button_color_field_exists_in_site_response" time="0.054" /><testcase classname="backend.tests.test_sites_new_features.TestButtonColorFeature" name="test_update_button_color" time="0.188" /><testcase classname="backend.tests.test_sites_new_features.TestButtonColorFeature" name="test_button_color_in_public_response" time="0.110" /><testcase classname="backend.tests.test_sites_new_features.TestFileUploadToggleFeature" name="test_file_upload_enabled_field_exists" time="0.099" /><testcase classname="backend.tests.test_sites_new_features.TestFileUploadToggleFeature" name="test_toggle_file_upload_enabled" time="0.208" /><testcase classname="backend.tests.test_sites_new_features.TestFileUploadToggleFeature" name="test_file_upload_enabled_in_public_response" time="0.131" /><testcase classname="backend.tests.test_sites_new_features.TestPublicFileUploadEndpoint" name="test_upload_endpoint_exists" time="0.115" /><testcase classname="backend.tests.test_sites_new_features.TestPublicFileUploadEndpoint" name="test_upload_rejected_when_disabled" time="0.163" /><testcase classname="backend.tests.test_sites_new_features.TestPublicFileUploadEndpoint" name="test_upload_accepted_when_enabled" time="0.832" /><testcase classname="backend.tests.test_sites_new_features.TestPublicFileUploadEndpoint" name="test_upload_rejects_invalid_file_type" time="0.180" /><testcase classname="backend.tests.test_sites_new_features.TestPublicFileUploadEndpoint" name="test_upload_nonexistent_site" time="0.107" /><testcase classname="backend.tests.test_sites_new_features.TestDashboardHeaderNoLogo" name="test_api_returns_site_data_without_exposing_logo_in_header" time="0.052" /><testcase classname="backend.tests.test_sites_new_features.TestPublicPageCompactHeader" name="test_public_site_returns_all_required_fields" time="0.140" /></testsuite></testsuites>