<?xml version="1.0" encoding="utf-8"?><testsuites name="pytest tests"><testsuite name="pytest" errors="0" failures="1" skipped="0" tests="18" time="4.443" timestamp="2026-01-31T16:12:14.055809+00:00" hostname="agent-env-669640cb-e7a5-48d4-a903-aa77b8695d68"><testcase classname="tests.test_soft_delete.TestSoftDeleteEndpoint" name="test_soft_delete_returns_success" time="0.539" /><testcase classname="tests.test_soft_delete.TestSoftDeleteEndpoint" name="test_soft_deleted_content_not_in_regular_list" time="0.350" /><testcase classname="tests.test_soft_delete.TestSoftDeleteEndpoint" name="test_soft_deleted_content_appears_in_deleted_list" time="0.247" /><testcase classname="tests.test_soft_delete.TestSoftDeleteEndpoint" name="test_soft_deleted_content_has_deleted_at_field" time="0.250" /><testcase classname="tests.test_soft_delete.TestSoftDeleteEndpoint" name="test_soft_delete_nonexistent_content_returns_404" time="0.041" /><testcase classname="tests.test_soft_delete.TestGetDeletedContentEndpoint" name="test_get_deleted_content_returns_list" time="0.038" /><testcase classname="tests.test_soft_delete.TestGetDeletedContentEndpoint" name="test_deleted_content_includes_deleted_by_name" time="0.253" /><testcase classname="tests.test_soft_delete.TestRestoreEndpoint" name="test_restore_deleted_content" time="0.251" /><testcase classname="tests.test_soft_delete.TestRestoreEndpoint" name="test_restored_content_appears_in_regular_list" time="0.394" /><testcase classname="tests.test_soft_delete.TestRestoreEndpoint" name="test_restored_content_not_in_deleted_list" time="0.283" /><testcase classname="tests.test_soft_delete.TestRestoreEndpoint" name="test_restore_nonexistent_content_returns_404" time="0.039" /><testcase classname="tests.test_soft_delete.TestRestoreEndpoint" name="test_restore_non_deleted_content_returns_404" time="0.184" /><testcase classname="tests.test_soft_delete.TestPermanentDeleteEndpoint" name="test_permanent_delete_removes_content_completely" time="0.219" /><testcase classname="tests.test_soft_delete.TestPermanentDeleteEndpoint" name="test_permanently_deleted_content_not_in_any_list" time="0.429" /><testcase classname="tests.test_soft_delete.TestPermanentDeleteEndpoint" name="test_permanent_delete_nonexistent_returns_404" time="0.041" /><testcase classname="tests.test_soft_delete.TestPermanentDeleteEndpoint" name="test_permanent_delete_non_deleted_content_returns_404" time="0.179" /><testcase classname="tests.test_soft_delete.TestContentFiltering" name="test_get_content_excludes_deleted_items" time="0.354" /><testcase classname="tests.test_soft_delete.TestContentFiltering" name="test_get_single_content_works_for_deleted" time="0.253"><failure message="AssertionError: assert None is not None&#10; +  where None = &lt;built-in method get of dict object at 0xf9c402b31a00&gt;('deleted_at')&#10; +    where &lt;built-in method get of dict object at 0xf9c402b31a00&gt; = {'approval_notes': None, 'approval_status': 'pending', 'approved_at': None, 'approved_by': None, ...}.get">tests/test_soft_delete.py:329: in test_get_single_content_works_for_deleted
    assert content.get("deleted_at") is not None
E   AssertionError: assert None is not None
E    +  where None = &lt;built-in method get of dict object at 0xf9c402b31a00&gt;('deleted_at')
E    +    where &lt;built-in method get of dict object at 0xf9c402b31a00&gt; = {'approval_notes': None, 'approval_status': 'pending', 'approved_at': None, 'approved_by': None, ...}.get</failure></testcase></testsuite></testsuites>