<?xml version="1.0" encoding="utf-8"?><testsuites name="pytest tests"><testsuite name="pytest" errors="0" failures="0" skipped="0" tests="18" time="4.765" timestamp="2026-01-31T16:13:33.850900+00:00" hostname="agent-env-669640cb-e7a5-48d4-a903-aa77b8695d68"><testcase classname="tests.test_soft_delete.TestSoftDeleteEndpoint" name="test_soft_delete_returns_success" time="0.537" /><testcase classname="tests.test_soft_delete.TestSoftDeleteEndpoint" name="test_soft_deleted_content_not_in_regular_list" time="0.397" /><testcase classname="tests.test_soft_delete.TestSoftDeleteEndpoint" name="test_soft_deleted_content_appears_in_deleted_list" time="0.292" /><testcase classname="tests.test_soft_delete.TestSoftDeleteEndpoint" name="test_soft_deleted_content_has_deleted_at_field" time="0.244" /><testcase classname="tests.test_soft_delete.TestSoftDeleteEndpoint" name="test_soft_delete_nonexistent_content_returns_404" time="0.038" /><testcase classname="tests.test_soft_delete.TestGetDeletedContentEndpoint" name="test_get_deleted_content_returns_list" time="0.038" /><testcase classname="tests.test_soft_delete.TestGetDeletedContentEndpoint" name="test_deleted_content_includes_deleted_by_name" time="0.248" /><testcase classname="tests.test_soft_delete.TestRestoreEndpoint" name="test_restore_deleted_content" time="0.255" /><testcase classname="tests.test_soft_delete.TestRestoreEndpoint" name="test_restored_content_appears_in_regular_list" time="0.489" /><testcase classname="tests.test_soft_delete.TestRestoreEndpoint" name="test_restored_content_not_in_deleted_list" time="0.276" /><testcase classname="tests.test_soft_delete.TestRestoreEndpoint" name="test_restore_nonexistent_content_returns_404" time="0.040" /><testcase classname="tests.test_soft_delete.TestRestoreEndpoint" name="test_restore_non_deleted_content_returns_404" time="0.179" /><testcase classname="tests.test_soft_delete.TestPermanentDeleteEndpoint" name="test_permanent_delete_removes_content_completely" time="0.216" /><testcase classname="tests.test_soft_delete.TestPermanentDeleteEndpoint" name="test_permanently_deleted_content_not_in_any_list" time="0.545" /><testcase classname="tests.test_soft_delete.TestPermanentDeleteEndpoint" name="test_permanent_delete_nonexistent_returns_404" time="0.078" /><testcase classname="tests.test_soft_delete.TestPermanentDeleteEndpoint" name="test_permanent_delete_non_deleted_content_returns_404" time="0.180" /><testcase classname="tests.test_soft_delete.TestContentFiltering" name="test_get_content_excludes_deleted_items" time="0.362" /><testcase classname="tests.test_soft_delete.TestContentFiltering" name="test_get_single_content_works_for_deleted" time="0.275" /></testsuite></testsuites>