<?xml version="1.0" encoding="utf-8"?><testsuites name="pytest tests"><testsuite name="pytest" errors="5" failures="0" skipped="0" tests="11" time="1.712" timestamp="2026-03-01T21:28:42.727127+00:00" hostname="agent-env-5c6d1763-e6e5-40e3-87d9-15933267ceee"><testcase classname="tests.test_statistics.TestStatisticsEndpoints" name="test_overview_endpoint_network_admin" time="0.593" /><testcase classname="tests.test_statistics.TestStatisticsEndpoints" name="test_overview_endpoint_regular_user_forbidden" time="0.363"><error message="failed on setup with &quot;AssertionError: Login failed: {&quot;detail&quot;:&quot;Invalid credentials&quot;}&#10;assert 401 == 200&#10; +  where 401 = &lt;Response [401]&gt;.status_code&quot;">tests/test_statistics.py:41: in regular_user_token
    assert response.status_code == 200, f"Login failed: {response.text}"
E   AssertionError: Login failed: {"detail":"Invalid credentials"}
E   assert 401 == 200
E    +  where 401 = &lt;Response [401]&gt;.status_code</error></testcase><testcase classname="tests.test_statistics.TestStatisticsEndpoints" name="test_monthly_endpoint_network_admin" time="0.119" /><testcase classname="tests.test_statistics.TestStatisticsEndpoints" name="test_monthly_endpoint_regular_user_forbidden" time="0.000"><error message="failed on setup with &quot;AssertionError: Login failed: {&quot;detail&quot;:&quot;Invalid credentials&quot;}&#10;assert 401 == 200&#10; +  where 401 = &lt;Response [401]&gt;.status_code&quot;">tests/test_statistics.py:41: in regular_user_token
    assert response.status_code == 200, f"Login failed: {response.text}"
E   AssertionError: Login failed: {"detail":"Invalid credentials"}
E   assert 401 == 200
E    +  where 401 = &lt;Response [401]&gt;.status_code</error></testcase><testcase classname="tests.test_statistics.TestStatisticsEndpoints" name="test_top_authors_endpoint_network_admin" time="0.110" /><testcase classname="tests.test_statistics.TestStatisticsEndpoints" name="test_top_authors_endpoint_regular_user_forbidden" time="0.000"><error message="failed on setup with &quot;AssertionError: Login failed: {&quot;detail&quot;:&quot;Invalid credentials&quot;}&#10;assert 401 == 200&#10; +  where 401 = &lt;Response [401]&gt;.status_code&quot;">tests/test_statistics.py:41: in regular_user_token
    assert response.status_code == 200, f"Login failed: {response.text}"
E   AssertionError: Login failed: {"detail":"Invalid credentials"}
E   assert 401 == 200
E    +  where 401 = &lt;Response [401]&gt;.status_code</error></testcase><testcase classname="tests.test_statistics.TestStatisticsEndpoints" name="test_per_site_monthly_endpoint_network_admin" time="0.154" /><testcase classname="tests.test_statistics.TestStatisticsEndpoints" name="test_per_site_monthly_endpoint_regular_user_forbidden" time="0.000"><error message="failed on setup with &quot;AssertionError: Login failed: {&quot;detail&quot;:&quot;Invalid credentials&quot;}&#10;assert 401 == 200&#10; +  where 401 = &lt;Response [401]&gt;.status_code&quot;">tests/test_statistics.py:41: in regular_user_token
    assert response.status_code == 200, f"Login failed: {response.text}"
E   AssertionError: Login failed: {"detail":"Invalid credentials"}
E   assert 401 == 200
E    +  where 401 = &lt;Response [401]&gt;.status_code</error></testcase><testcase classname="tests.test_statistics.TestStatisticsEndpoints" name="test_weekly_activity_endpoint_network_admin" time="0.112" /><testcase classname="tests.test_statistics.TestStatisticsEndpoints" name="test_weekly_activity_endpoint_regular_user_forbidden" time="0.000"><error message="failed on setup with &quot;AssertionError: Login failed: {&quot;detail&quot;:&quot;Invalid credentials&quot;}&#10;assert 401 == 200&#10; +  where 401 = &lt;Response [401]&gt;.status_code&quot;">tests/test_statistics.py:41: in regular_user_token
    assert response.status_code == 200, f"Login failed: {response.text}"
E   AssertionError: Login failed: {"detail":"Invalid credentials"}
E   assert 401 == 200
E    +  where 401 = &lt;Response [401]&gt;.status_code</error></testcase><testcase classname="tests.test_statistics.TestStatisticsEndpoints" name="test_invalid_main_site_returns_404" time="0.133" /></testsuite></testsuites>