<?xml version="1.0" encoding="utf-8"?><testsuites name="pytest tests"><testsuite name="pytest" errors="0" failures="0" skipped="3" tests="18" time="18.134" timestamp="2026-01-09T23:22:18.985064+00:00" hostname="agent-env-680b9612-5d9d-420b-95ae-e409aa2ba105"><testcase classname="tests.test_step4_2_3_print_websocket.TestAuthentication" name="test_login_success" time="0.293" /><testcase classname="tests.test_step4_2_3_print_websocket.TestPrintView" name="test_print_view_returns_html" time="0.563" /><testcase classname="tests.test_step4_2_3_print_websocket.TestPrintView" name="test_print_view_contains_show_title" time="0.045" /><testcase classname="tests.test_step4_2_3_print_websocket.TestPrintView" name="test_print_view_contains_date_time" time="0.046" /><testcase classname="tests.test_step4_2_3_print_websocket.TestPrintView" name="test_print_view_contains_status" time="0.046" /><testcase classname="tests.test_step4_2_3_print_websocket.TestPrintView" name="test_print_view_contains_rundown_table" time="0.039" /><testcase classname="tests.test_step4_2_3_print_websocket.TestPrintView" name="test_print_view_has_print_css" time="0.041" /><testcase classname="tests.test_step4_2_3_print_websocket.TestPrintView" name="test_print_view_requires_auth" time="0.037" /><testcase classname="tests.test_step4_2_3_print_websocket.TestPrintView" name="test_print_view_invalid_token" time="0.127" /><testcase classname="tests.test_step4_2_3_print_websocket.TestWebSocketEndpoint" name="test_websocket_endpoint_exists" time="0.505" /><testcase classname="tests.test_step4_2_3_print_websocket.TestRundownCRUDWithBroadcast" name="test_create_rundown_item" time="0.489" /><testcase classname="tests.test_step4_2_3_print_websocket.TestRundownCRUDWithBroadcast" name="test_update_rundown_item" time="0.039" /><testcase classname="tests.test_step4_2_3_print_websocket.TestRundownCRUDWithBroadcast" name="test_reorder_rundown_items" time="0.128" /><testcase classname="tests.test_step4_2_3_print_websocket.TestRundownCRUDWithBroadcast" name="test_delete_rundown_item" time="0.039" /><testcase classname="tests.test_step4_2_3_print_websocket.TestRundownCRUDWithBroadcast" name="test_cleanup_first_item" time="0.117" /><testcase classname="tests.test_step4_2_3_print_websocket.TestWebSocketAsync" name="test_websocket_connection" time="5.379"><skipped type="pytest.skip" message="WebSocket not available in preview environment (ingress doesn't support WSS)">/app/tests/test_step4_2_3_print_websocket.py:559: WebSocket not available in preview environment (ingress doesn't support WSS)</skipped></testcase><testcase classname="tests.test_step4_2_3_print_websocket.TestWebSocketAsync" name="test_websocket_rejects_invalid_token" time="5.008"><skipped type="pytest.skip" message="WebSocket not available in preview environment (ingress doesn't support WSS)">/app/tests/test_step4_2_3_print_websocket.py:584: WebSocket not available in preview environment (ingress doesn't support WSS)</skipped></testcase><testcase classname="tests.test_step4_2_3_print_websocket.TestWebSocketAsync" name="test_websocket_rejects_missing_token" time="5.104"><skipped type="pytest.skip" message="WebSocket not available in preview environment (ingress doesn't support WSS)">/app/tests/test_step4_2_3_print_websocket.py:606: WebSocket not available in preview environment (ingress doesn't support WSS)</skipped></testcase></testsuite></testsuites>