<?xml version="1.0" encoding="utf-8"?><testsuites name="pytest tests"><testsuite name="pytest" errors="0" failures="0" skipped="0" tests="14" time="1.625" timestamp="2026-01-09T23:01:55.898141+00:00" hostname="agent-env-680b9612-5d9d-420b-95ae-e409aa2ba105"><testcase classname="tests.test_step4_1a_recurrence.TestAuthAndBasicEndpoints" name="test_login_success" time="0.332" /><testcase classname="tests.test_step4_1a_recurrence.TestAuthAndBasicEndpoints" name="test_get_series_list" time="0.327" /><testcase classname="tests.test_step4_1a_recurrence.TestSeriesCreateWithNewFields" name="test_create_series_with_days_of_week" time="0.025" /><testcase classname="tests.test_step4_1a_recurrence.TestSeriesCreateWithNewFields" name="test_create_series_with_interval_2_weeks" time="0.018" /><testcase classname="tests.test_step4_1a_recurrence.TestSeriesCreateWithNewFields" name="test_create_series_with_end_date" time="0.054" /><testcase classname="tests.test_step4_1a_recurrence.TestSeriesCreateWithNewFields" name="test_create_series_one_off" time="0.011" /><testcase classname="tests.test_step4_1a_recurrence.TestGenerateOccurrencesWithNewFields" name="test_generate_occurrences_mon_thu" time="0.035" /><testcase classname="tests.test_step4_1a_recurrence.TestGenerateOccurrencesWithNewFields" name="test_generate_occurrences_interval_2_weeks" time="0.035" /><testcase classname="tests.test_step4_1a_recurrence.TestGenerateOccurrencesWithNewFields" name="test_generate_occurrences_with_end_date" time="0.037" /><testcase classname="tests.test_step4_1a_recurrence.TestGenerateOccurrencesWithNewFields" name="test_generate_occurrences_one_off" time="0.024" /><testcase classname="tests.test_step4_1a_recurrence.TestBackwardCompatibility" name="test_legacy_series_with_rrule" time="0.028" /><testcase classname="tests.test_step4_1a_recurrence.TestSeriesUpdateWithNewFields" name="test_update_series_days_of_week" time="0.025" /><testcase classname="tests.test_step4_1a_recurrence.TestSeriesUpdateWithNewFields" name="test_update_series_interval" time="0.066" /><testcase classname="tests.test_step4_1a_recurrence.TestCleanup" name="test_cleanup_test_series" time="0.400" /></testsuite></testsuites>