<?xml version="1.0" encoding="utf-8"?><testsuites name="pytest tests"><testsuite name="pytest" errors="0" failures="0" skipped="0" tests="17" time="9.401" timestamp="2026-03-08T01:18:17.388082+00:00" hostname="agent-env-2aa4b23e-71a4-42d3-bc5d-ece95a497fe9"><testcase classname="tests.test_system_alert_brussels_branding.TestSystemAlertEndpoints" name="test_get_system_alert_returns_defaults" time="0.828" /><testcase classname="tests.test_system_alert_brussels_branding.TestSystemAlertEndpoints" name="test_put_system_alert_saves_settings" time="0.273" /><testcase classname="tests.test_system_alert_brussels_branding.TestSystemAlertEndpoints" name="test_put_system_alert_realtime_mode" time="0.268" /><testcase classname="tests.test_system_alert_brussels_branding.TestSystemAlertEndpoints" name="test_put_system_alert_daily_mode" time="0.236" /><testcase classname="tests.test_system_alert_brussels_branding.TestSystemAlertEndpoints" name="test_restore_system_alert_original" time="0.129" /><testcase classname="tests.test_system_alert_brussels_branding.TestClaraGlobalProtectBranding" name="test_smtp_test_email_subject_branding" time="6.615" /><testcase classname="tests.test_system_alert_brussels_branding.TestClaraGlobalProtectBranding" name="test_build_notification_html_has_branding" time="0.286" /><testcase classname="tests.test_system_alert_brussels_branding.TestBrusselsTimezone" name="test_brussels_timezone_in_email_service" time="0.000" /><testcase classname="tests.test_system_alert_brussels_branding.TestBrusselsTimezone" name="test_daily_summary_uses_brussels_timezone" time="0.000" /><testcase classname="tests.test_system_alert_brussels_branding.TestApprovalNotificationEmails" name="test_approval_request_notification_function_exists" time="0.000" /><testcase classname="tests.test_system_alert_brussels_branding.TestApprovalNotificationEmails" name="test_approval_result_notification_function_exists" time="0.000" /><testcase classname="tests.test_system_alert_brussels_branding.TestApprovalNotificationEmails" name="test_build_approval_request_html_branding" time="0.000" /><testcase classname="tests.test_system_alert_brussels_branding.TestApprovalNotificationEmails" name="test_build_approval_result_html_branding" time="0.000" /><testcase classname="tests.test_system_alert_brussels_branding.TestTriggerNotificationWithSystemAlert" name="test_trigger_notification_endpoint_exists" time="0.300" /><testcase classname="tests.test_system_alert_brussels_branding.TestTriggerNotificationWithSystemAlert" name="test_notification_log_endpoint" time="0.138" /><testcase classname="tests.test_system_alert_brussels_branding.TestNotificationCategoriesAndSMTP" name="test_smtp_providers_endpoint" time="0.116" /><testcase classname="tests.test_system_alert_brussels_branding.TestNotificationCategoriesAndSMTP" name="test_notification_categories_endpoint" time="0.110" /></testsuite></testsuites>