<?xml version="1.0" encoding="utf-8"?><testsuites name="pytest tests"><testsuite name="pytest" errors="0" failures="1" skipped="0" tests="9" time="70.380" timestamp="2026-03-09T19:40:19.008623+00:00" hostname="agent-env-532d1bd0-ba3a-459b-afbb-18ad577169ee"><testcase classname="backend.tests.test_task_scheduler_site_type.TestTaskSchedulerSiteCreation" name="test_create_task_scheduler_site" time="7.052" /><testcase classname="backend.tests.test_task_scheduler_site_type.TestTaskSchedulerSiteCreation" name="test_create_task_scheduler_minimal" time="12.961" /><testcase classname="backend.tests.test_task_scheduler_site_type.TestTaskSchedulerSiteCreation" name="test_get_existing_task_scheduler_site" time="6.465" /><testcase classname="backend.tests.test_task_scheduler_site_type.TestTaskBoardsOnTaskSchedulerSite" name="test_list_boards_on_task_scheduler" time="0.150" /><testcase classname="backend.tests.test_task_scheduler_site_type.TestTaskBoardsOnTaskSchedulerSite" name="test_create_board_on_task_scheduler" time="0.393" /><testcase classname="backend.tests.test_task_scheduler_site_type.TestTaskBoardsOnTaskSchedulerSite" name="test_create_task_on_task_scheduler" time="0.542" /><testcase classname="backend.tests.test_task_scheduler_site_type.TestMainSitesListWithTaskScheduler" name="test_list_main_sites_includes_task_scheduler" time="0.128" /><testcase classname="backend.tests.test_task_scheduler_site_type.TestMainSitesListWithTaskScheduler" name="test_user_access_includes_task_scheduler" time="0.110" /><testcase classname="backend.tests.test_task_scheduler_site_type.TestSiteTypeValidation" name="test_valid_site_types" time="42.437"><failure message="AssertionError: Failed to create task_scheduler site: {&quot;detail&quot;:&quot;URL may only contain letters, numbers, and hyphens&quot;}&#10;assert 400 in [200, 201]&#10; +  where 400 = &lt;Response [400]&gt;.status_code">backend/tests/test_task_scheduler_site_type.py:238: in test_valid_site_types
    assert response.status_code in [200, 201], f"Failed to create {site_type} site: {response.text}"
E   AssertionError: Failed to create task_scheduler site: {"detail":"URL may only contain letters, numbers, and hyphens"}
E   assert 400 in [200, 201]
E    +  where 400 = &lt;Response [400]&gt;.status_code</failure></testcase></testsuite></testsuites>