<?xml version="1.0" encoding="utf-8"?><testsuites name="pytest tests"><testsuite name="pytest" errors="0" failures="0" skipped="0" tests="24" time="12.714" timestamp="2026-03-09T19:20:16.492204+00:00" hostname="agent-env-532d1bd0-ba3a-459b-afbb-18ad577169ee"><testcase classname="tests.test_task_boards.TestBoardsCRUD" name="test_list_boards" time="0.613" /><testcase classname="tests.test_task_boards.TestBoardsCRUD" name="test_create_board" time="0.483" /><testcase classname="tests.test_task_boards.TestBoardsCRUD" name="test_get_board" time="0.154" /><testcase classname="tests.test_task_boards.TestBoardsCRUD" name="test_get_nonexistent_board" time="0.150" /><testcase classname="tests.test_task_boards.TestBoardsCRUD" name="test_update_board" time="0.535" /><testcase classname="tests.test_task_boards.TestBoardsCRUD" name="test_delete_board" time="0.355" /><testcase classname="tests.test_task_boards.TestColumnsCRUD" name="test_list_columns" time="0.186" /><testcase classname="tests.test_task_boards.TestColumnsCRUD" name="test_create_column" time="0.240" /><testcase classname="tests.test_task_boards.TestColumnsCRUD" name="test_update_column" time="4.086" /><testcase classname="tests.test_task_boards.TestColumnsCRUD" name="test_delete_column" time="0.261" /><testcase classname="tests.test_task_boards.TestColumnsCRUD" name="test_reorder_columns" time="0.647" /><testcase classname="tests.test_task_boards.TestTasksCRUD" name="test_list_tasks" time="0.119" /><testcase classname="tests.test_task_boards.TestTasksCRUD" name="test_create_task" time="0.422" /><testcase classname="tests.test_task_boards.TestTasksCRUD" name="test_update_task" time="0.494" /><testcase classname="tests.test_task_boards.TestTasksCRUD" name="test_delete_task" time="0.402" /><testcase classname="tests.test_task_boards.TestTasksCRUD" name="test_move_task" time="0.633" /><testcase classname="tests.test_task_boards.TestComments" name="test_add_comment" time="0.512" /><testcase classname="tests.test_task_boards.TestComments" name="test_delete_comment" time="0.681" /><testcase classname="tests.test_task_boards.TestAttachments" name="test_upload_attachment" time="0.504" /><testcase classname="tests.test_task_boards.TestAttachments" name="test_delete_attachment" time="0.658" /><testcase classname="tests.test_task_boards.TestAuthorizationAndValidation" name="test_missing_auth_header" time="0.110" /><testcase classname="tests.test_task_boards.TestAuthorizationAndValidation" name="test_missing_main_site_header" time="0.123" /><testcase classname="tests.test_task_boards.TestAuthorizationAndValidation" name="test_create_board_without_name" time="0.124" /><testcase classname="tests.test_task_boards.TestAuthorizationAndValidation" name="test_create_task_without_column_id" time="0.123" /></testsuite></testsuites>