<?xml version="1.0" encoding="utf-8"?><testsuites name="pytest tests"><testsuite name="pytest" errors="0" failures="6" skipped="6" tests="17" time="2.040" timestamp="2026-03-01T23:52:40.519379+00:00" hostname="agent-env-dce4e80a-6fd6-4c8d-a9bc-91b7030a03b4"><testcase classname="backend.tests.test_tickets.TestTicketSystem" name="test_create_ticket_success" time="0.743"><failure message="AssertionError: Create ticket failed: {&quot;detail&quot;:&quot;Not authenticated&quot;}&#10;assert 403 == 200&#10; +  where 403 = &lt;Response [403]&gt;.status_code">backend/tests/test_tickets.py:86: in test_create_ticket_success
    assert response.status_code == 200, f"Create ticket failed: {response.text}"
E   AssertionError: Create ticket failed: {"detail":"Not authenticated"}
E   assert 403 == 200
E    +  where 403 = &lt;Response [403]&gt;.status_code</failure></testcase><testcase classname="backend.tests.test_tickets.TestTicketSystem" name="test_create_ticket_with_high_priority" time="0.166"><failure message="AssertionError: Create high priority ticket failed: {&quot;detail&quot;:&quot;Not authenticated&quot;}&#10;assert 403 == 200&#10; +  where 403 = &lt;Response [403]&gt;.status_code">backend/tests/test_tickets.py:123: in test_create_ticket_with_high_priority
    assert response.status_code == 200, f"Create high priority ticket failed: {response.text}"
E   AssertionError: Create high priority ticket failed: {"detail":"Not authenticated"}
E   assert 403 == 200
E    +  where 403 = &lt;Response [403]&gt;.status_code</failure></testcase><testcase classname="backend.tests.test_tickets.TestTicketSystem" name="test_create_ticket_missing_required_fields" time="0.161"><failure message="AssertionError: Expected 422, got 403&#10;assert 403 == 422&#10; +  where 403 = &lt;Response [403]&gt;.status_code">backend/tests/test_tickets.py:142: in test_create_ticket_missing_required_fields
    assert response.status_code == 422, f"Expected 422, got {response.status_code}"
E   AssertionError: Expected 422, got 403
E   assert 403 == 422
E    +  where 403 = &lt;Response [403]&gt;.status_code</failure></testcase><testcase classname="backend.tests.test_tickets.TestTicketSystem" name="test_list_tickets" time="0.198"><failure message="AssertionError: List tickets failed: {&quot;detail&quot;:&quot;Not authenticated&quot;}&#10;assert 403 == 200&#10; +  where 403 = &lt;Response [403]&gt;.status_code">backend/tests/test_tickets.py:155: in test_list_tickets
    assert response.status_code == 200, f"List tickets failed: {response.text}"
E   AssertionError: List tickets failed: {"detail":"Not authenticated"}
E   assert 403 == 200
E    +  where 403 = &lt;Response [403]&gt;.status_code</failure></testcase><testcase classname="backend.tests.test_tickets.TestTicketSystem" name="test_list_tickets_with_status_filter" time="0.170"><failure message="AssertionError: List tickets with filter failed: {&quot;detail&quot;:&quot;Not authenticated&quot;}&#10;assert 403 == 200&#10; +  where 403 = &lt;Response [403]&gt;.status_code">backend/tests/test_tickets.py:178: in test_list_tickets_with_status_filter
    assert response.status_code == 200, f"List tickets with filter failed: {response.text}"
E   AssertionError: List tickets with filter failed: {"detail":"Not authenticated"}
E   assert 403 == 200
E    +  where 403 = &lt;Response [403]&gt;.status_code</failure></testcase><testcase classname="backend.tests.test_tickets.TestTicketSystem" name="test_get_ticket_details" time="0.000"><skipped type="pytest.skip" message="No ticket created to test">/app/backend/tests/test_tickets.py:193: No ticket created to test</skipped></testcase><testcase classname="backend.tests.test_tickets.TestTicketSystem" name="test_get_ticket_not_found" time="0.061" /><testcase classname="backend.tests.test_tickets.TestTicketSystem" name="test_add_message_to_ticket" time="0.000"><skipped type="pytest.skip" message="No ticket created to test">/app/backend/tests/test_tickets.py:230: No ticket created to test</skipped></testcase><testcase classname="backend.tests.test_tickets.TestTicketSystem" name="test_add_message_to_nonexistent_ticket" time="0.065" /><testcase classname="backend.tests.test_tickets.TestTicketSystem" name="test_update_ticket_status_to_in_progress" time="0.000"><skipped type="pytest.skip" message="No ticket created to test">/app/backend/tests/test_tickets.py:281: No ticket created to test</skipped></testcase><testcase classname="backend.tests.test_tickets.TestTicketSystem" name="test_update_ticket_status_to_resolved" time="0.000"><skipped type="pytest.skip" message="No ticket created to test">/app/backend/tests/test_tickets.py:307: No ticket created to test</skipped></testcase><testcase classname="backend.tests.test_tickets.TestTicketSystem" name="test_update_ticket_invalid_status" time="0.000"><skipped type="pytest.skip" message="No ticket created to test">/app/backend/tests/test_tickets.py:324: No ticket created to test</skipped></testcase><testcase classname="backend.tests.test_tickets.TestTicketSystem" name="test_update_status_nonexistent_ticket" time="0.051" /><testcase classname="backend.tests.test_tickets.TestTicketSystem" name="test_get_notifications" time="0.059" /><testcase classname="backend.tests.test_tickets.TestTicketSystem" name="test_mark_notifications_read" time="0.058" /><testcase classname="backend.tests.test_tickets.TestTicketSystem" name="test_list_tickets_sorted_by_date" time="0.167"><failure message="assert 403 == 200&#10; +  where 403 = &lt;Response [403]&gt;.status_code">backend/tests/test_tickets.py:389: in test_list_tickets_sorted_by_date
    assert response.status_code == 200
E   assert 403 == 200
E    +  where 403 = &lt;Response [403]&gt;.status_code</failure></testcase><testcase classname="backend.tests.test_tickets.TestTicketSystem" name="test_update_test_ticket_to_closed" time="0.000"><skipped type="pytest.skip" message="No ticket to clean up">/app/backend/tests/test_tickets.py:407: No ticket to clean up</skipped></testcase></testsuite></testsuites>