<?xml version="1.0" encoding="utf-8"?><testsuites name="pytest tests"><testsuite name="pytest" errors="0" failures="0" skipped="0" tests="31" time="9.184" timestamp="2026-03-25T22:56:24.294358+00:00" hostname="agent-env-ae99300c-c6ad-4061-aef6-c893e8ffce7d"><testcase classname="backend.tests.test_wp_security.TestWpSecurityConfig" name="test_get_config_requires_auth" time="0.295" /><testcase classname="backend.tests.test_wp_security.TestWpSecurityConfig" name="test_get_config_requires_main_site_id" time="0.585" /><testcase classname="backend.tests.test_wp_security.TestWpSecurityConfig" name="test_get_config_success" time="0.151" /><testcase classname="backend.tests.test_wp_security.TestWpSecurityConfig" name="test_put_config_saves_wordpress_url" time="0.260" /><testcase classname="backend.tests.test_wp_security.TestWpSecurityConfig" name="test_put_config_requires_wordpress_url" time="0.105" /><testcase classname="backend.tests.test_wp_security.TestWpSecurityConfig" name="test_put_config_strips_trailing_slash" time="0.234" /><testcase classname="backend.tests.test_wp_security.TestWpSecurityCloudflareConfig" name="test_put_cloudflare_config_requires_auth" time="0.106" /><testcase classname="backend.tests.test_wp_security.TestWpSecurityCloudflareConfig" name="test_put_cloudflare_config_saves_credentials" time="0.222" /><testcase classname="backend.tests.test_wp_security.TestWpSecurityCloudflareConfig" name="test_put_cloudflare_config_requires_credentials" time="0.146" /><testcase classname="backend.tests.test_wp_security.TestWpSecurityCloudflareConfig" name="test_cloudflare_test_requires_auth" time="0.108" /><testcase classname="backend.tests.test_wp_security.TestWpSecurityCloudflareConfig" name="test_cloudflare_test_returns_error_with_steps_when_not_configured" time="0.324" /><testcase classname="backend.tests.test_wp_security.TestWpSecurityWafRules" name="test_put_waf_rules_requires_auth" time="0.106" /><testcase classname="backend.tests.test_wp_security.TestWpSecurityWafRules" name="test_put_waf_rules_saves_rules" time="0.384" /><testcase classname="backend.tests.test_wp_security.TestWpSecurityWafRules" name="test_put_waf_rules_returns_cloudflare_sync_result" time="0.211" /><testcase classname="backend.tests.test_wp_security.TestWpSecurityBlocklist" name="test_post_blocklist_requires_auth" time="0.104" /><testcase classname="backend.tests.test_wp_security.TestWpSecurityBlocklist" name="test_post_blocklist_adds_ip" time="0.301" /><testcase classname="backend.tests.test_wp_security.TestWpSecurityBlocklist" name="test_post_blocklist_returns_cloudflare_sync" time="0.371" /><testcase classname="backend.tests.test_wp_security.TestWpSecurityBlocklist" name="test_post_blocklist_requires_ip" time="0.124" /><testcase classname="backend.tests.test_wp_security.TestWpSecurityBlocklist" name="test_delete_blocklist_removes_ip" time="0.540" /><testcase classname="backend.tests.test_wp_security.TestWpSecurityLoginProtection" name="test_put_login_protection_requires_auth" time="0.126" /><testcase classname="backend.tests.test_wp_security.TestWpSecurityLoginProtection" name="test_put_login_protection_saves_settings" time="0.406" /><testcase classname="backend.tests.test_wp_security.TestWpSecurityTestConnection" name="test_test_connection_requires_auth" time="0.125" /><testcase classname="backend.tests.test_wp_security.TestWpSecurityTestConnection" name="test_test_connection_returns_structured_response" time="0.403" /><testcase classname="backend.tests.test_wp_security.TestWpSecurityTestConnection" name="test_test_connection_with_real_wordpress_site" time="0.335" /><testcase classname="backend.tests.test_wp_security.TestWpSecurityTestConnection" name="test_test_connection_error_includes_steps" time="0.341" /><testcase classname="backend.tests.test_wp_security.TestWpSecurityWordfence" name="test_wordfence_status_requires_auth" time="0.103" /><testcase classname="backend.tests.test_wp_security.TestWpSecurityWordfence" name="test_wordfence_status_returns_structured_response" time="1.005" /><testcase classname="backend.tests.test_wp_security.TestWpSecurityWordfence" name="test_wordfence_status_vulnerability_scan_structure" time="0.842" /><testcase classname="backend.tests.test_wp_security.TestWpSecurityWordfence" name="test_wordfence_status_error_when_no_url" time="0.133" /><testcase classname="backend.tests.test_wp_security.TestWpSecurityCleanup" name="test_cleanup_restore_valid_url" time="0.130" /><testcase classname="backend.tests.test_wp_security.TestWpSecurityCleanup" name="test_cleanup_remove_test_ips" time="0.436" /></testsuite></testsuites>