<?xml version="1.0" encoding="utf-8"?><testsuites name="pytest tests"><testsuite name="pytest" errors="0" failures="0" skipped="0" tests="17" time="9.125" timestamp="2026-03-13T23:38:45.928520+00:00" hostname="agent-env-f099f3c9-c283-4dea-9267-9f189d540e7b"><testcase classname="backend.tests.test_zerotier_category_ip.TestMemberCategoryEndpoint" name="test_set_category_requires_auth" time="0.698" /><testcase classname="backend.tests.test_zerotier_category_ip.TestMemberCategoryEndpoint" name="test_set_category_to_server" time="0.504" /><testcase classname="backend.tests.test_zerotier_category_ip.TestMemberCategoryEndpoint" name="test_set_category_to_client" time="0.518" /><testcase classname="backend.tests.test_zerotier_category_ip.TestMemberCategoryEndpoint" name="test_set_category_invalid_value_rejected" time="0.479" /><testcase classname="backend.tests.test_zerotier_category_ip.TestMemberCategoryEndpoint" name="test_set_category_empty_value_rejected" time="0.467" /><testcase classname="backend.tests.test_zerotier_category_ip.TestMemberIpEndpoint" name="test_update_ip_requires_auth" time="0.516" /><testcase classname="backend.tests.test_zerotier_category_ip.TestMemberIpEndpoint" name="test_update_ip_returns_400_when_zt_not_configured" time="0.464" /><testcase classname="backend.tests.test_zerotier_category_ip.TestMemberIpEndpoint" name="test_update_ip_route_exists" time="0.494" /><testcase classname="backend.tests.test_zerotier_category_ip.TestMemberIpEndpoint" name="test_update_ip_validates_payload" time="0.465" /><testcase classname="backend.tests.test_zerotier_category_ip.TestMembersListIncludesCategory" name="test_members_endpoint_returns_400_when_not_configured" time="0.479" /><testcase classname="backend.tests.test_zerotier_category_ip.TestMembersListIncludesCategory" name="test_category_field_in_response_schema_verified_by_code_review" time="0.370" /><testcase classname="backend.tests.test_zerotier_category_ip.TestRegressionExistingFeatures" name="test_delete_member_route_exists" time="0.575" /><testcase classname="backend.tests.test_zerotier_category_ip.TestRegressionExistingFeatures" name="test_alert_toggle_still_works" time="0.570" /><testcase classname="backend.tests.test_zerotier_category_ip.TestRegressionExistingFeatures" name="test_rename_member_route_exists" time="0.580" /><testcase classname="backend.tests.test_zerotier_category_ip.TestRegressionExistingFeatures" name="test_authorize_member_route_exists" time="0.592" /><testcase classname="backend.tests.test_zerotier_category_ip.TestRegressionExistingFeatures" name="test_deauthorize_member_route_exists" time="0.674" /><testcase classname="backend.tests.test_zerotier_category_ip.TestRegressionExistingFeatures" name="test_send_summary_still_works" time="0.578" /></testsuite></testsuites>