<?xml version="1.0" encoding="utf-8"?><testsuites name="pytest tests"><testsuite name="pytest" errors="0" failures="0" skipped="0" tests="13" time="19.746" timestamp="2026-03-13T22:43:06.725275+00:00" hostname="agent-env-4fae537d-8aad-4f91-afc7-f58c888ac15a"><testcase classname="backend.tests.test_zerotier_alert_settings.TestZeroTierAlertSettingsAuthentication" name="test_get_all_alerts_requires_auth" time="0.277" /><testcase classname="backend.tests.test_zerotier_alert_settings.TestZeroTierAlertSettingsAuthentication" name="test_get_single_alert_requires_auth" time="0.182" /><testcase classname="backend.tests.test_zerotier_alert_settings.TestZeroTierAlertSettingsAuthentication" name="test_put_alert_requires_auth" time="0.131" /><testcase classname="backend.tests.test_zerotier_alert_settings.TestZeroTierAlertSettingsSiteAccess" name="test_alert_endpoints_check_site_access_forbidden" time="7.381" /><testcase classname="backend.tests.test_zerotier_alert_settings.TestZeroTierAlertSettingsCRUD" name="test_get_all_alerts_initially_empty_or_returns_list" time="6.571" /><testcase classname="backend.tests.test_zerotier_alert_settings.TestZeroTierAlertSettingsCRUD" name="test_get_single_alert_nonexistent_returns_default" time="0.658" /><testcase classname="backend.tests.test_zerotier_alert_settings.TestZeroTierAlertSettingsCRUD" name="test_create_alert_with_enabled_true" time="0.833" /><testcase classname="backend.tests.test_zerotier_alert_settings.TestZeroTierAlertSettingsCRUD" name="test_update_alert_disable" time="0.884" /><testcase classname="backend.tests.test_zerotier_alert_settings.TestZeroTierAlertSettingsCRUD" name="test_update_alert_recipients" time="0.837" /><testcase classname="backend.tests.test_zerotier_alert_settings.TestZeroTierAlertSettingsCRUD" name="test_get_all_alerts_includes_created_alert" time="0.738" /><testcase classname="backend.tests.test_zerotier_alert_settings.TestZeroTierAlertSettingsDataValidation" name="test_empty_recipients_allowed" time="0.463" /><testcase classname="backend.tests.test_zerotier_alert_settings.TestZeroTierAlertSettingsDataValidation" name="test_alert_stores_updated_by" time="0.700" /><testcase classname="backend.tests.test_zerotier_alert_settings.TestZeroTierAlertSchedulerRunning" name="test_scheduler_started_message_in_logs" time="0.000" /></testsuite></testsuites>