<?xml version="1.0" encoding="utf-8"?><testsuites name="pytest tests"><testsuite name="pytest" errors="0" failures="0" skipped="0" tests="12" time="7.573" timestamp="2026-03-07T12:24:16.058835+00:00" hostname="agent-env-e378adc9-95e3-4b9a-8715-64cf3c473230"><testcase classname="backend.tests.test_zerotier_integration.TestZeroTierIntegration" name="test_get_main_sites_returns_site_type" time="0.616" /><testcase classname="backend.tests.test_zerotier_integration.TestZeroTierIntegration" name="test_zt_monitor_site_exists_and_is_technical" time="0.590" /><testcase classname="backend.tests.test_zerotier_integration.TestZeroTierIntegration" name="test_create_technical_site_type" time="0.656" /><testcase classname="backend.tests.test_zerotier_integration.TestZeroTierIntegration" name="test_features_endpoint_includes_zerotier" time="0.551" /><testcase classname="backend.tests.test_zerotier_integration.TestZeroTierIntegration" name="test_zerotier_config_get_unconfigured" time="0.579" /><testcase classname="backend.tests.test_zerotier_integration.TestZeroTierIntegration" name="test_zerotier_config_update" time="0.655" /><testcase classname="backend.tests.test_zerotier_integration.TestZeroTierIntegration" name="test_zerotier_config_partial_update" time="0.686" /><testcase classname="backend.tests.test_zerotier_integration.TestZeroTierIntegration" name="test_zerotier_config_unauthorized" time="0.561" /><testcase classname="backend.tests.test_zerotier_integration.TestZeroTierIntegration" name="test_zerotier_members_unconfigured" time="0.684" /><testcase classname="backend.tests.test_zerotier_integration.TestZeroTierIntegration" name="test_zerotier_members_with_invalid_token" time="0.820" /><testcase classname="backend.tests.test_zerotier_integration.TestZeroTierIntegration" name="test_zerotier_network_unconfigured" time="0.667" /><testcase classname="backend.tests.test_zerotier_integration.TestTechnicalSiteNavigation" name="test_technical_site_enabled_features" time="0.434" /></testsuite></testsuites>