<?xml version="1.0" encoding="utf-8"?><testsuites name="pytest tests"><testsuite name="pytest" errors="0" failures="0" skipped="0" tests="14" time="4.978" timestamp="2026-03-20T22:48:21.135755+00:00" hostname="agent-env-8b26ccec-f408-449f-bb62-84b46d913cbc"><testcase classname="backend.tests.test_zerotier_offline_timer.TestBackendHealth" name="test_health_endpoint" time="0.275" /><testcase classname="backend.tests.test_zerotier_offline_timer.TestBackendHealth" name="test_login_works" time="0.490" /><testcase classname="backend.tests.test_zerotier_offline_timer.TestZeroTierConfigEndpoint" name="test_get_zerotier_config" time="0.542" /><testcase classname="backend.tests.test_zerotier_offline_timer.TestZeroTierMembersEndpoint" name="test_get_zerotier_members" time="0.458" /><testcase classname="backend.tests.test_zerotier_offline_timer.TestZeroTierAlertSettingsEndpoint" name="test_get_alert_settings" time="0.503" /><testcase classname="backend.tests.test_zerotier_offline_timer.TestZeroTierAlertHistoryEndpoint" name="test_get_alert_history" time="0.482" /><testcase classname="backend.tests.test_zerotier_offline_timer.TestZeroTierAlertCRUD" name="test_create_alert_with_recipients" time="0.704" /><testcase classname="backend.tests.test_zerotier_offline_timer.TestZeroTierAlertCRUD" name="test_update_alert_recipients" time="0.902" /><testcase classname="backend.tests.test_zerotier_offline_timer.TestOfflineTimerLogicCodeReview" name="test_offline_alert_delay_constant" time="0.000" /><testcase classname="backend.tests.test_zerotier_offline_timer.TestOfflineTimerLogicCodeReview" name="test_offline_since_field_logic" time="0.000" /><testcase classname="backend.tests.test_zerotier_offline_timer.TestOfflineTimerLogicCodeReview" name="test_alert_sent_after_5_minutes" time="0.000" /><testcase classname="backend.tests.test_zerotier_offline_timer.TestOfflineTimerLogicCodeReview" name="test_recovery_notification_logic" time="0.000" /><testcase classname="backend.tests.test_zerotier_offline_timer.TestOfflineTimerLogicCodeReview" name="test_scheduler_interval_60_seconds" time="0.000" /><testcase classname="backend.tests.test_zerotier_offline_timer.TestZeroTierNetworkEndpoint" name="test_get_network_info" time="0.500" /></testsuite></testsuites>